Watch is ON 
Collapsing trees with TBR 
Time reset 
Tree file: tmp.tre 
tsave 0.00 secs. 
Record search status: every 1 rep(s). 


        ------------------------------------------------------------
        Search routine used:
           finding optimal score 20 times independently, using defaults
           of "xmult" plus 10 cycles of tree-drifting (Goloboff
           1999).
           Note: for consensus calculation, trees TBR-collapsed.
           ALSO NOTE: THIS IS AN OVERKILL FOR MOST DATA SETS!
        ------------------------------------------------------------ 
Space for 1000 trees in memory 
Repl. Algor.     Tree        Score       Best Score   Time       Rearrangs.
0     FUSE       5           1428        1428         0:00:01    1,562,087     
1     FUSE       5           1428        1428         0:00:01    3,151,687     
2     FUSE       5           1428        1428         0:00:01    4,721,959     
3     FUSE       5           1428        1428         0:00:01    6,311,136     
4     FUSE       5           1428        1428         0:00:01    7,859,896     
5     FUSE       5           1428        1428         0:00:01    9,391,040     
6     FUSE       5           1428        1428         0:00:01    10,931,334    
7     FUSE       5           1428        1428         0:00:01    12,545,291    
8     FUSE       5           1428        1428         0:00:01    14,140,461    
9     FUSE       5           1428        1428         0:00:01    15,751,979    
10    FUSE       5           1428        1428         0:00:02    17,232,061    
11    FUSE       5           1428        1428         0:00:02    18,897,142    
12    FUSE       5           1428        1428         0:00:02    20,437,575    
13    FUSE       5           1428        1428         0:00:02    22,053,045    
14    FUSE       5           1428        1428         0:00:02    23,534,117    
15    FUSE       5           1428        1428         0:00:02    25,152,037    
16    FUSE       5           1428        1428         0:00:02    26,764,221    
17    FUSE       5           1428        1428         0:00:02    28,268,411    
18    FUSE       5           1428        1428         0:00:02    29,859,989    
19    FUSE       5           1428        1428         0:00:02    31,513,350    
19    FUSE       5           ------      1428         0:00:02    31,513,350    
Completed search.
Total rearrangements examined: 31,513,350. 
No target score defined.  Best score hit 20 times.
Best score: 1428.  11 trees retained. 
xmult 2.00 secs. 
11 trees saved to tmp.tre           
save 0.00 secs. 
 
Note: for consensus calculation, trees will be 
temporarily collapsed (with TBR) 
Strict consensus of 11 trees (0 taxa excluded) calculated, as tree 11 
nelsen 0.00 secs. 


    ------------------------------------------------------------
    Synapomorphies of 11 trees plotted on the strict
    consensus.  Only unambiguous synapomorphies, occuring in
    every tree, are indicated. This makes results much more
    conservative!
    ------------------------------------------------------------ 
Collapsing branches with no possible support ("rule 3") 
 
Synapomorphies common to 11 trees 
   ,-- 'Cricetulus_griseus'
   |                                                     ,--5,18,63,114,190,259,267,300,303,304,329,358,365,369,377,384,443 'Rattus_norvegicus'
   |  ,--10,12,25,191,218,252,283,360,394,405,407,420,466---26,31,52,60,71,81,101,108,117,134,145,217,255,260,277,278,299,301,343,361,362,378,459,473 'Mus_musculus'
|--|  |                                                                            ,--12,16,23,29,31,46,54,71,82,89,114,131,169,173,191,197,220,263,292,298,299,301,304,317,320,329,347,365,372,423,432,467,469,474,476 'Jaculus_jaculus'
   |  |                                                                            |                             ,--13,17,21,82,98,104,170,171,174,215,266,284,348,396,420,443 'Ictidomys_tridecemlineatus'
   `--|                                                                            |                             |                                ,--6,12,16,18,22,25,27,31,35,43,46,52,61,71,72,91,98,103,112,157,169,191,193,234,237,240,260,285,299,304,346,349,381,396,425,426,427,428,429,430,431,466,469 'Heterocephalus_glaber'
      |                                                                            |                             |--34,108,109,114,303,343,472,476|                                       ,--9,14,27,102,103,145,169,173,235,240,279,280,281,290,322,338,374,381,387,391,424,432,433 'Octodon_degus'
      `--7,33,39,77,103,110,168,217,236,237,239,240,267,269,277,338,382,384,393,477|                             |                                `--53,92,135,170,229,247,278,345,358,422|               ,--27,43,72,92,131,172,220,237,238,282,318,338,350,395,424,433,447,466 'Chinchilla_lanigera'
                                                                                   |                             |                                                                        `--57,77,343,369---13,23,24,29,30,31,32,33,71,102,103,105,106,111,145,147,148,150,152,154,155,168,169,173,191,193,204,214,230,239,247,262,267,277,288,298,299,328,353,374,382,387,396,403,404,405,422,423,425,449,456,459,468,469,474,476 'Cavia_porcellus'
                                                                                   |                             |             ,--9,20,26,34,91,103,112,144,192,220,343,344,347,349,382,396,407,424,459,462,468 'Pteropus_alecto'
                                                                                   |                             |             |--26,49,81,88,98,106,171,229,269,299,345,350,360,363,405,422,457,469 'Ceratotherium_simum_simum'
                                                                                   `--318,349,424,433,436,462,466|             |  ,--0,1,2,3,13,19,25,49,82,107,118,174,175,176,177,178,179,180,181,182,183,184,185,186,187,188,189,263,266,322,349,350,362,365,395,444 'Tupaia_chinensis'
                                                                                                                 |             |-----9,46,54,72,79,103,106,132,148,152,167,282,317,320,338,343,345,346,380,423,433,466,468 'Oryctolagus_cuniculus'
                                                                                                                 |             |                     ,--20,63,89,103,132,134,152,203,205,270,302,303,319,329,343,346,349,382,387,424,468,470,476 'Trichechus_manatus_latirostris
                                                                                                                 |             |--26,27,31,34,169,365---4,8,35,57,104,141,145,147,155,171,195,196,233,260,282,288,298,332,353,374,391,422,433,449,459 'Orcinus_orca'
                                                                                                                 |             |                    ,--7,15,28,29,32,39,46,54,63,77,98,102,108,118,131,133,144,145,147,152,195,263,265,270,296,302,329,345,350,354,361,362,380,381,395,424,462,466,477 'Condylura_cristata'
                                                                                                                 |             |--30,135,318,365,449---6,14,17,18,34,35,73,88,89,93,100,105,106,114,117,155,169,191,192,194,215,217,226,232,260,261,267,275,278,292,333,337,343,349,358,373,407,410,412,423,470,476 'Dasypus_novemcinctus'
                                                                                                                 |             |     ,--8,12,73,76,90,98,107,155,158,159,160,161,162,163,164,165,166,190,214,215,263,275,276,278,319,349,354,360,407,462,468,477 'Sus_scrofa'
                                                                                                                 `--142,147,193+--318|                                                       ,--4,5,6,7,8,9,10,11,14,46,89,142,150,194,214,215,217,218,237,260,267,274,288,303,343,347,348,365,367,368,369,382,444,449 'Bos_taurus'
                                                                                                                               |     `--25,27,100,108,114,117,147,350,374,395,422,459,469,473---35,66,96,157,209,220,259,346 'Ovis_aries'
                                                                                                                               |                 ,--6,9,15,114,135,150,192,193,261,286,293,374,378,380,393,424,459 'Felis_catus'
                                                                                                                               |--108,112,466,472|                                ,--30,37,72,73,87,88,118,133,167,190,232,252,277,321,325,346,349,361,449,459,466,468,469 'Mustela_putorius_furo'
                                                                                                                               |                 `--54,149,155,170,173,288,301,354|                 ,--18,19,20,21,22,30,94,97,146,167,168,172,197,202,260,284,365,459 'Odobenus_rosmarus_divergens'
                                                                                                                               |                                                  `--192,193,194,462---9,14,95,102,108,125,190,240,252,287,346,380,420,423,465,475 'Ailuropoda_melanoleuca'
                                                                                                                               |       ,--7,24,26,30,34,46,49,57,72,91,147,148,154,167,170,173,191,229,231,238,263,266,282,303,346,360,362,365,367,390,468,471,476,477 'Otolemur_garnettii'
                                                                                                                               |       |                                                                                                           ,--106,168,276,282,284,303,338,407 'Saimiri_boliviensis_boliviensi
                                                                                                                               `--31,95|                                                              ,--9,17,27,98,103,192,205,215,240,262,263,365---6,24,47,53,71,152,268,288,290,339,387,420,475,477 'Callithrix_jacchus'
                                                                                                                                       |                                                              |                                               ,--147,340,341,342,472 'Papio_anubis'
                                                                                                                                       `--6,47,55,63,71,82,106,107,114,133,157,193,293,319,343,433,469|                 ,--10,35,45,52,201,382,465,469---154,338,369 'Macaca_mulatta'
                                                                                                                                                                                                      |                 |                        ,--4,5,6,7,8,9,10,11,12,13,14,15,16,17,19,20,21,22,23,24,27,29,30,31,34,157,270,424 'Nomascus_leucogenys'
                                                                                                                                                                                                      `--195,284,337,345|                        |                 ,--98 'Homo_sapiens'
                                                                                                                                                                                                                        `--95,146,260,378,407,459|                 |--20,276,471 'Gorilla_gorilla_gorilla'
                                                                                                                                                                                                                                                 `--195,252,298,423|     ,-- 'Pan_paniscus'
                                                                                                                                                                                                                                                                   `--240---7,8 'Pan_troglodytes'
apo 0.00 secs. 
Collapsing trees with TBR 
Selecting tree(s) 11,  
1 trees selected 
Closing tmp.tre (with 11 trees saved)
tsave 0.00 secs. 


    ------------------------------------------------------------
    Group supports are calculated by TBR-swapping the trees
    found, keeping note of the number of steps needed to
    loose each group.  The labels on branches show absolute
    and relative bremer supports (Goloboff & Farris 2001).
    Groups indicated with a question mark (?) are those
    for which the absolute bremer supports appear to be
    10 or more...
    ------------------------------------------------------------ 
Suboptimal 10.000 x 0.000 
Reading from tmp.tre 
'tree(s) from TNT, for data in ../results/protein/tnt_input/222537757.tnt'
11 trees read (trees 1-11) 
tread 0.00 secs. 
Again reading from myscript.run 
 
WARNING: 
Non-binary starting trees will be dichotomized (randomly) 
 
Copied legends: "Bremer supports (from 10591 trees, cut 0)" 
bsupport 0.00 secs. 
Suboptimal 10.000 x 0.900 
 
WARNING: 
Non-binary starting trees will be dichotomized (randomly) 
 
Note: TBR-swapping used to approximate supports 
Copied legends: "Relative bremer supports (from 8606 trees, cut 0)" 
bsupport 0.00 secs. 
 
Bremer supports (from 10591 trees, cut 0)/Relative bremer supports (from 8606 trees, cut 0) 
    ,--/ 'Cricetulus_griseus'
    |                     ,--/ 'Rattus_norvegicus'
    |          ,--10?/100?---/ 'Mus_musculus'
|--/|          |          ,--/ 'Jaculus_jaculus'
    |          |          |      ,--/ 'Ictidomys_tridecemlineatus'
    `--10?/100?|          |      |      ,--/ 'Heterocephalus_glaber'
               |          |      |--7/38|      ,--/ 'Octodon_degus'
               `--10?/100?|      |      `--6/43|      ,--/ 'Chinchilla_lanigera'
                          |      |             `--1/20---/ 'Cavia_porcellus'
                          |      |      ,--/ 'Pteropus_alecto'
                          |      |      |--/ 'Ceratotherium_simum_simum'
                          `--3/27|      |      ,--/ 'Tupaia_chinensis'
                                 |      |--1/25---/ 'Oryctolagus_cuniculus'
                                 |      |      ,--/ 'Trichechus_manatus_latirostris
                                 |      |--3/18---/ 'Orcinus_orca'
                                 |      |      ,--/ 'Condylura_cristata'
                                 |      |--2/22---/ 'Dasypus_novemcinctus'
                                 |      |      ,--/ 'Sus_scrofa'
                                 `--4/29+--1/11|      ,--/ 'Bos_taurus'
                                        |      `--5/18---/ 'Ovis_aries'
                                        |      ,--/ 'Felis_catus'
                                        |--4/33|      ,--/ 'Mustela_putorius_furo'
                                        |      `--6/41|      ,--/ 'Odobenus_rosmarus_divergens'
                                        |             `--1/25---/ 'Ailuropoda_melanoleuca'
                                        |      ,--/ 'Otolemur_garnettii'
                                        |      |                     ,--/ 'Saimiri_boliviensis_boliviensi
                                        `--3/27|          ,--10?/100?---/ 'Callithrix_jacchus'
                                               |          |             ,--/ 'Papio_anubis'
                                               `--10?/100?|      ,--8/82---/ 'Macaca_mulatta'
                                                          |      |      ,--/ 'Nomascus_leucogenys'
                                                          `--2/50|      |      ,--/ 'Homo_sapiens'
                                                                 `--5/67|      |--/ 'Gorilla_gorilla_gorilla'
                                                                        `--4/83|      ,--/ 'Pan_paniscus'
                                                                               `--1/71---/ 'Pan_troglodytes'
Suboptimal 0.000 x 0.900 
1 trees in memory 
 
WARNING: 
Existing tree-tags will be erased 
 


      ------------------------------------------------------------
      Resampling is done with 100 replications of symmetric
      resampling (see Goloboff et al. 2003), analyzing each data
      set with a single random addition sequence plus TBR
      (collapsing the resulting tree with TBR, see Goloboff &
      Farris, 2001).  The labels on branches show frequency and
      frequency differences (see Goloboff et al. 2003).
      ------------------------------------------------------------ 
Collapsing trees with TBR 
Copied legends: "Group freqs., 100 replicates, cut=50 (tree 0) - Symmetric Resampling (P=33)" 
Copied legends: "GC values, 100 replicates, cut=0 (tree 1) - Symmetric Resampling (P=33)" 
 
1.00 secs. to complete resampling 
1 trees in memory 
 
Group freqs., 100 replicates, cut=50 (tree 0) - Symmetric Resampling (P=33)/GC values, 100 replicates, cut=0 (tree 1) - Symmetric Resampling (P=33) 
    ,--/ 'Cricetulus_griseus'
    |                   ,--/ 'Rattus_norvegicus'
    |         ,--100/100---/ 'Mus_musculus'
|--/|         |         ,--/ 'Jaculus_jaculus'
    |         |         |       ,--/ 'Ictidomys_tridecemlineatus'
    `--100/100|         |       |       ,--/ 'Heterocephalus_glaber'
              |         |       |--91/89|       ,--/ 'Octodon_degus'
              `--100/100|       |       `--92/87|        ,--/ 'Chinchilla_lanigera'
                        |       |               `--32/[7]---/ 'Cavia_porcellus'
                        |       |       ,--/ 'Pteropus_alecto'
                        |       |       |--/ 'Ceratotherium_simum_simum'
                        `--91/84|       |       ,--/ 'Tupaia_chinensis'
                                |       |--43/38---/ 'Oryctolagus_cuniculus'
                                |       |       ,--/ 'Trichechus_manatus_latirostris
                                |       |--52/19---/ 'Orcinus_orca'
                                |       |      ,--/ 'Condylura_cristata'
                                |       |--22/3---/ 'Dasypus_novemcinctus'
                                |       |       ,--/ 'Sus_scrofa'
                                `--51/44+--38/12|       ,--/ 'Bos_taurus'
                                        |       `--79/60---/ 'Ovis_aries'
                                        |       ,--/ 'Felis_catus'
                                        |--83/79|       ,--/ 'Mustela_putorius_furo'
                                        |       `--97/95|       ,--/ 'Odobenus_rosmarus_divergens'
                                        |               `--66/45---/ 'Ailuropoda_melanoleuca'
                                        |       ,--/ 'Otolemur_garnettii'
                                        |       |                   ,--/ 'Saimiri_boliviensis_boliviensi
                                        `--49/30|         ,--100/100---/ 'Callithrix_jacchus'
                                                |         |                 ,--/ 'Papio_anubis'
                                                `--100/100|       ,--100/100---/ 'Macaca_mulatta'
                                                          |       |       ,--/ 'Nomascus_leucogenys'
                                                          `--77/70|       |       ,--/ 'Homo_sapiens'
                                                                  `--96/95|       |--/ 'Gorilla_gorilla_gorilla'
                                                                          `--98/98|       ,--/ 'Pan_paniscus'
                                                                                  `--70/70---/ 'Pan_troglodytes'
 
WARNING: 
File "myscript.tre" already exists.  It will be overwritten. 
 
Saved trees (Nexus format) to file myscript.tre 
Results saved (as text) to file myscript.out 

