Watch is ON 
Collapsing trees with TBR 
Time reset 
Tree file: tmp.tre 
tsave 0.00 secs. 
Record search status: every 1 rep(s). 


        ------------------------------------------------------------
        Search routine used:
           finding optimal score 20 times independently, using defaults
           of "xmult" plus 10 cycles of tree-drifting (Goloboff
           1999).
           Note: for consensus calculation, trees TBR-collapsed.
           ALSO NOTE: THIS IS AN OVERKILL FOR MOST DATA SETS!
        ------------------------------------------------------------ 
Space for 1000 trees in memory 
Repl. Algor.     Tree        Score       Best Score   Time       Rearrangs.
0     FUSE       5           3378        3378         0:00:00    1,565,641     
1     FUSE       5           3378        3378         0:00:00    3,180,743     
2     FUSE       5           3378        3378         0:00:00    4,765,225     
3     FUSE       5           3378        3378         0:00:00    6,418,120     
4     FUSE       5           3378        3378         0:00:00    7,983,507     
5     FUSE       5           3378        3378         0:00:00    9,569,459     
6     FUSE       5           3378        3378         0:00:01    11,138,524    
7     FUSE       5           3378        3378         0:00:01    12,803,314    
8     FUSE       5           3378        3378         0:00:01    14,394,376    
9     FUSE       5           3378        3378         0:00:01    16,005,386    
10    FUSE       5           3378        3378         0:00:01    17,597,607    
11    FUSE       5           3378        3378         0:00:01    19,155,266    
12    FUSE       5           3378        3378         0:00:01    20,775,438    
13    FUSE       5           3378        3378         0:00:01    22,362,306    
14    FUSE       5           3378        3378         0:00:01    23,955,021    
15    FUSE       5           3378        3378         0:00:01    25,535,801    
16    FUSE       5           3378        3378         0:00:02    27,088,290    
17    FUSE       5           3378        3378         0:00:02    28,681,842    
18    FUSE       5           3378        3378         0:00:02    30,286,461    
19    FUSE       5           3378        3378         0:00:02    31,877,293    
19    FUSE       5           ------      3378         0:00:02    31,877,293    
Completed search.
Total rearrangements examined: 31,877,293. 
No target score defined.  Best score hit 20 times.
Best score: 3378.  17 trees retained. 
xmult 2.00 secs. 
17 trees saved to tmp.tre           
save 0.00 secs. 
 
Note: for consensus calculation, trees will be 
temporarily collapsed (with TBR) 
Strict consensus of 17 trees (0 taxa excluded) calculated, as tree 17 
nelsen 0.00 secs. 


    ------------------------------------------------------------
    Synapomorphies of 17 trees plotted on the strict
    consensus.  Only unambiguous synapomorphies, occuring in
    every tree, are indicated. This makes results much more
    conservative!
    ------------------------------------------------------------ 
Collapsing branches with no possible support ("rule 3") 
 
Synapomorphies common to 17 trees 
   ,-- 'Pan_paniscus'
   |  ,-- 'Heterocephalus_glaber'
|--|  |                                                                                                                                                                                                                                                                                                                                                                                                                                                                                                                                      ,--89,96,97,100,107,676,682,749,750,752,753,756,758,776,777,806,810,812,813,814,815,816,817,819,820,822,823,824,826,833,834,835,965,1101,1123 'Callithrix_jacchus'
   `--|                                                                                                                                                                                                                                                                                                                                                                                                                                                                                                                                      |                                                                                                                                       ,--457,559,950,1300,1847 'Saimiri_boliviensis_boliviensi
      |                                                                                                                                                                                                                                                                                                                                                                                                                                                                                                                                      |                                                                                                                                       |                                     ,--904,1856,1857 'Papio_anubis'
      `--30,46,50,52,86,111,113,212,214,231,237,238,242,248,252,256,280,284,286,287,300,320,332,365,367,368,372,378,386,390,399,435,451,452,454,460,474,484,498,506,514,519,521,533,544,552,559,565,577,580,586,590,591,607,611,620,637,638,639,640,651,654,659,665,685,686,690,691,693,709,745,844,846,866,915,920,922,926,927,930,931,936,939,953,963,968,979,989,1029,1035,1038,1040,1043,1046,1050,1057,1067,1085,1110,1113,1115,1128,1131,1133,1141,1149,1161,1168,1180,1191,1195,1201,1202,1224,1227,1235,1245,1251,1263,1280,1290,1307|                                                                                                                                       |                                     |--63 'Pan_troglodytes'
                                                                                                                                                                                                                                                                                                                                                                                                                                                                                                                                             |                                                                                                                                       |                ,--776,1116,1208,1231+--44,45,46,47,48,49,50,52,53,55,56,57,58,59,60,61,62,64,66,67,68,69,70,71,72,73,74,75,76,78,79,86,87,88,89,90,91,92,93,94,95,96,98,99,103,104,105,106,107,108,109,110,111,113,114,115,124,127,128,148,151,152,153,154,155,157,158,160,164,165,166,169,171,172,174,176,177,178,180,183,184,185,186,187,188,189,190,191,192,193,194,195,196,197,198,199,200,201,202,203,204,205,206,207,208,209,210,212,214,215,216,640,972,973,1206 'Gorilla_gorilla_gorilla'
                                                                                                                                                                                                                                                                                                                                                                                                                                                                                                                                             `--109,126,127,128,148,759,760,761,762,763,765,766,771,780,781,782,783,784,786,787,788,789,790,791,792,793,794,796,797,801,803,1305,1308|                |                    |                                                                                                                                                                                                                                                                                                                                                                                                                                                                                                                                                                                      ,-- 'Macaca_mulatta'
                                                                                                                                                                                                                                                                                                                                                                                                                                                                                                                                                                                                                                                                                     |                |                    `--1011,1254,1255,1256,1257,1258,1259,1260,1261,1262,1263,1264,1265,1266,1267,1268,1269,1270,1271,1272,1273,1274,1275,1276,1277,1278,1279,1280,1281,1282,1283,1284,1286,1287,1288,1290,1291,1292,1293,1294,1295,1296,1297,1298,1299,1300,1301,1302,1303,1304,1305,1306,1307,1308,1309,1310,1311,1312,1313,1314,1315,1316,1317,1318,1323,1324,1325,1326,1327,1328,1329,1330,1331,1332,1333,1334,1335,1336,1337,1338,1339,1340,1341,1342,1343,1344,1345,1346,1347,1348,1349,1350,1351,1352,1353,1354,1355,1356,1357,1358,1359,1360,1361,1362,1363,1364,1845,1846,1847,1848,1850,1851,1852|                                                                                                                                                                                                                                                                                                                                                                                                                                                                                                                                                                                                                                                                                                                                                                                                                                                                                                                                                                                                                                                                                                                                                                                                                                                                                                                                                                                                                                                                                                                                                                                                                                                                                                                                                                                                                                                                                                                                                                                                                          ,--52,61,365,907,911,912,914,1011,1012,1013,1039,1042,1043,1044,1286,1287,1288,1290 'Nomascus_leucogenys'
                                                                                                                                                                                                                                                                                                                                                                                                                                                                                                                                                                                                                                                                                     |                |                                                                                                                                                                                                                                                                                                                                                                                                                                                                                                                                                                                                           `--747,748,749,750,751,752,753,754,755,756,757,758,759,760,761,762,763,764,765,766,767,768,769,770,771,772,773,774,775,776,777,778,779,780,781,782,783,784,785,786,787,788,789,790,791,792,793,794,795,796,797,798,799,800,801,802,803,804,805,806,807,808,809,810,811,812,813,814,815,816,817,818,819,820,821,822,823,824,825,826,827,828,829,830,831,832,833,836,837,838,839,840,841,842,843,844,845,846,847,848,849,850,851,852,853,854,855,856,857,858,859,860,861,862,863,864,865,866,867,868,869,870,871,872,873,874,875,876,877,878,881,882,883,884,885,886,887,888,889,890,891,892,893,894,895,896,897,898,899,900,901,902,903,904,905,906,916,917,918,919,920,921,922,923,924,967,968,969,970,971,972,973,974,975,976,977,978,979,980,981,982,983,984,985,986,987,988,989,993,994,995,996,997,998,999,1001,1002,1003,1004,1005,1006,1007,1008,1020,1021,1022,1023,1024,1025,1026,1027,1028,1029,1030,1031,1032,1033,1034,1035,1036,1045,1046,1047,1048,1049,1050,1051,1052,1053,1054,1055,1056,1057,1058,1059,1060,1061,1062,1063,1064,1065,1066,1067,1068,1069,1070,1071,1072,1073,1074,1075,1076,1077,1078,1079,1080,1081,1082,1083,1084,1085,1086,1087,1088,1089,1090,1091,1092,1093,1094,1095,1096,1097,1098,1099,1100,1101,1102,1103,1104,1105,1106,1107,1108,1109,1110,1111,1112,1113,1114,1115,1116,1117,1118,1119,1120,1121,1122,1123,1124,1125,1126,1127,1128,1129,1130,1131,1132,1133,1134,1135,1136,1137,1138,1139,1140,1141,1142,1143,1144,1145,1146,1147,1148,1149,1150,1151,1152,1153,1154,1155,1156,1157,1158,1159,1160,1161,1162,1163,1164,1165,1166,1167,1168,1169,1170,1171,1172,1173,1174,1175,1176,1177,1178,1179,1180,1181,1182,1183,1184,1185,1186,1187,1188,1189,1190,1191,1192,1193,1194,1195,1196,1197,1198,1199,1200,1201,1202,1203,1204,1206,1207,1208,1209,1210,1211,1212,1213,1214,1215,1216,1217,1218,1219,1220,1221,1222,1223,1224,1225,1226,1227,1228,1229,1230,1231,1232,1233,1234,1235,1236,1237,1238,1239,1240,1241,1242,1243,1244,1245,1246,1247,1248,1249,1250,1251,1252,1253---453,745 'Homo_sapiens'
                                                                                                                                                                                                                                                                                                                                                                                                                                                                                                                                                                                                                                                                                     |                |                                     ,--112,213,239,245,262,263,339,368,378,435,479,482,519,552,638,648,682,789,843,915,923,926,950,1168,1235,1259,1269,1308 'Otolemur_garnettii'
                                                                                                                                                                                                                                                                                                                                                                                                                                                                                                                                                                                                                                                                                     `--63,245,438,693|                                     |            ,--150,151,152,153,154,223,241,244,252,469,905,1011,1195,1210,1266,1280 'Oryctolagus_cuniculus'
                                                                                                                                                                                                                                                                                                                                                                                                                                                                                                                                                                                                                                                                                                      |                                     |            |--60,123,166,168,241,242,259,261,262,263,264,265,266,267,284,287,339,340,401,402,403,404,405,406,407,408,409,410,411,412,413,414,415,416,417,418,419,420,421,422,423,424,425,426,474,577,693,915,990,991,992,1013,1043,1121,1164,1165,1166,1167,1168,1169,1170,1171,1172,1173,1174,1269,1309,1845,1846,1850,1852,1855 'Tupaia_chinensis'
                                                                                                                                                                                                                                                                                                                                                                                                                                                                                                                                                                                                                                                                                                      |                                     |            |--107,218,253,268,277,331,366,375,395,469,565,580,693,891,995 'Dasypus_novemcinctus'
                                                                                                                                                                                                                                                                                                                                                                                                                                                                                                                                                                                                                                                                                                      |                                     |            |--158,163,214,238,280,350,454,519,545,580,720,767,792,916,993,994,1043,1094,1155,1250,1364 'Pteropus_alecto'
                                                                                                                                                                                                                                                                                                                                                                                                                                                                                                                                                                                                                                                                                                      `--238,459,868,927,1053,1153,1251,1290|            |--87,88,89,90,91,92,93,94,95,96,97,98,99,100,101,102,109,110,114,115,116,118,124,126,128,155,168,224,236,240,241,243,247,256,344,378,641,745,762,903,926,950,953,956,963,1038,1128,1171,1174,1175,1201,1240,1276,1308 'Condylura_cristata'
                                                                                                                                                                                                                                                                                                                                                                                                                                                                                                                                                                                                                                                                                                                                            |            |--64,95,149,150,151,152,153,154,155,156,159,160,162,180,239,240,242,245,249,259,287,347,457,504,629,728,754,755,771,868,903,906,949,953,994,1029,1117,1153,1227,1239,1301,1313,1850 'Trichechus_manatus_latirostris
                                                                                                                                                                                                                                                                                                                                                                                                                                                                                                                                                                                                                                                                                                                                            |            |                                                   ,--111,115,123,127,245,287,364,378,506,640,784,845,885,1060,1089,1127,1153,1261,1301 'Cavia_porcellus'
                                                                                                                                                                                                                                                                                                                                                                                                                                                                                                                                                                                                                                                                                                                                            |            |--104,106,107,121,238,430,522,892,906,993,1250,1356|            ,--129,130,131,132,133,134,135,136,137,138,139,140,141,142,143,144,145,146,147,148,149,150,151,152,153,154,160,461,988,1055,1202,1227 'Chinchilla_lanigera'
                                                                                                                                                                                                                                                                                                                                                                                                                                                                                                                                                                                                                                                                                                                                            |            |                                                   `--51,273,344---103,106,108,112,128,165,230,334,454,465,693,885,907,926,929,1022,1119,1239,1319,1320,1321,1322,1325,1850 'Octodon_degus'
                                                                                                                                                                                                                                                                                                                                                                                                                                                                                                                                                                                                                                                                                                                                            `--60,160,986|      ,--103,126,178,236,246,350,353,364,439,937,988,1011,1029,1116,1259,1850 'Ictidomys_tridecemlineatus'
                                                                                                                                                                                                                                                                                                                                                                                                                                                                                                                                                                                                                                                                                                                                                         |--1052|                                             ,--100,103,115,116,119,120,180,238,273,289,331,430,454,462,480,791,926,947,949,951,988,1053,1060,1156,1227,1849 'Jaculus_jaculus'
                                                                                                                                                                                                                                                                                                                                                                                                                                                                                                                                                                                                                                                                                                                                                         |      `--118,245,332,521,725,915,1174,1248,1250,1855|                                                            ,--95,118,238,242,344,435,588,648,1234,1241,1246,1247,1248,1249,1250,1253,1255,1256,1257,1268,1854 'Cricetulus_griseus'
                                                                                                                                                                                                                                                                                                                                                                                                                                                                                                                                                                                                                                                                                                                                                         |                                                    `--108,112,241,263,907,987,1096,1202,1230,1259,1276,1364,1851|                    ,--115,287,364,365,563,951,1135,1849,1850 'Rattus_norvegicus'
                                                                                                                                                                                                                                                                                                                                                                                                                                                                                                                                                                                                                                                                                                                                                         |                                                                                                                 `--116,1029,1148,1195---124,168,223,378,454,464,643,1075,1125,1852 'Mus_musculus'
                                                                                                                                                                                                                                                                                                                                                                                                                                                                                                                                                                                                                                                                                                                                                         |          ,--116,118,124,125,127,150,156,159,245,263,311,344,365,519,647,776,885,903,905,949,987,1010,1171,1358,1360,1364,1847,1850,1853 'Ceratotherium_simum_simum'
                                                                                                                                                                                                                                                                                                                                                                                                                                                                                                                                                                                                                                                                                                                                                         |          |                                ,--123,125,127,150,151,152,153,154,439,876,1153,1157,1230 'Odobenus_rosmarus_divergens'
                                                                                                                                                                                                                                                                                                                                                                                                                                                                                                                                                                                                                                                                                                                                                         |          |--243,640,643,954,1052,1060,1201|     ,--103,117,168,182,282,289,459,640 'Ailuropoda_melanoleuca'
                                                                                                                                                                                                                                                                                                                                                                                                                                                                                                                                                                                                                                                                                                                                                         `--623,1011|                                `--149|                 ,--117,242,245,519,643,1011,1174 'Mustela_putorius_furo'
                                                                                                                                                                                                                                                                                                                                                                                                                                                                                                                                                                                                                                                                                                                                                                    |                                      `--122,247,639,903---107,108,111,160,165,215,218,289,331,629,767,890,927,954,1053,1082,1251 'Felis_catus'
                                                                                                                                                                                                                                                                                                                                                                                                                                                                                                                                                                                                                                                                                                                                                                    |                         ,--60,110,112,123,247,297,648,759,767,915,950,1117,1153,1163,1304 'Sus_scrofa'
                                                                                                                                                                                                                                                                                                                                                                                                                                                                                                                                                                                                                                                                                                                                                                    `--108,150,151,152,212,685|                 ,--95,276,344,450,479,519,521,639,881,929,951,978,1011,1227,1250,1357,1853 'Orcinus_orca'
                                                                                                                                                                                                                                                                                                                                                                                                                                                                                                                                                                                                                                                                                                                                                                                              `--277,454,885,993|                                                                                                                   ,-- 'Bos_taurus'
                                                                                                                                                                                                                                                                                                                                                                                                                                                                                                                                                                                                                                                                                                                                                                                                                `--118,124,232,238,242,247,288,293,504,565,580,587,623,640,643,673,725,862,877,903,950,1115,1121,1153,1174,1175,1234---225 'Ovis_aries'
apo 0.00 secs. 
Collapsing trees with TBR 
Selecting tree(s) 17,  
1 trees selected 
Closing tmp.tre (with 17 trees saved)
tsave 0.00 secs. 


    ------------------------------------------------------------
    Group supports are calculated by TBR-swapping the trees
    found, keeping note of the number of steps needed to
    loose each group.  The labels on branches show absolute
    and relative bremer supports (Goloboff & Farris 2001).
    Groups indicated with a question mark (?) are those
    for which the absolute bremer supports appear to be
    10 or more...
    ------------------------------------------------------------ 
Suboptimal 10.000 x 0.000 
Reading from tmp.tre 
'tree(s) from TNT, for data in ../results/protein/tnt_input/231571328.tnt'
17 trees read (trees 1-17) 
tread 0.00 secs. 
Again reading from myscript.run 
 
WARNING: 
Non-binary starting trees will be dichotomized (randomly) 
 
Copied legends: "Bremer supports (from 17000 trees, cut 0)" 
bsupport 0.00 secs. 
Suboptimal 10.000 x 0.900 
 
WARNING: 
Non-binary starting trees will be dichotomized (randomly) 
 
Note: TBR-swapping used to approximate supports 
Copied legends: "Relative bremer supports (from 11566 trees, cut 0)" 
bsupport 0.00 secs. 
 
Bremer supports (from 17000 trees, cut 0)/Relative bremer supports (from 11566 trees, cut 0) 
    ,--/ 'Pan_paniscus'
    |          ,--/ 'Heterocephalus_glaber'
|--/|          |          ,--/ 'Callithrix_jacchus'
    `--10?/100?|          |      ,--/ 'Saimiri_boliviensis_boliviensi
               |          |      |             ,--/ 'Papio_anubis'
               `--10?/100?|      |             |--/ 'Pan_troglodytes'
                          |      |      ,--3/21+--/ 'Gorilla_gorilla_gorilla'
                          `--4/21|      |      |          ,--/ 'Macaca_mulatta'
                                 |      |      `--10?/100?|          ,--/ 'Nomascus_leucogenys'
                                 |      |                 `--10?/100?---/ 'Homo_sapiens'
                                 |      |      ,--/ 'Otolemur_garnettii'
                                 `--1/21|      |      ,--/ 'Oryctolagus_cuniculus'
                                        |      |      |--/ 'Tupaia_chinensis'
                                        |      |      |--/ 'Dasypus_novemcinctus'
                                        |      |      |--/ 'Pteropus_alecto'
                                        `--7/37|      |--/ 'Condylura_cristata'
                                               |      |--/ 'Trichechus_manatus_latirostris
                                               |      |          ,--/ 'Cavia_porcellus'
                                               |      |--10?/100?|      ,--/ 'Chinchilla_lanigera'
                                               |      |          `--2/67---/ 'Octodon_degus'
                                               `--4/29|      ,--/ 'Ictidomys_tridecemlineatus'
                                                      |--1/14|      ,--/ 'Jaculus_jaculus'
                                                      |      `--8/59|          ,--/ 'Cricetulus_griseus'
                                                      |             `--10?/100?|        ,--/ 'Rattus_norvegicus'
                                                      |                        `--4/100?---/ 'Mus_musculus'
                                                      |      ,--/ 'Ceratotherium_simum_simum'
                                                      |      |      ,--/ 'Odobenus_rosmarus_divergens'
                                                      |      |--5/53|      ,--/ 'Ailuropoda_melanoleuca'
                                                      `--1/25|      `--1/40|      ,--/ 'Mustela_putorius_furo'
                                                             |             `--1/20---/ 'Felis_catus'
                                                             |      ,--/ 'Sus_scrofa'
                                                             `--5/46|      ,--/ 'Orcinus_orca'
                                                                    `--3/54|          ,--/ 'Bos_taurus'
                                                                           `--10?/100?---/ 'Ovis_aries'
Suboptimal 0.000 x 0.900 
1 trees in memory 
 
WARNING: 
Existing tree-tags will be erased 
 


      ------------------------------------------------------------
      Resampling is done with 100 replications of symmetric
      resampling (see Goloboff et al. 2003), analyzing each data
      set with a single random addition sequence plus TBR
      (collapsing the resulting tree with TBR, see Goloboff &
      Farris, 2001).  The labels on branches show frequency and
      frequency differences (see Goloboff et al. 2003).
      ------------------------------------------------------------ 
Collapsing trees with TBR 
Copied legends: "Group freqs., 100 replicates, cut=50 (tree 0) - Symmetric Resampling (P=33)" 
Copied legends: "GC values, 100 replicates, cut=0 (tree 1) - Symmetric Resampling (P=33)" 
 
1.00 secs. to complete resampling 
1 trees in memory 
 
Group freqs., 100 replicates, cut=50 (tree 0) - Symmetric Resampling (P=33)/GC values, 100 replicates, cut=0 (tree 1) - Symmetric Resampling (P=33) 
    ,--/ 'Pan_paniscus'
    |         ,--/ 'Heterocephalus_glaber'
|--/|         |         ,--/ 'Callithrix_jacchus'
    `--100/100|         |       ,--/ 'Saimiri_boliviensis_boliviensi
              |         |       |               ,--/ 'Papio_anubis'
              `--100/100|       |               |--/ 'Pan_troglodytes'
                        |       |       ,--66/44+--/ 'Gorilla_gorilla_gorilla'
                        `--75/53|       |       |         ,--/ 'Macaca_mulatta'
                                |       |       `--100/100|         ,--/ 'Nomascus_leucogenys'
                                |       |                 `--100/100---/ 'Homo_sapiens'
                                |       |       ,--/ 'Otolemur_garnettii'
                                `--46/24|       |       ,--/ 'Oryctolagus_cuniculus'
                                        |       |       |--/ 'Tupaia_chinensis'
                                        |       |       |--/ 'Dasypus_novemcinctus'
                                        |       |       |--/ 'Pteropus_alecto'
                                        `--93/86|       |--/ 'Condylura_cristata'
                                                |       |--/ 'Trichechus_manatus_latirostris
                                                |       |         ,--/ 'Cavia_porcellus'
                                                |       |--100/100|       ,--/ 'Chinchilla_lanigera'
                                                |       |         `--81/76---/ 'Octodon_degus'
                                                `--79/72|       ,--/ 'Ictidomys_tridecemlineatus'
                                                        |--61/51|       ,--/ 'Jaculus_jaculus'
                                                        |       `--99/98|         ,--/ 'Cricetulus_griseus'
                                                        |               `--100/100|       ,--/ 'Rattus_norvegicus'
                                                        |                         `--98/98---/ 'Mus_musculus'
                                                        |       ,--/ 'Ceratotherium_simum_simum'
                                                        |       |       ,--/ 'Odobenus_rosmarus_divergens'
                                                        |       |--97/96|         ,--/ 'Ailuropoda_melanoleuca'
                                                        `--41/16|       `--18/[24]|        ,--/ 'Mustela_putorius_furo'
                                                                |                 `--34/[8]---/ 'Felis_catus'
                                                                |       ,--/ 'Sus_scrofa'
                                                                `--94/92|       ,--/ 'Orcinus_orca'
                                                                        `--89/83|         ,--/ 'Bos_taurus'
                                                                                `--100/100---/ 'Ovis_aries'
 
WARNING: 
File "myscript.tre" already exists.  It will be overwritten. 
 
Saved trees (Nexus format) to file myscript.tre 
Results saved (as text) to file myscript.out 

