Watch is ON 
Collapsing trees with TBR 
Time reset 
Tree file: tmp.tre 
tsave 0.00 secs. 
Record search status: every 1 rep(s). 


        ------------------------------------------------------------
        Search routine used:
           finding optimal score 20 times independently, using defaults
           of "xmult" plus 10 cycles of tree-drifting (Goloboff
           1999).
           Note: for consensus calculation, trees TBR-collapsed.
           ALSO NOTE: THIS IS AN OVERKILL FOR MOST DATA SETS!
        ------------------------------------------------------------ 
Space for 1000 trees in memory 
Repl. Algor.     Tree        Score       Best Score   Time       Rearrangs.
0     FUSE       5           1746        1746         0:00:00    1,550,994     
1     FUSE       5           1746        1746         0:00:00    3,111,554     
2     FUSE       5           1746        1746         0:00:00    4,607,527     
3     FUSE       5           1746        1746         0:00:01    6,170,608     
4     FUSE       5           1746        1746         0:00:01    7,696,306     
5     FUSE       5           1746        1746         0:00:01    9,198,625     
6     FUSE       5           1746        1746         0:00:01    10,736,385    
7     FUSE       5           1746        1746         0:00:01    12,272,445    
8     FUSE       5           1746        1746         0:00:01    13,852,252    
9     FUSE       5           1746        1746         0:00:01    15,432,476    
10    FUSE       5           1746        1746         0:00:01    16,927,857    
11    FUSE       5           1746        1746         0:00:01    18,537,096    
12    FUSE       5           1746        1746         0:00:01    20,078,308    
13    FUSE       5           1746        1746         0:00:01    21,645,263    
14    FUSE       5           1746        1746         0:00:01    23,111,589    
15    FUSE       5           1746        1746         0:00:01    24,684,226    
16    FUSE       5           1746        1746         0:00:02    26,179,439    
17    FUSE       5           1746        1746         0:00:02    27,689,107    
18    FUSE       5           1746        1746         0:00:02    29,213,286    
19    FUSE       5           1746        1746         0:00:02    30,798,167    
19    FUSE       5           ------      1746         0:00:02    30,798,167    
Completed search.
Total rearrangements examined: 30,798,167. 
No target score defined.  Best score hit 20 times.
Best score: 1746.  42 trees retained. 
xmult 2.00 secs. 
42 trees saved to tmp.tre           
save 0.00 secs. 
 
Note: for consensus calculation, trees will be 
temporarily collapsed (with TBR) 
Strict consensus of 42 trees (0 taxa excluded) calculated, as tree 42 
nelsen 0.00 secs. 


    ------------------------------------------------------------
    Synapomorphies of 42 trees plotted on the strict
    consensus.  Only unambiguous synapomorphies, occuring in
    every tree, are indicated. This makes results much more
    conservative!
    ------------------------------------------------------------ 
Collapsing branches with no possible support ("rule 3") 
 
Synapomorphies common to 42 trees 
   ,-- 'Trichechus_manatus_latirostris
   |                    ,--168,182,190,290,292,300,385,432,444,511,512,542,561 'Condylura_cristata'
   |  ,--193,210,226,227|                 ,--300,428 'Nomascus_leucogenys'
   |  |                 `--298,559,828,845---290,418,560,913 'Callithrix_jacchus'
   |  |                                                                                                                                                         ,--267,472 'Orcinus_orca'
|--|  |                                                                                                                                                         |--556 'Sus_scrofa'
   |  |                                                                                                                                                         |--252,418,431,444,546,559,847 'Ceratotherium_simum_simum'
   |  |                                                                                                                                                         |-- 'Pan_troglodytes'
   |  |                                                                                                                                                         |--544 'Homo_sapiens'
   |  |                                                                                                                                                         |--170 'Gorilla_gorilla_gorilla'
   `--|                                                                                                                                                         |--190,213,257,356,407,430,466,561,817 'Odobenus_rosmarus_divergens'
      |                                                                                                                                                         |--300,414,415,417,424,444,547,780 'Ovis_aries'
      |                                                                                                                                                         |--169,186,299,307,380,418,428,431,465,517,557 'Dasypus_novemcinctus'
      |                                                                                                                                                         |--502,548,553,560 'Cavia_porcellus'
      |                                                                                                                                                         |         ,--168,466,474,778,797 'Ailuropoda_melanoleuca'
      |                                                                                                                                                         |--257,561---142,143,144,145,146,147,148,149,150,151,152,153,154,155,156,157,158,159,160,161,162,163,164,165,169,170,172,173,174,175,176,177,178,179,180,181,183,185,187,188,189,191,193,194,195,196,197,198,199,200,201,202,203,204,205,206,207,208,291,299,353,404,423,428,897 'Felis_catus'
      |                                                                                                                                                         |     ,--428,431,504,812,828,845 'Otolemur_garnettii'
      `--215,216,217,218,219,220,221,228,230,231,232,233,234,235,236,237,238,239,240,241,243,244,245,246,247,248,249,250,251,252,254,255,256,257,258,259,260,261+--474---226,238,282,288,385,441,696,756 'Oryctolagus_cuniculus'
                                                                                                                                                                |     ,--434,435,561 'Octodon_degus'
                                                                                                                                                                |--431---437,441,550 'Chinchilla_lanigera'
                                                                                                                                                                |         ,--189,298,410,432,545,688,895 'Rattus_norvegicus'
                                                                                                                                                                |--384,900---444,533,538,550,564,692,908,909,910,911,912,913,914,915,916,917,918,919,920,921,922,923,924,925,926,927,928,929,930,931,932,933,934,935,936,937,938,939,940,941,942,943,944,945,946,947,948,949,950,951,952,953,954,955,956 'Ictidomys_tridecemlineatus'
                                                                                                                                                                |         ,--189,384,410,472,517,545,546,562,895 'Mus_musculus'
                                                                                                                                                                |--688,900---167,182,186,379,404,418,428,432,442,444,474,553,560,961,989 'Jaculus_jaculus'
                                                                                                                                                                |                                                                                                                                                                                         ,--545,546,547,548,549,550,551,552,553,554,555,556,557,558,559,560,561,562,563,564,608,609,610,611,612,613,614,615,616,617,618,619,620,621,622,623,624,625,626,627,628,629,630,631,632 'Macaca_mulatta'
                                                                                                                                                                |--117,118,119,120,121,122,123,124,125,126,127,128,129,130,131,132,133,135,136,138,139,140,141,142,143,144,145,146,147,148,149,150,151,152,153,154,155,156,157,158,159,160,161,162,163,164|                    ,--0,1,2,3,4,5,6,7,8,9,10,11,12,13,14,15,16,17,18,19,20,21,22,23,24,25,26,27,28,29,30,31,32,33,34,35,36,37,38,39,40,41,42,43,44,45,46,47,48,49,50,51,52,53,54,55,56,57,58,59,60,61,62,63,64,65,66,117,118,119,120,121,122,123,124,125,126,127,128,129,130,131,140,142,143,145,168,182,186,223,225,229,242,253,257,298,300,385,425,432,561 'Mustela_putorius_furo'
                                                                                                                                                                |                                                                                                                                                                                         `--79,84,89,90,95,108|                                                                                                                                                                                                                                                                                                                                                                                                                                                                                                                                         ,--79,89,90,95,145,550,554,763,768,792,799,806,827,828,850,851,896,898,899,906,910,977,982,986,988 'Papio_anubis'
                                                                                                                                                                |                                                                                                                                                                                                              `--769,770,771,772,773,774,775,776,777,778,779,780,781,782,783,784,788,789,790,791,808,809,810,811,812,813,814,815,816,817,818,819,820,821,822,823,844,846,847,848,849,874,875,876,877,878,879,880,881,882,883,884,885,886,887,888,889,890,891,892,893,894,901,902,903,904,905,914,915,916,917,918,919,920,921,922,923,924,925,926,927,928,929,930,931,932,933,934,935,936,937,938,939,940,941,942,943,944,945,946,947,948,949,950,951,952,953,954,955,956,957,958,959,960,961,962,963,964,965,966,967,968,969,970,971,972,973,974,975,976---65,66,84,108,126,140,559,990 'Pan_paniscus'
                                                                                                                                                                |                                       ,--243,254,290,300,418,448,468 'Heterocephalus_glaber'
                                                                                                                                                                |                     ,--168,169,171,183---187,296,407,410,431,435,440,527,529,532,533,534,545,547,556,688,895,900 'Cricetulus_griseus'
                                                                                                                                                                `--165,166,167,186,187|                                                                         ,--168,169,171,183,184,185,186,187,188,191,223,418,431,432,435,445,844 'Pteropus_alecto'
                                                                                                                                                                                      `--545,546,547,548,549,550,551,552,553,554,555,556,557,558,559,560,562,563|                                                                     ,--168,435,501,744,745,746,748,856 'Tupaia_chinensis'
                                                                                                                                                                                                                                                                `--857,858,859,860,861,862,863,864,865,866,867,868,869,870,871,872,873|                                                                                                                                                                                                                                                                                                                                                                                                                                                                                                                                                                                                                                                                                                                                                                                                                                                                                                                                                                                                                                                                                                                                                                                                                                                     ,--168,194,202,203,240,249,283,338,358,434,436,441,452,453,454,455,477,487,778,854,934,944 'Bos_taurus'
                                                                                                                                                                                                                                                                                                                                      `--157,161,187,207,208,209,210,212,214,215,216,217,218,234,236,238,243,250,252,257,258,275,282,284,288,290,291,296,299,304,305,315,320,327,331,335,337,343,346,348,349,350,352,353,355,356,365,367,369,371,373,378,379,380,389,397,398,399,400,404,407,408,409,410,411,412,413,414,415,417,418,419,421,422,423,424,426,427,429,438,440,457,458,459,460,461,462,463,464,465,466,469,471,472,473,474,482,483,484,485,486,489,493,494,503,504,505,511,512,513,517,518,520,532,533,535,542,543,544,545,546,562,563,567,568,569,570,571,572,573,574,577,579,582,583,585,590,597,600,601,604,607,608,610,611,618,627,628,629,630,631,637,638,640,641,644,648,650,658,677,678,682,683,688,689,690,691,692,693,695,696,702,706,710,712,713,716,717,721,726,735,738,741,750,753,756,760,762,768,769,770,771,772,775,776,779,781,782,783,785,786,787,789,791,792,793,794,796,797,799,800,801,804,805,806,807,808,812,814,815,816,817,818,819,824,825,829,830,831,832,833,836,837,838,839,840,841,842,843,845,846,847,848,849,850,852,853,855,874,875,876,877,878,879,880,881,883,884,885,886,888,889,890,891,894,895,896,897,898,900,902,903,905,906,907,908,909,910,914,915,916,917,918,921,925,928,930,938,943,945,948,951,954,959,960,961,973,974,983,984,989---143,144,145,146,147,148,149,150,151,152,153,154,246,253,254,302,387,394,396,403,405,431,445,447,450,481,488,709,727,949,969 'Saimiri_boliviensis_boliviensi
apo 0.00 secs. 
Collapsing trees with TBR 
Selecting tree(s) 42,  
1 trees selected 
Closing tmp.tre (with 42 trees saved)
tsave 0.00 secs. 


    ------------------------------------------------------------
    Group supports are calculated by TBR-swapping the trees
    found, keeping note of the number of steps needed to
    loose each group.  The labels on branches show absolute
    and relative bremer supports (Goloboff & Farris 2001).
    Groups indicated with a question mark (?) are those
    for which the absolute bremer supports appear to be
    10 or more...
    ------------------------------------------------------------ 
Suboptimal 10.000 x 0.000 
Reading from tmp.tre 
'tree(s) from TNT, for data in ../results/protein/tnt_input/324021737.tnt'
42 trees read (trees 1-42) 
tread 0.00 secs. 
Again reading from myscript.run 
 
WARNING: 
Non-binary starting trees will be dichotomized (randomly) 
 
Copied legends: "Bremer supports (from 78228 trees, cut 0)" 
bsupport 0.00 secs. 
Suboptimal 10.000 x 0.900 
 
WARNING: 
Non-binary starting trees will be dichotomized (randomly) 
 
Note: TBR-swapping used to approximate supports 
Copied legends: "Relative bremer supports (from 24926 trees, cut 0)" 
bsupport 0.00 secs. 
 
Bremer supports (from 78228 trees, cut 0)/Relative bremer supports (from 24926 trees, cut 0) 
    ,--/ 'Trichechus_manatus_latirostris
    |                 ,--/ 'Condylura_cristata'
    |          ,--4/88|      ,--/ 'Nomascus_leucogenys'
    |          |      `--4/88---/ 'Callithrix_jacchus'
    |          |          ,--/ 'Orcinus_orca'
|--/|          |          |--/ 'Sus_scrofa'
    |          |          |--/ 'Ceratotherium_simum_simum'
    |          |          |--/ 'Pan_troglodytes'
    |          |          |--/ 'Homo_sapiens'
    |          |          |--/ 'Gorilla_gorilla_gorilla'
    `--10?/100?|          |--/ 'Odobenus_rosmarus_divergens'
               |          |--/ 'Ovis_aries'
               |          |--/ 'Dasypus_novemcinctus'
               |          |--/ 'Cavia_porcellus'
               |          |      ,--/ 'Ailuropoda_melanoleuca'
               |          |--1/33---/ 'Felis_catus'
               |          |      ,--/ 'Otolemur_garnettii'
               `--10?/100?+--1/25---/ 'Oryctolagus_cuniculus'
                          |      ,--/ 'Octodon_degus'
                          |--2/36---/ 'Chinchilla_lanigera'
                          |      ,--/ 'Rattus_norvegicus'
                          |--1/29---/ 'Ictidomys_tridecemlineatus'
                          |      ,--/ 'Mus_musculus'
                          |--1/21---/ 'Jaculus_jaculus'
                          |          ,--/ 'Macaca_mulatta'
                          |--10?/100?|        ,--/ 'Mustela_putorius_furo'
                          |          `--6/100?|          ,--/ 'Papio_anubis'
                          |                   `--10?/100?---/ 'Pan_paniscus'
                          |             ,--/ 'Heterocephalus_glaber'
                          |      ,--3/29---/ 'Cricetulus_griseus'
                          `--2/14|      ,--/ 'Pteropus_alecto'
                                 `--3/14|      ,--/ 'Tupaia_chinensis'
                                        `--4/25|          ,--/ 'Bos_taurus'
                                               `--10?/100?---/ 'Saimiri_boliviensis_boliviensi
Suboptimal 0.000 x 0.900 
1 trees in memory 
 
WARNING: 
Existing tree-tags will be erased 
 


      ------------------------------------------------------------
      Resampling is done with 100 replications of symmetric
      resampling (see Goloboff et al. 2003), analyzing each data
      set with a single random addition sequence plus TBR
      (collapsing the resulting tree with TBR, see Goloboff &
      Farris, 2001).  The labels on branches show frequency and
      frequency differences (see Goloboff et al. 2003).
      ------------------------------------------------------------ 
Collapsing trees with TBR 
Copied legends: "Group freqs., 100 replicates, cut=50 (tree 0) - Symmetric Resampling (P=33)" 
Copied legends: "GC values, 100 replicates, cut=0 (tree 1) - Symmetric Resampling (P=33)" 
 
0.00 secs. to complete resampling 
1 trees in memory 
 
Group freqs., 100 replicates, cut=50 (tree 0) - Symmetric Resampling (P=33)/GC values, 100 replicates, cut=0 (tree 1) - Symmetric Resampling (P=33) 
    ,--/ 'Trichechus_manatus_latirostris
    |                 ,--/ 'Condylura_cristata'
    |         ,--95/95|       ,--/ 'Nomascus_leucogenys'
    |         |       `--92/90---/ 'Callithrix_jacchus'
    |         |         ,--/ 'Orcinus_orca'
|--/|         |         |--/ 'Sus_scrofa'
    |         |         |--/ 'Ceratotherium_simum_simum'
    |         |         |--/ 'Pan_troglodytes'
    |         |         |--/ 'Homo_sapiens'
    |         |         |--/ 'Gorilla_gorilla_gorilla'
    `--100/100|         |--/ 'Odobenus_rosmarus_divergens'
              |         |--/ 'Ovis_aries'
              |         |--/ 'Dasypus_novemcinctus'
              |         |--/ 'Cavia_porcellus'
              |         |       ,--/ 'Ailuropoda_melanoleuca'
              |         |--33/28---/ 'Felis_catus'
              |         |       ,--/ 'Otolemur_garnettii'
              `--100/100+--26/19---/ 'Oryctolagus_cuniculus'
                        |       ,--/ 'Octodon_degus'
                        |--85/85---/ 'Chinchilla_lanigera'
                        |        ,--/ 'Rattus_norvegicus'
                        |--21/[8]---/ 'Ictidomys_tridecemlineatus'
                        |       ,--/ 'Mus_musculus'
                        |--47/42---/ 'Jaculus_jaculus'
                        |       ,--/ 'Macaca_mulatta'
                        |--65/36|       ,--/ 'Mustela_putorius_furo'
                        |       `--67/38|         ,--/ 'Papio_anubis'
                        |               `--100/100---/ 'Pan_paniscus'
                        |                 ,--/ 'Heterocephalus_glaber'
                        |         ,--54/28---/ 'Cricetulus_griseus'
                        `--10/[16]|       ,--/ 'Pteropus_alecto'
                                  `--28/10|       ,--/ 'Tupaia_chinensis'
                                          `--54/37|         ,--/ 'Bos_taurus'
                                                  `--100/100---/ 'Saimiri_boliviensis_boliviensi
 
WARNING: 
File "myscript.tre" already exists.  It will be overwritten. 
 
Saved trees (Nexus format) to file myscript.tre 
Results saved (as text) to file myscript.out 

