Watch is ON 
Collapsing trees with TBR 
Time reset 
Tree file: tmp.tre 
tsave 0.00 secs. 
Record search status: every 1 rep(s). 


        ------------------------------------------------------------
        Search routine used:
           finding optimal score 20 times independently, using defaults
           of "xmult" plus 10 cycles of tree-drifting (Goloboff
           1999).
           Note: for consensus calculation, trees TBR-collapsed.
           ALSO NOTE: THIS IS AN OVERKILL FOR MOST DATA SETS!
        ------------------------------------------------------------ 
Space for 1000 trees in memory 
Repl. Algor.     Tree        Score       Best Score   Time       Rearrangs.
0     FUSE       5           1674        1674         0:00:00    1,633,066     
1     FUSE       5           1674        1674         0:00:00    3,242,941     
2     FUSE       5           1674        1674         0:00:00    4,773,928     
3     FUSE       5           1674        1674         0:00:00    6,467,514     
4     FUSE       5           1674        1674         0:00:00    8,043,083     
5     FUSE       5           1674        1674         0:00:00    9,598,720     
6     FUSE       5           1674        1674         0:00:00    11,175,729    
7     FUSE       5           1674        1674         0:00:00    12,749,351    
8     FUSE       5           1674        1674         0:00:01    14,275,290    
9     FUSE       5           1674        1674         0:00:01    15,826,943    
10    FUSE       5           1674        1674         0:00:01    17,367,164    
11    FUSE       5           1674        1674         0:00:01    18,955,647    
12    FUSE       5           1674        1674         0:00:01    20,601,331    
13    FUSE       5           1674        1674         0:00:01    22,188,401    
14    FUSE       5           1674        1674         0:00:01    23,855,164    
15    FUSE       5           1674        1674         0:00:01    25,411,885    
16    FUSE       5           1674        1674         0:00:02    26,954,349    
17    FUSE       5           1674        1674         0:00:02    28,545,480    
18    FUSE       5           1674        1674         0:00:02    30,050,767    
19    FUSE       5           1674        1674         0:00:02    31,621,723    
19    FUSE       5           ------      1674         0:00:02    31,621,723    
Completed search.
Total rearrangements examined: 31,621,723. 
No target score defined.  Best score hit 20 times.
Best score: 1674.  4 trees retained. 
xmult 2.00 secs. 
4 trees saved to tmp.tre           
save 0.00 secs. 
 
Note: for consensus calculation, trees will be 
temporarily collapsed (with TBR) 
Strict consensus of 4 trees (0 taxa excluded) calculated, as tree 4 
nelsen 0.00 secs. 


    ------------------------------------------------------------
    Synapomorphies of 4 trees plotted on the strict
    consensus.  Only unambiguous synapomorphies, occuring in
    every tree, are indicated. This makes results much more
    conservative!
    ------------------------------------------------------------ 
Collapsing branches with no possible support ("rule 3") 
 
Synapomorphies common to 4 trees 
   ,-- 'Tupaia_chinensis'
   |                                               ,--74,75,110,145,167,181,204,206,283,310,322,366,367,368,396,424,426,437,466,496,526,529,576,623,670,678,727,741,759,771,777,795 'Cavia_porcellus'
   |  ,--84,215,267,450,461,482,570,690,738,772,779---77,90,97,100,103,123,129,133,144,178,250,284,318,320,321,349,376,409,439,516,564,572,585,617,665,681,742,756,765,775 'Rattus_norvegicus'
|--|  |                                                                                                                                                                                                                                                                                                                                                                                                                                                                                                                            ,--84,134,180,195,240,253,264,267,294,320,323,516,555,560,620,694,790 'Oryctolagus_cuniculus'
   |  |                                                                                                                                                                                                                                                                                                                                                                                                                                                                                                                            |                                     ,--82,92,93,95,100,108,116,123,133,168,171,172,176,210,251,253,310,317,348,350,351,366,370,408,441,482,524,566,567,634,699,735,737,793 'Condylura_cristata'
   `--|                                                                                                                                                                                                                                                                                                                                                                                                                                                                                                                            |                                     |                                                                                                                                                                                                                                                                                                                          ,--181,186,273,277,351,396,408,524,634,671,679,690 'Saimiri_boliviensis_boliviensi
      |                                                                                                                                                                                                                                                                                                                                                                                                                                                                                                                            |                                     |                                                                                                                                                                       ,--0,1,2,3,4,5,7,8,9,11,12,13,15,16,17,18,19,20,23,24,25,26,27,28,29,32,33,34,35,36,37,39,40,41,42,43,83,85,119,159,210,214,216,365,656,705,792,796---44,87,131,157,179,180,209,259,317,320,729,777 'Callithrix_jacchus'
      `--87,90,93,97,98,100,106,107,108,110,111,119,122,123,124,125,126,156,158,172,177,190,198,204,209,210,212,213,214,237,261,268,277,283,291,303,313,314,318,321,324,327,328,330,332,338,360,364,365,366,367,368,369,370,391,392,396,403,409,455,457,459,460,475,486,490,508,517,520,521,523,524,529,531,536,542,546,550,551,564,566,576,583,607,608,609,614,616,623,630,655,659,660,661,662,664,665,670,676,677,678,679,684,692,693,698,701,710,711,712,713,717,718,728,733,735,741,746,749,760,761,762,765,766,769,771,792,796|                                     |                                                                                                                                                                       |                                                                ,--251,610,656 'Papio_anubis'
                                                                                                                                                                                                                                                                                                                                                                                                                                                                                                                                   |                                     |                                             ,--44,45,46,47,48,49,50,52,53,54,55,56,57,58,59,60,61,62,63,64,65,66,68,69,102,105,317,330,351,391,396,401,465,475,566,729|                             ,--66,92,94,181,206,238,365,569,713---366,699 'Macaca_mulatta'
                                                                                                                                                                                                                                                                                                                                                                                                                                                                                                                                   |                                     |                                             |                                                                                                                         |                             |                       ,--59,83,180,427,734,777 'Nomascus_leucogenys'
                                                                                                                                                                                                                                                                                                                                                                                                                                                                                                                                   `--141,194,199,302,487,563,690,729,738|                                             |                                                                                                                         `--168,269,364,668,678,694,699|                       |                ,--109 'Homo_sapiens'
                                                                                                                                                                                                                                                                                                                                                                                                                                                                                                                                                                         |                                             |                                                                                                                                                       `--55,58,195,277,320,524|                |--44,45,46,47,48,49,51,52,53,54,87,115,668,699 'Gorilla_gorilla_gorilla'
                                                                                                                                                                                                                                                                                                                                                                                                                                                                                                                                                                         |                                             |                                                                                                                                                                               `--86,516,662,698|        ,-- 'Pan_paniscus'
                                                                                                                                                                                                                                                                                                                                                                                                                                                                                                                                                                         |                                             |                                                                                                                                                                                                `--69,111---126 'Pan_troglodytes'
                                                                                                                                                                                                                                                                                                                                                                                                                                                                                                                                                                         |                                             |                 ,--74,97,111,159,172,194,208,230,379,381,412,413,655,668,756 'Otolemur_garnettii'
                                                                                                                                                                                                                                                                                                                                                                                                                                                                                                                                                                         `--198,267,283,320,466,560,569,620,698,727,778|                 |         ,--73,82,108,133,138,177,179,207,227,267,284,288,318,321,333,351,366,393,419,443,518,519,563,659,660,664,667,670,705,742,792,793,796 'Dasypus_novemcinctus'
                                                                                                                                                                                                                                                                                                                                                                                                                                                                                                                                                                                                                       |                 |--396,729---81,90,107,134,136,168,191,194,197,208,238,240,271,277,290,408,450,465,466,478,515,524,564,566,567,568,569,608,614,616,620,671,678,698,788 'Trichechus_manatus_latirostris
                                                                                                                                                                                                                                                                                                                                                                                                                                                                                                                                                                                                                       |                 |                                 ,--44,45,46,47,48,49,50,51,54,55,56,57,58,59,60,61,62,63,64,65,66,67,68,69,83,85,86,92,95,97,100,124,191,193,240,251,318,365,408,411,426,457,461,465,519,555,563,576,592,646,684,746,761,790,792,796 'Sus_scrofa'
                                                                                                                                                                                                                                                                                                                                                                                                                                                                                                                                                                                                                       |                 |--199,207,210,441,450,560,727,757|                    ,--73,82,130,141,183,190,214,216,342,343,370,439,482,487,560,605,705,734,765,792 'Orcinus_orca'
                                                                                                                                                                                                                                                                                                                                                                                                                                                                                                                                                                                                                       |                 |                                 `--75,181,295,475,559|                                                                      ,--71,93,102,120,136,216,238,240,260,291,310,425,427,428,434,474,482,523,526,537,678,690,757,779,790 'Bos_taurus'
                                                                                                                                                                                                                                                                                                                                                                                                                                                                                                                                                                                                                       |                 |                                                      `--83,85,94,168,204,210,351,396,466,481,515,575,658,668,675,679,775,793---76,128,223,264,317,728,738,797 'Ovis_aries'
                                                                                                                                                                                                                                                                                                                                                                                                                                                                                                                                                                                                                       |                 |                                           ,--73,86,94,102,105,131,152,176,205,210,213,308,331,348,376,392,412,425,429,430,438,452,461,466,486,518,592,616,668,699,788,797 'Ceratotherium_simum_simum'
                                                                                                                                                                                                                                                                                                                                                                                                                                                                                                                                                                                                                       `--108,323,710,790|     ,--179,240,393,457,465,524,555,576,650---75,80,88,98,100,101,168,178,186,229,260,267,290,317,318,321,327,400,411,413,414,440,517,527,530,563,567,568,570,571,664,670,701,717,730 'Pteropus_alecto'
                                                                                                                                                                                                                                                                                                                                                                                                                                                                                                                                                                                                                                         |--684|                                                       ,--79,100,124,141,178,181,182,184,216,297,312,314,316,317,326,330,332,348,381,450,459,518,556,559,616,659,667,733,738,761,777,793 'Felis_catus'
                                                                                                                                                                                                                                                                                                                                                                                                                                                                                                                                                                                                                                         |     `--86,99,136,168,310,322,323,324,343,414,484,516,734,792|                                        ,--91,101,191,351,440,466,727,734,757 'Odobenus_rosmarus_divergens'
                                                                                                                                                                                                                                                                                                                                                                                                                                                                                                                                                                                                                                         |                                                             `--89,130,133,208,223,365,400,425,475,742|                                                         ,--26,27,28,29,30,31,32,33,34,71,89,91,104,180,236,284,324,339,368,395,414,425,516,560,561,580,660,670,678,729,777,793,798 'Ailuropoda_melanoleuca'
                                                                                                                                                                                                                                                                                                                                                                                                                                                                                                                                                                                                                                         |                                                                                                      `--38,55,57,58,59,60,61,62,63,65,66,67,68,69,74,98,407,441---75,144,178,179,184,251,312,314,321,322,391,450,500,524,527,563,656,658,662,682,684,743,768,775,795 'Mustela_putorius_furo'
                                                                                                                                                                                                                                                                                                                                                                                                                                                                                                                                                                                                                                         |                                ,--75,85,89,95,96,97,152,175,178,208,320,441,478,527,530,560,566,570,667,730,735,760,792 'Ictidomys_tridecemlineatus'
                                                                                                                                                                                                                                                                                                                                                                                                                                                                                                                                                                                                                                         |                                |                                        ,--71,82,86,100,130,180,198,210,219,262,318,327,348,366,391,404,477,678,705,728,788,796 'Jaculus_jaculus'
                                                                                                                                                                                                                                                                                                                                                                                                                                                                                                                                                                                                                                         `--94,168,171,317,466,516,563,705|                                        |                                                                                  ,--73,96,105,106,134,136,143,178,208,260,396,414,466,478,484,580,585,627,629,630,670,674,728,738,775,777,779 'Cricetulus_griseus'
                                                                                                                                                                                                                                                                                                                                                                                                                                                                                                                                                                                                                                                                          `--83,115,223,295,565,729,734,742,775,777|             ,--89,103,131,175,283,284,293,308,309,315,320,450,694,742,769,788,790---87,108,119,130,133,140,144,152,180,198,213,214,240,253,262,267,273,366,425,519,524,527,559,734,768,792,795 'Mus_musculus'
                                                                                                                                                                                                                                                                                                                                                                                                                                                                                                                                                                                                                                                                                                                   `--267,395,421|                                     ,--127,194,205,260,273,285,327,348,392,394,425,427,527,668,670,674,705,760,785,786,787,788,790,791,794,795,796,797 'Heterocephalus_glaber'
                                                                                                                                                                                                                                                                                                                                                                                                                                                                                                                                                                                                                                                                                                                                 `--77,83,85,99,210,396,530,560,678,729|                    ,--81,94,175,181,190,194,285,318,323,411,484,527,537,568,658,660,665,729,775 'Octodon_degus'
                                                                                                                                                                                                                                                                                                                                                                                                                                                                                                                                                                                                                                                                                                                                                                       `--73,178,524,565,677---187,208,267,320,321,414,421,566,684,698,728,765,780,792 'Chinchilla_lanigera'
apo 0.00 secs. 
Collapsing trees with TBR 
Selecting tree(s) 4,  
1 trees selected 
Closing tmp.tre (with 4 trees saved)
tsave 0.00 secs. 


    ------------------------------------------------------------
    Group supports are calculated by TBR-swapping the trees
    found, keeping note of the number of steps needed to
    loose each group.  The labels on branches show absolute
    and relative bremer supports (Goloboff & Farris 2001).
    Groups indicated with a question mark (?) are those
    for which the absolute bremer supports appear to be
    10 or more...
    ------------------------------------------------------------ 
Suboptimal 10.000 x 0.000 
Reading from tmp.tre 
'tree(s) from TNT, for data in ../results/protein/tnt_input/4557758.tnt'
4 trees read (trees 1-4) 
tread 0.00 secs. 
Again reading from myscript.run 
 
WARNING: 
Non-binary starting trees will be dichotomized (randomly) 
 
Copied legends: "Bremer supports (from 2805 trees, cut 0)" 
bsupport 0.00 secs. 
Suboptimal 10.000 x 0.900 
 
WARNING: 
Non-binary starting trees will be dichotomized (randomly) 
 
Note: TBR-swapping used to approximate supports 
Copied legends: "Relative bremer supports (from 2402 trees, cut 0)" 
bsupport 0.00 secs. 
 
Bremer supports (from 2805 trees, cut 0)/Relative bremer supports (from 2402 trees, cut 0) 
    ,--/ 'Tupaia_chinensis'
    |                 ,--/ 'Cavia_porcellus'
    |          ,--5/24---/ 'Rattus_norvegicus'
|--/|          |          ,--/ 'Oryctolagus_cuniculus'
    |          |          |      ,--/ 'Condylura_cristata'
    `--10?/100?|          |      |                            ,--/ 'Saimiri_boliviensis_boliviensi
               |          |      |                 ,--10?/100?---/ 'Callithrix_jacchus'
               `--10?/100?|      |                 |               ,--/ 'Papio_anubis'
                          |      |      ,--10?/100?|      ,--9/100?---/ 'Macaca_mulatta'
                          |      |      |          |      |      ,--/ 'Nomascus_leucogenys'
                          `--2/22|      |          `--7/37|      |      ,--/ 'Homo_sapiens'
                                 |      |                 `--3/16|      |--/ 'Gorilla_gorilla_gorilla'
                                 |      |                        `--3/16|      ,--/ 'Pan_paniscus'
                                 |      |                               `--2/88---/ 'Pan_troglodytes'
                                 |      |     ,--/ 'Otolemur_garnettii'
                                 `--6/23|     |      ,--/ 'Dasypus_novemcinctus'
                                        |     |--1/12---/ 'Trichechus_manatus_latirostris
                                        |     |      ,--/ 'Sus_scrofa'
                                        |     |--2/10|      ,--/ 'Orcinus_orca'
                                        |     |      `--1/17|          ,--/ 'Bos_taurus'
                                        |     |             `--10?/100?---/ 'Ovis_aries'
                                        |     |             ,--/ 'Ceratotherium_simum_simum'
                                        `--1/7|      ,--2/17---/ 'Pteropus_alecto'
                                              |--2/17|          ,--/ 'Felis_catus'
                                              |      `--10?/100?|      ,--/ 'Odobenus_rosmarus_divergens'
                                              |                 `--8/80|          ,--/ 'Ailuropoda_melanoleuca'
                                              |                        `--10?/100?---/ 'Mustela_putorius_furo'
                                              |     ,--/ 'Ictidomys_tridecemlineatus'
                                              |     |      ,--/ 'Jaculus_jaculus'
                                              `--1/7|      |                 ,--/ 'Cricetulus_griseus'
                                                    `--5/25|      ,--10?/100?---/ 'Mus_musculus'
                                                           `--1/25|      ,--/ 'Heterocephalus_glaber'
                                                                  `--6/54|      ,--/ 'Octodon_degus'
                                                                         `--4/50---/ 'Chinchilla_lanigera'
Suboptimal 0.000 x 0.900 
1 trees in memory 
 
WARNING: 
Existing tree-tags will be erased 
 


      ------------------------------------------------------------
      Resampling is done with 100 replications of symmetric
      resampling (see Goloboff et al. 2003), analyzing each data
      set with a single random addition sequence plus TBR
      (collapsing the resulting tree with TBR, see Goloboff &
      Farris, 2001).  The labels on branches show frequency and
      frequency differences (see Goloboff et al. 2003).
      ------------------------------------------------------------ 
Collapsing trees with TBR 
Copied legends: "Group freqs., 100 replicates, cut=50 (tree 0) - Symmetric Resampling (P=33)" 
Copied legends: "GC values, 100 replicates, cut=0 (tree 1) - Symmetric Resampling (P=33)" 
 
0.00 secs. to complete resampling 
1 trees in memory 
 
Group freqs., 100 replicates, cut=50 (tree 0) - Symmetric Resampling (P=33)/GC values, 100 replicates, cut=0 (tree 1) - Symmetric Resampling (P=33) 
    ,--/ 'Tupaia_chinensis'
    |                 ,--/ 'Cavia_porcellus'
    |         ,--83/74---/ 'Rattus_norvegicus'
|--/|         |         ,--/ 'Oryctolagus_cuniculus'
    |         |         |       ,--/ 'Condylura_cristata'
    `--100/100|         |       |                          ,--/ 'Saimiri_boliviensis_boliviensi
              |         |       |                ,--100/100---/ 'Callithrix_jacchus'
              `--100/100|       |                |                 ,--/ 'Papio_anubis'
                        |       |      ,--100/100|       ,--100/100---/ 'Macaca_mulatta'
                        |       |      |         |       |       ,--/ 'Nomascus_leucogenys'
                        `--56/31|      |         `--87/75|       |       ,--/ 'Homo_sapiens'
                                |      |                 `--82/70|       |--/ 'Gorilla_gorilla_gorilla'
                                |      |                         `--83/71|       ,--/ 'Pan_paniscus'
                                |      |                                 `--90/90---/ 'Pan_troglodytes'
                                |      |        ,--/ 'Otolemur_garnettii'
                                `--30/8|        |      ,--/ 'Dasypus_novemcinctus'
                                       |        |--23/5---/ 'Trichechus_manatus_latirostris
                                       |        |       ,--/ 'Sus_scrofa'
                                       |        |--59/37|       ,--/ 'Orcinus_orca'
                                       |        |       `--81/74|         ,--/ 'Bos_taurus'
                                       |        |               `--100/100---/ 'Ovis_aries'
                                       |        |               ,--/ 'Ceratotherium_simum_simum'
                                       `--7/[15]|       ,--47/27---/ 'Pteropus_alecto'
                                                |--30/10|       ,--/ 'Felis_catus'
                                                |       `--99/99|         ,--/ 'Odobenus_rosmarus_divergens'
                                                |               `--100/100|         ,--/ 'Ailuropoda_melanoleuca'
                                                |                         `--100/100---/ 'Mustela_putorius_furo'
                                                |       ,--/ 'Ictidomys_tridecemlineatus'
                                                |       |       ,--/ 'Jaculus_jaculus'
                                                `--43/36|       |               ,--/ 'Cricetulus_griseus'
                                                        `--62/55|       ,--97/95---/ 'Mus_musculus'
                                                                `--47/27|       ,--/ 'Heterocephalus_glaber'
                                                                        `--98/97|       ,--/ 'Octodon_degus'
                                                                                `--89/85---/ 'Chinchilla_lanigera'
 
WARNING: 
File "myscript.tre" already exists.  It will be overwritten. 
 
Saved trees (Nexus format) to file myscript.tre 
Results saved (as text) to file myscript.out 

