Watch is ON 
Collapsing trees with TBR 
Time reset 
Tree file: tmp.tre 
tsave 0.00 secs. 
Record search status: every 1 rep(s). 


        ------------------------------------------------------------
        Search routine used:
           finding optimal score 20 times independently, using defaults
           of "xmult" plus 10 cycles of tree-drifting (Goloboff
           1999).
           Note: for consensus calculation, trees TBR-collapsed.
           ALSO NOTE: THIS IS AN OVERKILL FOR MOST DATA SETS!
        ------------------------------------------------------------ 
Space for 1000 trees in memory 
Repl. Algor.     Tree        Score       Best Score   Time       Rearrangs.
0     FUSE       5           1346        1346         0:00:00    2,466,673     
1     FUSE       5           1346        1346         0:00:01    4,890,873     
2     FUSE       5           1346        1346         0:00:01    7,321,349     
3     FUSE       5           1346        1346         0:00:01    9,786,489     
4     FUSE       5           1346        1346         0:00:01    12,178,155    
5     FUSE       5           1346        1346         0:00:01    14,586,806    
6     FUSE       5           1346        1346         0:00:01    17,024,171    
7     FUSE       5           1346        1346         0:00:01    19,477,471    
8     FUSE       5           1346        1346         0:00:01    21,978,276    
9     FUSE       5           1346        1346         0:00:01    24,332,092    
10    FUSE       5           1346        1346         0:00:02    26,787,880    
11    FUSE       5           1346        1346         0:00:02    29,207,195    
12    FUSE       5           1346        1346         0:00:02    31,604,618    
13    FUSE       5           1346        1346         0:00:02    33,962,279    
14    FUSE       5           1346        1346         0:00:02    36,435,271    
15    FUSE       5           1346        1346         0:00:02    38,864,569    
16    FUSE       5           1346        1346         0:00:02    41,180,694    
17    FUSE       5           1346        1346         0:00:02    43,590,638    
18    FUSE       5           1346        1346         0:00:02    45,883,667    
19    FUSE       5           1346        1346         0:00:03    48,261,435    
19    FUSE       5           ------      1346         0:00:03    48,261,435    
Completed search.
Total rearrangements examined: 48,261,435. 
No target score defined.  Best score hit 20 times.
Best score: 1346.  7 trees retained. 
xmult 3.00 secs. 
7 trees saved to tmp.tre           
save 0.00 secs. 
 
Note: for consensus calculation, trees will be 
temporarily collapsed (with TBR) 
Strict consensus of 7 trees (0 taxa excluded) calculated, as tree 7 
nelsen 0.00 secs. 


        ------------------------------------------------------------
        Synapomorphies of 7 trees plotted on the strict
        consensus.  Only unambiguous synapomorphies, occuring in
        every tree, are indicated. This makes results much more
        conservative!
        ------------------------------------------------------------ 
Collapsing branches with no possible support ("rule 3") 
 
Synapomorphies common to 7 trees 
   ,-- 'Heterocephalus_glaber'
   |  ,--9,14,58,99,107,109,142,152,161,177,196,199,235,241,252,268,283,284,285,286,295,304,327,342,350,363,365,372,379,381,392,396,398,426,428,437,453 'Octodon_degus'
|--|  |                                                ,--5,12,16,28,34,36,57,59,62,76,86,96,109,125,138,156,196,197,198,204,226,266,268,297,303,306,322,323,334,351,352,354,355,366,370,377,378,384,400,427,428,437,440,451,463,466,470,471,478 'Jaculus_jaculus'
   |  |                                                |                                         ,--0,1,2,3,13,19,30,54,82,100,125,178,179,180,181,182,183,184,185,186,187,188,189,190,191,192,193,223,271,324,327,355,370,400,448 'Tupaia_chinensis'
   `--|                                                |                                         |             ,--8,10,19,21,23,24,25,26,27,95,109,121,140,202,239,268,281,307,365,370,423,463,477 'Camelus_ferus'
      |                                                |                                         |             |--9,20,31,119,151,199,226,322,325,348,349,352,354,387,401,411,428,463,466,472 'Pteropus_alecto'
      `--39,115,116,124,140,210,211,292,308,348,469,476|                                         |             |--78,81,97,105,114,162,165,166,167,168,169,170,171,172,173,197,220,221,268,280,281,283,359,365,466,481 'Sus_scrofa'
                                                       |                                         |             |               ,--31,86,99,109,110,113,152,161,194,235,274,281,325,350,355,365,368,409,426,461,473,478 'Ceratotherium_simum_simum'
                                                       |                                         |             |--54,95,105,322---5,6,11,14,15,35,224,257,283,288,364,427 'Equus_caballus'
                                                       |                                         |             |                              ,--51,77,84,100,155,217,223,324,325,348 'Oryctolagus_cuniculus'
                                                       `--33,35,98,99,149,154,200,236,243,304,436|             |--9,82,139,159,287,322,385,472---6,13,15,30,40,42,48,62,66,76,78,87,93,94,102,105,109,119,121,125,142,152,153,154,161,162,164,175,177,236,240,241,242,245,266,272,274,282,297,309,314,327,330,354,355,359,367,370,371,374,378,383,386,400,409,428,447,451,462,463,469,480,481 'Ochotona_princeps'
                                                                                                 |             |            ,--7,15,33,34,37,44,51,59,68,105,109,115,125,138,140,151,152,154,159,202,268,270,275,301,307,334,350,355,359,366,367,385,386,400,428,466,470,481 'Condylura_cristata'
                                                                                                 |             |--35,323,370---6,14,17,18,39,40,78,95,96,100,107,112,113,121,124,162,174,176,198,199,201,221,223,232,238,265,266,267,272,280,283,297,325,338,342,348,354,363,378,411,414,416,427,451,474,480 'Dasypus_novemcinctus'
                                                                                                 |             |                                                                                ,--40,71,103,164,177,215,226,264 'Ovis_aries'
                                                                                                 |             |--13,22,30,32,34,107,115,121,124,154,195,245,267,355,379,400,426,463,469,473,477|                                                                                       ,--39 'Bos_grunniens_mutus'
                                                                                                 |             |                                                                                `--51,96,109,149,157,201,220,221,223,242,265,272,279,293,308,352,370,372,373,374,387,453---4,5,6,7,8,9,10,11,12,13,14,348,469 'Bos_taurus'
                                                                                                 `--114,268,281|                                                                                                                               ,--268 'Tursiops_truncatus'
                                                                                                               |                          ,--7,9,40,109,111,148,152,154,162,194,195,202,203,239,252,265,281,293,297,303,337,358,426,437,453,463--- 'Orcinus_orca'
                                                                                                               |--13,14,28,29,32,33,34,370|                                                         ,--42,113,115,117,121,142,200,244,270,289,301,304,350,365,368,370,372,411,440,453,463,469,470 'Loxodonta_africana'
                                                                                                               |                          `--3,4,20,30,31,96,110,139,141,161,210,308,334,348,428,474---68,109,195,211,236,245,252,275,297,298,386,392 'Trichechus_manatus_latirostris
                                                                                                               |             ,--101,104,153,199,200,201,204,209,265,370 'Odobenus_rosmarus_divergens'
                                                                                                               |             |--14,99,102,109,132,198,201,202,257,292,344,351,424,427,469,479 'Ailuropoda_melanoleuca'
                                                                                                               |--119,470,476+--42,77,78,92,95,125,140,198,238,257,282,326,330,351,354,366,453,470,472,473 'Mustela_putorius_furo'
                                                                                                               |             |--6,15,99,121,152,157,199,200,266,289,291,298,379,383,398,428,463 'Felis_catus'
                                                                                                               |             `--6,14,42,97,99,139,152,159,266,271,283,325,354,400,401,409,427,472 'Canis_lupus_familiaris'
                                                                                                               |         ,--7,29,31,35,51,54,62,77,98,154,155,161,196,198,235,237,243,268,271,308,365,367,370,372,395,472,475,481 'Otolemur_garnettii'
                                                                                                               |         |                                                                                                    ,--6,29,52,58,76,159,273,293,295,344,392,424,479,481 'Callithrix_jacchus'
                                                                                                               |         |                                                      ,--9,17,32,105,110,199,211,221,245,267,268,370---113,175,281,287,289,308,343,411 'Saimiri_boliviensis_boliviensi
                                                                                                               `--102,325|                                                      |                                                                           ,--20 'Papio_cynocephalus'
                                                                                                                         |                                                      |                                                     ,--154,345,346,347,476--- 'Papio_anubis'
                                                                                                                         `--6,52,60,68,76,87,113,114,121,140,164,200,324,348,473|                 ,--10,33,34,40,50,57,208,387,469,473|             ,-- 'Macaca_mulatta'
                                                                                                                                                                                |                 |                                   `--161,343,374---28,29,30,31,32,33,34,35,39,389 'Macaca_fascicularis'
                                                                                                                                                                                `--202,289,342,350|                         ,--4,5,6,7,8,9,10,11,12,13,14,15,16,17,19,20,21,22,28,29,32,33,34,38,39,164,275,428 'Nomascus_leucogenys'
                                                                                                                                                                                                  |                         |             ,--141,287,322,463 'Pongo_abelii'
                                                                                                                                                                                                  `--102,153,265,383,411,463|             |     ,--20,281,386,475 'Gorilla_gorilla_gorilla'
                                                                                                                                                                                                                            `--202,303,427|     |     ,--478,482 'synthetic_construct_other'
                                                                                                                                                                                                                                          `--257+--105--- 'Homo_sapiens'
                                                                                                                                                                                                                                                |     ,-- 'Pan_paniscus'
                                                                                                                                                                                                                                                `--245---7,8 'Pan_troglodytes'
apo 0.00 secs. 
Collapsing trees with TBR 
Selecting tree(s) 7,  
1 trees selected 
Closing tmp.tre (with 7 trees saved)
tsave 0.00 secs. 


        ------------------------------------------------------------
        Group supports are calculated by TBR-swapping the trees
        found, keeping note of the number of steps needed to
        loose each group.  The labels on branches show absolute
        and relative bremer supports (Goloboff & Farris 2001).
        Groups indicated with a question mark (?) are those
        for which the absolute bremer supports appear to be
        10 or more...
        ------------------------------------------------------------ 
Suboptimal 10.000 x 0.000 
Reading from tmp.tre 
'tree(s) from TNT, for data in ../results/tnt_input/222537757.tnt'
7 trees read (trees 1-7) 
tread 0.00 secs. 
Again reading from myscript.run 
 
WARNING: 
Non-binary starting trees will be dichotomized (randomly) 
 
Copied legends: "Bremer supports (from 9227 trees, cut 0)" 
bsupport 0.00 secs. 
Suboptimal 10.000 x 0.900 
 
WARNING: 
Non-binary starting trees will be dichotomized (randomly) 
 
Note: TBR-swapping used to approximate supports 
Copied legends: "Relative bremer supports (from 6746 trees, cut 0)" 
bsupport 0.00 secs. 
 
Bremer supports (from 9227 trees, cut 0)/Relative bremer supports (from 6746 trees, cut 0) 
    ,--/ 'Heterocephalus_glaber'
    |          ,--/ 'Octodon_degus'
|--/|          |      ,--/ 'Jaculus_jaculus'
    |          |      |      ,--/ 'Tupaia_chinensis'
    `--10?/100?|      |      |      ,--/ 'Camelus_ferus'
               |      |      |      |--/ 'Pteropus_alecto'
               `--8/43|      |      |--/ 'Sus_scrofa'
                      |      |      |      ,--/ 'Ceratotherium_simum_simum'
                      |      |      |--2/18---/ 'Equus_caballus'
                      |      |      |      ,--/ 'Oryctolagus_cuniculus'
                      `--5/31|      |--4/25---/ 'Ochotona_princeps'
                             |      |      ,--/ 'Condylura_cristata'
                             |      |--2/18---/ 'Dasypus_novemcinctus'
                             |      |          ,--/ 'Ovis_aries'
                             |      |--10?/100?|          ,--/ 'Bos_grunniens_mutus'
                             |      |          `--10?/100?---/ 'Bos_taurus'
                             `--1/18|                 ,--/ 'Tursiops_truncatus'
                                    |      ,--10?/100?---/ 'Orcinus_orca'
                                    |--3/21|          ,--/ 'Loxodonta_africana'
                                    |      `--10?/100?---/ 'Trichechus_manatus_latirostris
                                    |      ,--/ 'Odobenus_rosmarus_divergens'
                                    |      |--/ 'Ailuropoda_melanoleuca'
                                    |--5/32+--/ 'Mustela_putorius_furo'
                                    |      |--/ 'Felis_catus'
                                    |      `--/ 'Canis_lupus_familiaris'
                                    |      ,--/ 'Otolemur_garnettii'
                                    |      |                  ,--/ 'Callithrix_jacchus'
                                    |      |          ,--10/83---/ 'Saimiri_boliviensis_boliviensi
                                    `--2/17|          |                       ,--/ 'Papio_cynocephalus'
                                           |          |              ,--5/100?---/ 'Papio_anubis'
                                           `--10?/100?|      ,--10/83|        ,--/ 'Macaca_mulatta'
                                                      |      |       `--3/100?---/ 'Macaca_fascicularis'
                                                      `--3/57|      ,--/ 'Nomascus_leucogenys'
                                                             |      |      ,--/ 'Pongo_abelii'
                                                             `--5/48|      |      ,--/ 'Gorilla_gorilla_gorilla'
                                                                    `--2/67|      |      ,--/ 'synthetic_construct_other'
                                                                           `--1/75+--1/75---/ 'Homo_sapiens'
                                                                                  |      ,--/ 'Pan_paniscus'
                                                                                  `--1/75---/ 'Pan_troglodytes'
Suboptimal 0.000 x 0.900 
1 trees in memory 
 
WARNING: 
Existing tree-tags will be erased 
 


        ------------------------------------------------------------
        Resampling is done with 100 replications of symmetric
        resampling (see Goloboff et al. 2003), analyzing each data
        set with a single random addition sequence plus TBR
        (collapsing the resulting tree with TBR, see Goloboff &
        Farris, 2001).  The labels on branches show frequency and
        frequency differences (see Goloboff et al. 2003).
        ------------------------------------------------------------ 
Collapsing trees with TBR 
Copied legends: "Group freqs., 100 replicates, cut=50 (tree 0) - Symmetric Resampling (P=33)" 
Copied legends: "GC values, 100 replicates, cut=0 (tree 1) - Symmetric Resampling (P=33)" 
 
0.00 secs. to complete resampling 
1 trees in memory 
 
Group freqs., 100 replicates, cut=50 (tree 0) - Symmetric Resampling (P=33)/GC values, 100 replicates, cut=0 (tree 1) - Symmetric Resampling (P=33) 
    ,--/ 'Heterocephalus_glaber'
    |         ,--/ 'Octodon_degus'
|--/|         |       ,--/ 'Jaculus_jaculus'
    |         |       |       ,--/ 'Tupaia_chinensis'
    `--100/100|       |       |         ,--/ 'Camelus_ferus'
              |       |       |         |--/ 'Pteropus_alecto'
              `--97/94|       |         |--/ 'Sus_scrofa'
                      |       |         |       ,--/ 'Ceratotherium_simum_simum'
                      |       |         |--57/52---/ 'Equus_caballus'
                      |       |         |       ,--/ 'Oryctolagus_cuniculus'
                      `--78/65|         |--65/40---/ 'Ochotona_princeps'
                              |         |      ,--/ 'Condylura_cristata'
                              |         |--17/2---/ 'Dasypus_novemcinctus'
                              |         |         ,--/ 'Ovis_aries'
                              |         |--100/100|         ,--/ 'Bos_grunniens_mutus'
                              |         |         `--100/100---/ 'Bos_taurus'
                              `--15/[10]|                 ,--/ 'Tursiops_truncatus'
                                        |       ,--100/100---/ 'Orcinus_orca'
                                        |--73/56|         ,--/ 'Loxodonta_africana'
                                        |       `--100/100---/ 'Trichechus_manatus_latirostris
                                        |       ,--/ 'Odobenus_rosmarus_divergens'
                                        |       |--/ 'Ailuropoda_melanoleuca'
                                        |--66/57+--/ 'Mustela_putorius_furo'
                                        |       |--/ 'Felis_catus'
                                        |       `--/ 'Canis_lupus_familiaris'
                                        |       ,--/ 'Otolemur_garnettii'
                                        |       |                 ,--/ 'Callithrix_jacchus'
                                        |       |       ,--100/100---/ 'Saimiri_boliviensis_boliviensi
                                        `--37/18|       |                           ,--/ 'Papio_cynocephalus'
                                                |       |                 ,--100/100---/ 'Papio_anubis'
                                                `--98/97|       ,--100/100|       ,--/ 'Macaca_mulatta'
                                                        |       |         `--96/96---/ 'Macaca_fascicularis'
                                                        `--76/67|       ,--/ 'Nomascus_leucogenys'
                                                                |       |       ,--/ 'Pongo_abelii'
                                                                `--95/94|       |       ,--/ 'Gorilla_gorilla_gorilla'
                                                                        `--92/88|       |       ,--/ 'synthetic_construct_other'
                                                                                `--85/85+--66/66---/ 'Homo_sapiens'
                                                                                        |       ,--/ 'Pan_paniscus'
                                                                                        `--71/71---/ 'Pan_troglodytes'
 
WARNING: 
File "myscript.tre" already exists.  It will be overwritten. 
 
Saved trees (Nexus format) to file myscript.tre 
Results saved (as text) to file myscript.out 

