Watch is ON 
Collapsing trees with TBR 
Time reset 
Tree file: tmp.tre 
tsave 0.00 secs. 
Record search status: every 1 rep(s). 


        ------------------------------------------------------------
        Search routine used:
           finding optimal score 20 times independently, using defaults
           of "xmult" plus 10 cycles of tree-drifting (Goloboff
           1999).
           Note: for consensus calculation, trees TBR-collapsed.
           ALSO NOTE: THIS IS AN OVERKILL FOR MOST DATA SETS!
        ------------------------------------------------------------ 
Space for 1000 trees in memory 
Repl. Algor.     Tree        Score       Best Score   Time       Rearrangs.
0     FUSE       5           3234        3234         0:00:00    311,534       
1     FUSE       5           3234        3234         0:00:00    618,750       
2     FUSE       5           3234        3234         0:00:00    937,349       
3     FUSE       5           3234        3234         0:00:00    1,249,856     
4     FUSE       5           3234        3234         0:00:00    1,562,376     
5     FUSE       5           3234        3234         0:00:01    1,873,001     
6     FUSE       5           3234        3234         0:00:01    2,179,658     
7     FUSE       5           3234        3234         0:00:01    2,487,843     
8     FUSE       5           3234        3234         0:00:01    2,801,003     
9     FUSE       5           3234        3234         0:00:01    3,113,618     
10    FUSE       5           3234        3234         0:00:01    3,423,361     
11    FUSE       5           3234        3234         0:00:01    3,736,509     
12    FUSE       5           3234        3234         0:00:01    4,044,383     
13    FUSE       5           3234        3234         0:00:02    4,354,519     
14    FUSE       5           3234        3234         0:00:02    4,663,678     
15    FUSE       5           3234        3234         0:00:02    4,973,526     
16    FUSE       5           3234        3234         0:00:02    5,284,390     
17    FUSE       5           3234        3234         0:00:02    5,593,663     
18    FUSE       5           3234        3234         0:00:02    5,905,584     
19    FUSE       5           3234        3234         0:00:02    6,213,425     
19    FUSE       5           ------      3234         0:00:02    6,213,425     
Completed search.
Total rearrangements examined: 6,213,425. 
No target score defined.  Best score hit 20 times.
Best score: 3234.  1 trees retained. 
xmult 2.00 secs. 
1 trees saved to tmp.tre           
save 0.00 secs. 
 
Note: for consensus calculation, trees will be 
temporarily collapsed (with TBR) 
Strict consensus of 1 trees (0 taxa excluded) calculated, as tree 1 
nelsen 0.00 secs. 


        ------------------------------------------------------------
        Synapomorphies of 1 trees plotted on the strict
        consensus.  Only unambiguous synapomorphies, occuring in
        every tree, are indicated. This makes results much more
        conservative!
        ------------------------------------------------------------ 
Collapsing branches with no possible support ("rule 3") 
 
Synapomorphies common to 1 trees 
   ,-- 'Cricetulus_griseus'
   |                                                                                                                                                                                                                                   ,--91,92,98,99,100,119,149,187,241,268,320,334,377,457,483,572,585,589,591,645,663,735,802,840,860,912,921,951,962,986,992,1004,1011,1045,1051,1090,1197,1238,1257,1271,1389,1396,1424,1425,1480,1489,1491,1521,1541,1559,1564,1574,1630,1632,1634,1636,1674 'Mus_musculus'
|--|  ,--95,96,97,131,138,148,159,229,243,254,298,338,396,397,440,458,475,481,489,497,505,506,514,564,600,609,631,642,649,670,672,689,697,742,800,873,900,954,987,1021,1028,1047,1134,1152,1167,1339,1475,1535,1539,1554,1578,1666,1691---107,144,146,156,194,201,208,252,332,363,384,390,423,502,550,560,588,616,622,685,712,719,738,858,916,1135,1381,1382,1395,1485,1518,1546,1547,1631,1643,1650 'Rattus_norvegicus'
   |  |                                                                                                                                                                                                                                                                                                ,--90,105,117,122,138,144,149,162,163,172,173,174,176,185,192,193,194,204,206,211,214,222,224,244,260,263,264,273,274,286,302,313,314,334,338,344,346,347,353,363,364,371,373,377,379,380,388,390,391,401,407,412,414,427,434,440,442,459,463,476,483,485,489,514,515,520,522,530,541,544,565,577,578,584,588,599,608,612,615,641,649,652,660,666,675,713,734,741,742,800,810,817,820,840,846,847,850,857,865,872,873,880,886,887,888,889,895,900,902,911,913,987,991,1007,1013,1015,1026,1047,1054,1059,1077,1083,1084,1087,1088,1089,1127,1128,1129,1135,1143,1144,1145,1150,1153,1165,1202,1236,1253,1271,1284,1302,1303,1319,1342,1374,1375,1377,1384,1395,1396,1400,1402,1436,1439,1451,1485,1493,1495,1498,1513,1514,1518,1519,1525,1537,1538,1541,1542,1549,1550,1552,1555,1574,1579,1602,1605,1609,1636,1642,1651,1660,1691 'Cavia_porcellus'
   `--|                                                                                                                                                                                                                                                                                                |                                                                                ,--92,119,127,136,142,163,184,194,208,221,222,224,256,270,279,282,291,302,303,308,311,313,314,341,346,359,376,379,380,392,402,425,429,434,457,463,464,477,485,487,494,496,502,530,533,541,550,566,567,576,577,578,585,592,595,608,613,633,634,638,645,657,660,666,672,685,689,716,718,733,734,737,738,802,806,809,837,841,846,850,858,861,865,867,872,874,879,894,895,935,937,945,950,954,990,999,1007,1008,1009,1012,1026,1034,1051,1060,1128,1130,1132,1135,1144,1236,1239,1265,1268,1275,1284,1285,1290,1299,1309,1338,1361,1364,1396,1400,1402,1403,1421,1433,1439,1447,1480,1483,1519,1521,1542,1548,1563,1564,1569,1571,1579,1583,1595,1610,1616,1644,1691 'Oryctolagus_cuniculus'
      `--92,127,166,307,311,312,318,337,366,395,403,423,454,479,482,495,501,535,555,575,627,628,630,643,656,661,682,685,687,718,735,803,855,858,870,871,874,916,950,951,953,992,1011,1017,1045,1069,1079,1090,1201,1233,1235,1240,1251,1276,1332,1333,1413,1433,1435,1476,1540,1548,1558,1571,1632,1659|                                                                                |                                                           ,--103,106,127,138,165,166,177,191,204,211,224,234,239,252,258,259,278,283,286,312,334,338,347,364,366,382,393,403,405,414,415,427,441,457,467,472,473,476,477,485,489,513,522,526,531,538,565,570,575,584,585,589,600,609,617,632,658,663,674,676,695,716,735,741,820,849,864,865,868,872,873,874,879,880,890,897,914,924,941,955,970,987,990,992,994,998,1002,1005,1008,1010,1034,1042,1047,1054,1056,1059,1079,1131,1132,1142,1167,1191,1201,1202,1251,1258,1262,1340,1343,1362,1367,1377,1391,1395,1402,1428,1430,1432,1435,1438,1448,1462,1477,1489,1507,1530,1531,1537,1549,1557,1631,1691 'Otolemur_garnettii'
                                                                                                                                                                                                                                                                                                       |                                                                                |                                                           |                                                                                                                                                                                          ,--87,103,105,109,117,163,166,168,193,197,198,258,319,320,321,322,325,326,327,328,329,330,331,332,333,334,336,337,338,339,340,341,342,343,344,345,347,348,349,350,351,352,353,354,355,356,357,358,359,360,361,362,363,365,366,367,368,369,370,371,372,373,374,375,376,377,378,382,383,384,385,387,388,389,390,391,392,393,414,417,419,458,476,522,534,551,573,577,578,582,584,595,611,635,636,716,806,810,813,819,851,854,857,858,865,866,867,868,869,872,876,878,890,923,955,1000,1034,1045,1085,1131,1145,1239,1256,1264,1267,1275,1302,1328,1367,1397,1402,1442,1474,1479,1487,1489,1493,1520,1530,1542,1559,1584,1608,1675,1676,1677,1678,1679,1680,1681,1682,1683,1684,1685,1686,1687,1688,1689,1690,1693,1694,1695,1696,1697,1698,1699,1700,1701,1702,1703,1704,1705,1706,1707,1708,1709,1710,1711,1712,1713,1714,1715,1716,1717,1718,1719,1720,1721,1722,1723,1724,1725,1726,1727,1728,1729,1730,1731,1732,1733,1734,1735,1736,1737,1738,1739,1740,1741,1742,1743,1744,1745,1746,1747,1748,1749,1750,1751,1752,1753 'Pteropus_alecto'
                                                                                                                                                                                                                                                                                                       `--210,481,528,557,568,609,635,807,827,830,922,1224,1257,1369,1380,1419,1448,1517|                                                           |                                                                                                                                           ,--278,457,804,949,950,1069,1170,1203,1498,1579|                                                                                                                                                              ,--0,1,2,3,4,5,6,7,8,9,10,11,12,13,14,15,16,17,18,19,20,21,22,23,24,25,26,27,28,29,30,31,32,33,34,35,36,37,38,39,40,41,42,43,44,45,46,47,48,49,50,51,52,53,54,55,56,57,58,59,60,61,62,63,64,65,66,67,68,69,70,71,72,73,74,75,76,77,78,79,80,81,82,83,84,85,111,123,126,130,146,152,166,168,194,214,234,251,257,264,282,286,297,318,361,404,510,511,513,514,538,567,587,589,590,612,617,632,633,666,684,738,804,805,841,850,869,877,893,915,974,986,987,1009,1023,1055,1090,1127,1128,1129,1257,1322,1336,1344,1360,1365,1366,1421,1425,1433,1439,1442,1447,1448,1474,1490,1492,1498,1506,1537,1543,1548,1580,1590,1629,1650 'Felis_catus'
                                                                                                                                                                                                                                                                                                                                                                                        |                                                           |                                                                                                                                           |                                              `--104,150,415,470,482,540,565,660,689,808,840,860,864,874,880,912,990,996,1003,1004,1005,1006,1031,1049,1165,1191,1345,1364,1372,1478,1486,1511,1517,1552,1583---138,157,176,203,274,283,306,312,316,333,337,345,392,401,422,439,441,450,472,484,546,606,613,645,653,676,729,732,737,741,744,802,812,843,854,857,924,998,1021,1060,1135,1157,1163,1197,1204,1208,1234,1237,1251,1271,1374,1382,1403,1419,1462,1466,1483,1499,1514,1541,1574,1579,1626,1641,1645 'Ailuropoda_melanoleuca'
                                                                                                                                                                                                                                                                                                                                                                                        `--122,254,263,298,483,588,620,1052,1271,1374,1476,1497,1638|                                                      ,--190,411,483,494,514,567,859,864,867,869,879,937,1006,1239,1257,1380,1519,1627,1668|                                                                                                                                                                     ,--88,89,125,127,149,177,274,311,337,364,366,429,472,479,489,492,513,524,531,539,573,574,600,605,617,619,626,685,687,716,734,739,830,865,912,924,962,990,1047,1048,1066,1196,1222,1278,1280,1419,1443,1479,1501,1520,1560,1570,1576,1583,1605 'Orcinus_orca'
                                                                                                                                                                                                                                                                                                                                                                                                                                                    |                                                      |                                                                                    `--174,203,214,248,281,313,334,363,367,420,441,461,609,670,672,718,802,849,870,873,881,1012,1060,1062,1201,1209,1220,1237,1251,1268,1274,1299,1403,1413,1442,1499,1664|                                                                                                                                                                                                                                                                                                                        ,--137,140,187,250,316,338,504,514,524,526,527,528,529,530,541,605,666,687,693,843,862,1007,1017,1040,1045,1056,1069,1085,1130,1135,1344,1350,1375,1380,1381,1485,1538,1559,1560,1571,1578 'Ovis_aries'
                                                                                                                                                                                                                                                                                                                                                                                                                                                    |                                                      |                                                                                                                                                                                                                                                          `--102,111,193,194,195,246,252,260,280,283,286,373,392,397,405,445,454,466,470,483,493,505,510,520,521,544,548,557,561,582,584,589,590,658,663,676,679,683,730,735,805,815,836,876,884,914,919,922,955,1052,1055,1082,1163,1181,1203,1257,1279,1315,1332,1365,1371,1384,1396,1466,1497,1519,1541,1574,1608,1629,1632,1634---265,308,393,396,411,468,513,543,573,853,854,858,1091,1092,1093,1094,1095,1096,1097,1098,1099,1100,1101,1102,1103,1104,1105,1106,1107,1108,1109,1110,1111,1112,1113,1114,1115,1116,1117,1118,1119,1120,1121,1122,1123,1124,1125,1126,1129,1182,1209,1235,1286,1288,1383,1394,1416,1420,1427,1428,1432,1447,1474,1475,1570,1691 'Bos_taurus'
                                                                                                                                                                                                                                                                                                                                                                                                                                                    `--176,313,353,442,502,528,530,557,670,734,807,858,1536|                                                      ,--92,93,104,111,122,136,142,149,158,159,168,171,177,184,193,195,213,227,228,229,239,252,254,259,270,286,302,314,316,320,323,324,325,326,327,329,331,332,333,334,337,339,340,341,342,344,345,346,347,348,350,351,352,353,354,355,356,357,358,360,361,362,363,364,365,368,369,370,371,372,373,376,378,379,381,382,383,384,385,387,388,389,390,391,393,395,400,403,408,415,427,433,476,477,497,515,520,521,524,541,559,561,578,585,589,605,620,622,624,666,667,670,685,689,693,708,717,736,744,745,746,747,748,749,750,751,752,753,754,755,756,757,758,759,760,761,762,763,764,765,766,767,768,769,770,771,772,773,774,775,776,777,778,779,780,781,782,783,784,785,786,787,788,789,790,791,792,793,794,795,796,797,798,799,827,830,846,850,853,858,859,864,871,874,877,880,881,885,897,910,912,913,916,935,950,994,1000,1013,1015,1018,1130,1137,1145,1235,1257,1264,1338,1363,1365,1367,1371,1376,1378,1394,1395,1396,1398,1400,1401,1413,1422,1426,1434,1480,1483,1485,1499,1511,1518,1519,1521,1523,1539,1542,1548,1550,1552,1554,1567,1605,1633,1636,1659,1664,1674,1693,1694,1695,1696,1697,1698,1699,1700,1701,1702,1703,1704,1705,1706,1707,1708,1709,1710,1711,1712,1713,1714,1715,1716 'Tupaia_chinensis'
                                                                                                                                                                                                                                                                                                                                                                                                                                                                                                           |                                                      |                                                                                                                                                                                                                                                                                                                                                                                                                    ,--119,122,280,402,447,484,493,523,539,542,546,548,584,599,612,615,687,710,721,807,809,830,850,858,874,875,877,916,954,997,1280,1308,1321,1337,1371,1475,1483,1499,1518,1562 'Callithrix_jacchus'
                                                                                                                                                                                                                                                                                                                                                                                                                                                                                                           `--150,164,366,487,613,617,632,651,739,741,860,941,1641|                                                                                                                                                        ,--103,107,144,146,148,152,168,191,194,217,219,313,385,404,440,485,520,530,534,565,576,577,594,598,618,635,683,712,716,738,741,802,808,837,846,853,854,855,879,892,898,918,922,941,974,1011,1055,1195,1267,1270,1320,1322,1343,1427,1433,1511,1535,1590,1615---165,166,203,260,375,432,477,505,531,622,643,708,733,849,912,990,1006,1151,1152,1200,1238,1266,1425,1515,1594 'Saimiri_boliviensis_boliviensi
                                                                                                                                                                                                                                                                                                                                                                                                                                                                                                                                                                  |                                                                                                                                                        |                                                                                                                                                                                                                           ,--316,366,482,856,857,861,870,1318 'Papio_anubis'
                                                                                                                                                                                                                                                                                                                                                                                                                                                                                                                                                                  `--166,180,181,214,234,278,280,414,422,439,483,528,546,567,590,615,676,691,737,804,836,861,873,878,890,894,914,943,947,1012,1027,1081,1128,1339,1558,1691|                                                                                                   ,--90,92,120,239,256,384,438,439,518,525,603,620,666,687,825,833,877,884,885,931,1059,1165,1204,1371,1499,1506,1554,1602---941,943,1437,1557,1650 'Macaca_mulatta'
                                                                                                                                                                                                                                                                                                                                                                                                                                                                                                                                                                                                                                                                                                                           `--175,279,308,382,401,432,479,488,494,587,646,711,815,849,851,858,874,1271,1401,1548,1570,1585,1634|                                                             ,--144,166,168,175,186,191,193,215,219,248,506,513,539,561,676,740,846,871,873,879,895,1013,1275,1391,1397,1437 'Nomascus_leucogenys'
                                                                                                                                                                                                                                                                                                                                                                                                                                                                                                                                                                                                                                                                                                                                                                                                                               `--224,288,379,425,565,660,725,733,830,867,1066,1276,1318,1447|                                                     ,--138,592,689,990,1436,1474 'Pan_troglodytes'
                                                                                                                                                                                                                                                                                                                                                                                                                                                                                                                                                                                                                                                                                                                                                                                                                                                                                             `--249,439,524,566,802,847,869,882,1055,1060,1342,1616---78,79,80,81,82,83,84,85,573,587,589,1027,1062 'Homo_sapiens'
apo 0.00 secs. 
Collapsing trees with TBR 
Selecting tree(s) 1,  
1 trees selected 
Closing tmp.tre (with 1 trees saved)
tsave 0.00 secs. 


        ------------------------------------------------------------
        Group supports are calculated by TBR-swapping the trees
        found, keeping note of the number of steps needed to
        loose each group.  The labels on branches show absolute
        and relative bremer supports (Goloboff & Farris 2001).
        Groups indicated with a question mark (?) are those
        for which the absolute bremer supports appear to be
        10 or more...
        ------------------------------------------------------------ 
Suboptimal 10.000 x 0.000 
Reading from tmp.tre 
'tree(s) from TNT, for data in ../results/tnt_input/a2m.tnt'
1 trees read (trees 1-1) 
tread 0.00 secs. 
Again reading from myscript.run 
Copied legends: "Bremer supports (from 65 trees, cut 0)" 
bsupport 0.00 secs. 
Suboptimal 10.000 x 0.900 
Note: TBR-swapping used to approximate supports 
Copied legends: "Relative bremer supports (from 65 trees, cut 0)" 
bsupport 0.00 secs. 
 
Bremer supports (from 65 trees, cut 0)/Relative bremer supports (from 65 trees, cut 0) 
    ,--/ 'Cricetulus_griseus'
    |                     ,--/ 'Mus_musculus'
|--/|          ,--10?/100?---/ 'Rattus_norvegicus'
    |          |          ,--/ 'Cavia_porcellus'
    `--10?/100?|          |      ,--/ 'Oryctolagus_cuniculus'
               `--10?/100?|      |      ,--/ 'Otolemur_garnettii'
                          |      |      |                   ,--/ 'Pteropus_alecto'
                          `--5/16|      |            ,--2/20|          ,--/ 'Felis_catus'
                                 |      |            |      `--10?/100?---/ 'Ailuropoda_melanoleuca'
                                 `--2/15|     ,--4/17|          ,--/ 'Orcinus_orca'
                                        |     |      `--10?/100?|          ,--/ 'Ovis_aries'
                                        |     |                 `--10?/100?---/ 'Bos_taurus'
                                        `--1/4|     ,--/ 'Tupaia_chinensis'
                                              |     |                     ,--/ 'Callithrix_jacchus'
                                              `--1/4|          ,--10?/100?---/ 'Saimiri_boliviensis_boliviensi
                                                    |          |                     ,--/ 'Papio_anubis'
                                                    `--10?/100?|          ,--10?/100?---/ 'Macaca_mulatta'
                                                               `--10?/100?|          ,--/ 'Nomascus_leucogenys'
                                                                          `--10?/100?|          ,--/ 'Pan_troglodytes'
                                                                                     `--10?/100?---/ 'Homo_sapiens'
Suboptimal 0.000 x 0.900 
1 trees in memory 
 
WARNING: 
Existing tree-tags will be erased 
 


        ------------------------------------------------------------
        Resampling is done with 100 replications of symmetric
        resampling (see Goloboff et al. 2003), analyzing each data
        set with a single random addition sequence plus TBR
        (collapsing the resulting tree with TBR, see Goloboff &
        Farris, 2001).  The labels on branches show frequency and
        frequency differences (see Goloboff et al. 2003).
        ------------------------------------------------------------ 
Collapsing trees with TBR 
Copied legends: "Group freqs., 100 replicates, cut=50 (tree 0) - Symmetric Resampling (P=33)" 
Copied legends: "GC values, 100 replicates, cut=0 (tree 1) - Symmetric Resampling (P=33)" 
 
1.00 secs. to complete resampling 
1 trees in memory 
 
Group freqs., 100 replicates, cut=50 (tree 0) - Symmetric Resampling (P=33)/GC values, 100 replicates, cut=0 (tree 1) - Symmetric Resampling (P=33) 
    ,--/ 'Cricetulus_griseus'
    |                   ,--/ 'Mus_musculus'
|--/|         ,--100/100---/ 'Rattus_norvegicus'
    |         |         ,--/ 'Cavia_porcellus'
    `--100/100|         |       ,--/ 'Oryctolagus_cuniculus'
              `--100/100|       |       ,--/ 'Otolemur_garnettii'
                        |       |       |                       ,--/ 'Pteropus_alecto'
                        `--55/31|       |               ,--65/47|         ,--/ 'Felis_catus'
                                |       |               |       `--100/100---/ 'Ailuropoda_melanoleuca'
                                `--50/28|       ,--86/81|         ,--/ 'Orcinus_orca'
                                        |       |       `--100/100|         ,--/ 'Ovis_aries'
                                        |       |                 `--100/100---/ 'Bos_taurus'
                                        `--37/10|       ,--/ 'Tupaia_chinensis'
                                                |       |                   ,--/ 'Callithrix_jacchus'
                                                `--46/19|         ,--100/100---/ 'Saimiri_boliviensis_boliviensi
                                                        |         |                   ,--/ 'Papio_anubis'
                                                        `--100/100|         ,--100/100---/ 'Macaca_mulatta'
                                                                  `--100/100|       ,--/ 'Nomascus_leucogenys'
                                                                            `--99/98|         ,--/ 'Pan_troglodytes'
                                                                                    `--100/100---/ 'Homo_sapiens'
 
WARNING: 
File "myscript.tre" already exists.  It will be overwritten. 
 
Saved trees (Nexus format) to file myscript.tre 
Results saved (as text) to file myscript.out 

