Watch is ON 
Collapsing trees with TBR 
Time reset 
Tree file: tmp.tre 
tsave 0.00 secs. 
Record search status: every 1 rep(s). 


        ------------------------------------------------------------
        Search routine used:
           finding optimal score 20 times independently, using defaults
           of "xmult" plus 10 cycles of tree-drifting (Goloboff
           1999).
           Note: for consensus calculation, trees TBR-collapsed.
           ALSO NOTE: THIS IS AN OVERKILL FOR MOST DATA SETS!
        ------------------------------------------------------------ 
Space for 1000 trees in memory 
Repl. Algor.     Tree        Score       Best Score   Time       Rearrangs.
0     FUSE       5           3649        3649         0:00:01    390,832       
1     FUSE       5           3649        3649         0:00:01    793,123       
2     FUSE       5           3649        3649         0:00:01    1,201,106     
3     FUSE       5           3649        3649         0:00:01    1,592,037     
4     FUSE       5           3649        3649         0:00:01    2,008,008     
5     FUSE       5           3649        3649         0:00:01    2,420,543     
6     FUSE       5           3649        3649         0:00:01    2,821,068     
7     FUSE       5           3649        3649         0:00:01    3,209,295     
8     FUSE       5           3649        3649         0:00:02    3,610,138     
9     FUSE       5           3649        3649         0:00:02    4,010,654     
10    FUSE       5           3649        3649         0:00:02    4,418,099     
11    FUSE       5           3649        3649         0:00:02    4,827,606     
12    FUSE       5           3649        3649         0:00:02    5,235,261     
13    FUSE       5           3649        3649         0:00:02    5,624,759     
14    FUSE       5           3649        3649         0:00:02    6,040,049     
15    FUSE       5           3649        3649         0:00:02    6,444,174     
16    FUSE       5           3649        3649         0:00:03    6,844,020     
17    FUSE       5           3649        3649         0:00:03    7,232,328     
18    FUSE       5           3649        3649         0:00:03    7,639,409     
19    FUSE       5           3649        3649         0:00:03    8,051,652     
19    FUSE       5           ------      3649         0:00:03    8,051,652     
Completed search.
Total rearrangements examined: 8,051,652. 
No target score defined.  Best score hit 20 times.
Best score: 3649.  1 trees retained. 
xmult 3.00 secs. 
1 trees saved to tmp.tre           
save 0.00 secs. 
 
Note: for consensus calculation, trees will be 
temporarily collapsed (with TBR) 
Strict consensus of 1 trees (0 taxa excluded) calculated, as tree 1 
nelsen 0.00 secs. 


        ------------------------------------------------------------
        Synapomorphies of 1 trees plotted on the strict
        consensus.  Only unambiguous synapomorphies, occuring in
        every tree, are indicated. This makes results much more
        conservative!
        ------------------------------------------------------------ 
Collapsing branches with no possible support ("rule 3") 
 
Synapomorphies common to 1 trees 
   ,-- 'Cricetulus_griseus'
   |                                                                                   ,--906,1099,1219,1220,1232,1245,1253,1282,1283,1285,1293,1357,1488,1571,1572,1583,1590,1597,1676,1777,1815 'Mus_musculus'
   |  ,--748,1078,1083,1117,1223,1369,1397,1593,1669,1773,1810,1813,1923,1926,1930,1931---555,604,611,811,812,813,814,815,816,817,818,819,820,821,822,823,824,825,826,901,902,903,904,907,908,909,910,911,916,917,918,919,920,921,922,923,924,925,926,927,928,929,930,931,932,933,934,935,936,937,938,939,940,941,1076,1096,1108,1256,1264,1336,1362,1530,1680,1703,1728,1735,1747,1775,2099 'Rattus_norvegicus'
|--|  |                                                                                                                                                                                                                      ,--555,601,608,746,749,803,805,806,808,811,910,911,912,913,914,1079,1086,1114,1116,1117,1120,1216,1246,1274,1279,1294,1301,1308,1310,1313,1326,1330,1391,1396,1397,1416,1447,1465,1494,1580,1584,1586,1591,1594,1617,1631,1633,1650,1654,1659,1670,1676,1690,1727,1734,1745,1746,1749,1810,1815 'Ovis_aries'
   |  |                                                                                                                                                                ,--610,901,906,1094,1239,1249,1253,1284,1311,1655,1683|                         ,--799,802,805,901,1227,1346,1347,1349,1350,1351,1352,1353,1354,1355,1356,1357,1358,1359,1360,1361,1362,1363,1364,1366,1367,1368,1369,1370,1371,1372,1373,1374,1375,1376,1377,1378,1379,1380,1381,1382,1383,1384,1385,1386,1387,1388,1389,1390,1437,1447,1586,1592,1659,1815,1817 'Ailuropoda_melanoleuca'
   `--|                                                                                                                                                                |                                                     `--909,1235,1338,1425,1613|                                                                                                                                                                                               ,--506,554,555,601,605,607,747,748,749,800,802,803,806,808,809,902,904,905,909,910,1079,1085,1096,1106,1108,1115,1117,1217,1235,1246,1264,1268,1301,1308,1311,1318,1326,1330,1333,1338,1390,1392,1395,1396,1397,1416,1432,1447,1458,1471,1494,1584,1591,1594,1677,1727,1734,1741,1745,1749,1763,1777,1812,1813,1821,1826,1926,1927,2104 'Orcinus_orca'
      |                                                                                                                                                                |                                                                               `--1678,1679,1680,1682,1683,1684,1685,1686,1687,1688,1689,1690,1691,1692,1693,1694,1695,1696,1697,1698,1700,1701,1702,1703,1705,1706,1707,1708,1709,1710,1711,1712,1713,1714,1715,1717,1718,2105---610,807,901,913,1086,1238,1240,1244,1250,1343,1356,1371,1657,1809,1817,1844,1845,1924,2101 'Felis_catus'
      `--502,556,745,799,801,806,1095,1098,1108,1234,1244,1255,1257,1263,1287,1338,1341,1357,1371,1388,1396,1401,1449,1533,1665,1672,1755,1756,1763,1768,1780,1826,1927|                                            ,--602,608,745,806,808,809,895,896,897,898,899,900,903,1094,1095,1097,1228,1231,1246,1257,1279,1287,1288,1289,1310,1330,1386,1431,1451,1458,1534,1621,1654,1694,1704,1735,1755,1775,1813,1826,1848,1850,2101,2106 'Oryctolagus_cuniculus'
                                                                                                                                                                       |                                            |                                                                                                                                                                                                            ,--2197 'Pan_troglodytes'
                                                                                                                                                                       `--748,905,1291,1369,1555,1556,1828,2102,2109|                                                                                                                                                                                       ,--502,1241,1311,2102|                                                                                                                                                                                                              ,--611,744,1235,1288 'Homo_sapiens'
                                                                                                                                                                                                                    |                                                                                                                                                                                       |                    `--1678,1679,1680,1681,1682,1683,1684,1685,1686,1687,1688,1689,1690,1691,1692,1693,1694,1695,1696,1697,1698,1699,1700,1701,1702,1703,1704,1705,1706,1707,1708,1709,1710,1711,1712,1713,1714,1715,1716,1717,1718---906,1222,1343,1357,1397,1669,1819 'Nomascus_leucogenys'
                                                                                                                                                                                                                    `--503,573,750,1086,1117,1232,1239,1244,1264,1271,1284,1302,1318,1323,1329,1331,1338,1340,1425,1440,1528,1594,1657,1715,1719,1727,1734,1748,1749,1763,1764,1821,1838,1844,1926,2105,2107|                                                                                                                                                                                                                                                                                                                                                                                                                                                                                                                                                                                                                                                                                                                                                                                                                                                                                                                                                                                                                                                                                                                                                                                                                                                                                                                                                                                                                                                                                                                                                                                                                                                                                                                                                                                                                                                                                                                                                                                                                                                                                                                                   ,--2106 'Macaca_mulatta'
                                                                                                                                                                                                                                                                                                                                                                                                            |                                                                                                                                                                                                                                                                                                                                                                                                                                                                                                                                                                                                                                                                                                                                                                                                                                                                                                                                                                                                                                                                                                                                                                                                                                                                                                                                                                                                                                                                                                                                                                                                                                                                                                                                                                                                                                                                                                                                                                                                                                                                                                                                   |                                                                                                                                                                                                                                                                                                     ,--802,954,995 'Papio_anubis'
                                                                                                                                                                                                                                                                                                                                                                                                            `--|                                                                                                                                                                                                                                                                                                     |                                                                                                                                                                                                                    ,--285,286,289,296,297,302,304,305,306,307,308,309,310,311,320,321,323,324,325,328,329,330,331,332,334,335,336,338,339,342,343,344,345,346,347,348,349,350,351,352,353,354,355,356,357,358,359,361,362,364,367,368,370,371,372,373,374,375,376,377,378,379,380,381,382,383,384,385,386,387,388,389,390,522,617,746,770,967,979,995,1323,1734,2101 'Saimiri_boliviensis_boliviensi
                                                                                                                                                                                                                                                                                                                                                                                                                                                                                                                                                                                                                                                                                                                                                                                                                                                                                                                                                                                                                                                                                                                                                                                                                                                                                                                                                                                                                                                                                                                                                                                                                                                                                                                                                                                                                                                                                                                                                                                                                                                                                                                                                                                                                                                                                                                                                                                                                                                                                                                                                `--285,286,287,288,290,292,296,300,302,303,320,321,322,323,324,325,327,328,329,330,331,332,333,334,335,336,337,338,339,340,341,342,343,344,345,346,347,348,349,350,351,352,353,354,355,356,357,358,359,360,361,362,363,364,365,367,368,369,370,371,372,373,374,375,382,383,384,385,386,387,388,389,390|                                                                                              ,--316,397,457,691,795,906,914,948,977,1115,1119,1225,1228,1250,1326,1337,1431,1432,1558,1593,1598,1608,1695,1760,2106---0,1,2,3,4,5,6,7,8,9,10,11,12,13,14,15,16,17,18,19,20,21,22,23,24,25,26,27,28,29,30,31,32,33,34,35,36,37,38,39,40,41,42,43,44,45,46,47,48,49,50,51,52,53,54,55,56,57,58,59,60,61,62,63,64,65,66,67,68,69,70,71,72,73,74,75,76,77,78,79,80,81,82,83,84,85,86,87,88,89,90,91,92,93,94,95,96,97,98,99,100,101,102,103,104,105,106,107,108,109,110,111,112,113,114,115,116,117,118,119,120,121,122,123,124,125,126,127,128,129,130,131,132,133,134,135,136,137,138,139,140,141,142,143,144,145,146,147,148,149,150,151,152,153,154,155,156,157,158,159,160,161,162,163,164,165,166,167,168,169,170,171,172,173,174,175,176,177,178,179,180,181,182,183,184,185,186,187,188,189,190,191,192,193,194,195,196,197,198,199,200,201,202,203,204,205,206,207,208,209,210,211,212,213,214,215,216,217,218,219,220,221,222,223,224,225,226,227,228,229,230,231,232,233,234,235,236,237,238,239,240,241,242,243,244,245,246,247,248,249,250,251,252,253,254,255,256,257,258,259,260,261,262,263,264,265,266,267,268,269,270,271,272,273,274,303,341,392,396,840,1088,1100,1101,1110,1120,1373,1501,1502,1503,1504,1505,1508,1509,1510,1511,1512,1513,1514,1515,1516,1517,1518,1519,1520,1521,1522,1523,1524,1525,1526,1527,1530,1532,1533,1534,1536,1537,1538,1539,1541,1543,1544,1545,1546,1547,1548,1597,1815 'Callithrix_jacchus'
                                                                                                                                                                                                                                                                                                                                                                                                                                                                                                                                                                                                                                                                                                                                                                                                                                                                                                                                                                                                                                                                                                                                                                                                                                                                                                                                                                                                                                                                                                                                                                                                                                                                                                                                                                                                                                                                                                                                                                                                                                                                                                                                                                                                                                                                                                                                                                                                                                                                                                                                                                                                                                                                                                                                                                                                                                                      `--319,432,436,478,528,552,598,694,704,705,755,764,770,840,847,962,976,1317,1340,2102,2105,2107|                                                                                                                                                                 ,--288,291,299,300,316,318,325,327,329,336,372,373,388,394,397,399,413,427,432,444,448,451,452,491,502,509,516,517,523,541,609,621,739,785,820,842,850,884,895,922,931,932,935,948,950,979,981,995,1078,1093,1102,1119,1220,1221,1229,1231,1249,1275,1301,1302,1308,1310,1330,1350,1366,1458,1506,1593,1597,1610,1632,1694,1779,2104 'Otolemur_garnettii'
                                                                                                                                                                                                                                                                                                                                                                                                                                                                                                                                                                                                                                                                                                                                                                                                                                                                                                                                                                                                                                                                                                                                                                                                                                                                                                                                                                                                                                                                                                                                                                                                                                                                                                                                                                                                                                                                                                                                                                                                                                                                                                                                                                                                                                                                                                                                                                                                                                                                                                                                                                                                                                                                                                                                                                                                                                                                                                                                                     `--323,384,465,503,512,545,564,620,867,911,1235,1246,1291,1323,1329,1331,1338,1348,1440,1528,1657,1683,1715,1734,1748,1749,1759,1763,1764,1821,1826,1838,1844,1926|                                                                    ,--289,322,332,342,348,355,358,366,367,394,407,415,420,433,461,483,495,514,516,537,570,576,598,612,615,618,621,700,743,746,764,767,807,813,822,831,867,922,938,940,949,968,979,995,1082,1103,1115,1234,1315,1370,1372,1379,1429,1441,1447,1458,1468,1554,1590,1593,1658,1720,1725,1736,1745,1755,1809,1811,1812,1813,1825,1834,1844,1928,2098,2106,2107,2108,2109,2110 'Cavia_porcellus'
                                                                                                                                                                                                                                                                                                                                                                                                                                                                                                                                                                                                                                                                                                                                                                                                                                                                                                                                                                                                                                                                                                                                                                                                                                                                                                                                                                                                                                                                                                                                                                                                                                                                                                                                                                                                                                                                                                                                                                                                                                                                                                                                                                                                                                                                                                                                                                                                                                                                                                                                                                                                                                                                                                                                                                                                                                                                                                                                                                                                                                                                                                                       `--296,426,494,591,675,712,770,962,1222,1232,1244,1271,1395,1432,1556|                                  ,--293,295,296,410,415,425,471,490,503,544,549,552,598,603,617,618,763,765,802,850,902,933,972,1079,1082,1110,1112,1114,1116,1120,1216,1217,1220,1227,1235,1249,1279,1288,1294,1310,1313,1330,1350,1362,1365,1366,1396,1397,1416,1447,1465,1494,1506,1580,1584,1592,1597,1608,1617,1631,1633,1650,1654,1671,1676,1690,1727,1734,1740,1745,1749,1810,1815 'Bos_taurus'
                                                                                                                                                                                                                                                                                                                                                                                                                                                                                                                                                                                                                                                                                                                                                                                                                                                                                                                                                                                                                                                                                                                                                                                                                                                                                                                                                                                                                                                                                                                                                                                                                                                                                                                                                                                                                                                                                                                                                                                                                                                                                                                                                                                                                                                                                                                                                                                                                                                                                                                                                                                                                                                                                                                                                                                                                                                                                                                                                                                                                                                                                                                                                                                            `--319,413,1253,1302,1326,1555,1585|                                                                                                                                                                                                                                                 ,--288,293,295,296,324,403,425,428,430,433,455,458,465,468,469,470,480,481,484,485,490,522,532,539,544,591,716,741,804,822,883,935,940,944,950,979,990,996,1000,1085,1115,1220,1234,1235,1240,1244,1251,1288,1313,1322,1362,1375,1397,1447,1448,1451,1454,1593,1597,1605,1610,1613,1630,1634,1779,1781,1782,1783,1784,1785,1786,1787,1788,1789,1790,1791,1792,1793,1794,1795,1796,1797,1798,1799,1800,1801,1802,1803,1804,1805,1806,1807 'Pteropus_alecto'
                                                                                                                                                                                                                                                                                                                                                                                                                                                                                                                                                                                                                                                                                                                                                                                                                                                                                                                                                                                                                                                                                                                                                                                                                                                                                                                                                                                                                                                                                                                                                                                                                                                                                                                                                                                                                                                                                                                                                                                                                                                                                                                                                                                                                                                                                                                                                                                                                                                                                                                                                                                                                                                                                                                                                                                                                                                                                                                                                                                                                                                                                                                                                                                                                               `--300,302,303,335,336,338,339,340,342,343,344,345,346,347,348,350,351,353,355,356,357,358,359,360,361,362,363,364,365,367,368,369,370,371,372,373,374,375,382,383,384,385,386,387,388,427,478,488,512,928,1093,1232,1357,1681,1683,1699,1759,1812--- 'Tupaia_chinensis'
apo 0.00 secs. 
Collapsing trees with TBR 
Selecting tree(s) 1,  
1 trees selected 
Closing tmp.tre (with 1 trees saved)
tsave 0.00 secs. 


        ------------------------------------------------------------
        Group supports are calculated by TBR-swapping the trees
        found, keeping note of the number of steps needed to
        loose each group.  The labels on branches show absolute
        and relative bremer supports (Goloboff & Farris 2001).
        Groups indicated with a question mark (?) are those
        for which the absolute bremer supports appear to be
        10 or more...
        ------------------------------------------------------------ 
Suboptimal 10.000 x 0.000 
Reading from tmp.tre 
'tree(s) from TNT, for data in ../results/tnt_input/ace.tnt'
1 trees read (trees 1-1) 
tread 0.00 secs. 
Again reading from myscript.run 
Copied legends: "Bremer supports (from 68 trees, cut 0)" 
bsupport 0.00 secs. 
Suboptimal 10.000 x 0.900 
Note: TBR-swapping used to approximate supports 
Copied legends: "Relative bremer supports (from 52 trees, cut 0)" 
bsupport 0.00 secs. 
 
Bremer supports (from 68 trees, cut 0)/Relative bremer supports (from 52 trees, cut 0) 
    ,--/ 'Cricetulus_griseus'
    |                     ,--/ 'Mus_musculus'
    |          ,--10?/100?---/ 'Rattus_norvegicus'
|--/|          |                 ,--/ 'Ovis_aries'
    |          |          ,--7/14|      ,--/ 'Ailuropoda_melanoleuca'
    `--10?/100?|          |      `--4/10|      ,--/ 'Orcinus_orca'
               |          |             `--4/10---/ 'Felis_catus'
               `--10?/100?|      ,--/ 'Oryctolagus_cuniculus'
                          |      |                   ,--/ 'Pan_troglodytes'
                          `--3/33|          ,--4/100?|          ,--/ 'Homo_sapiens'
                                 |          |        `--10?/100?---/ 'Nomascus_leucogenys'
                                 `--10?/100?|          ,--/ 'Macaca_mulatta'
                                            |          |      ,--/ 'Papio_anubis'
                                            `--10?/100?|      |                ,--/ 'Saimiri_boliviensis_boliviensi
                                                       `--9/12|     ,--10?/100?---/ 'Callithrix_jacchus'
                                                              `--2/3|     ,--/ 'Otolemur_garnettii'
                                                                    `--2/3|     ,--/ 'Cavia_porcellus'
                                                                          `--2/3|     ,--/ 'Bos_taurus'
                                                                                `--2/3|          ,--/ 'Pteropus_alecto'
                                                                                      `--10?/100?---/ 'Tupaia_chinensis'
Suboptimal 0.000 x 0.900 
1 trees in memory 
 
WARNING: 
Existing tree-tags will be erased 
 


        ------------------------------------------------------------
        Resampling is done with 100 replications of symmetric
        resampling (see Goloboff et al. 2003), analyzing each data
        set with a single random addition sequence plus TBR
        (collapsing the resulting tree with TBR, see Goloboff &
        Farris, 2001).  The labels on branches show frequency and
        frequency differences (see Goloboff et al. 2003).
        ------------------------------------------------------------ 
Collapsing trees with TBR 
Copied legends: "Group freqs., 100 replicates, cut=50 (tree 0) - Symmetric Resampling (P=33)" 
Copied legends: "GC values, 100 replicates, cut=0 (tree 1) - Symmetric Resampling (P=33)" 
 
1.00 secs. to complete resampling 
1 trees in memory 
 
Group freqs., 100 replicates, cut=50 (tree 0) - Symmetric Resampling (P=33)/GC values, 100 replicates, cut=0 (tree 1) - Symmetric Resampling (P=33) 
    ,--/ 'Cricetulus_griseus'
    |                   ,--/ 'Mus_musculus'
    |         ,--100/100---/ 'Rattus_norvegicus'
|--/|         |               ,--/ 'Ovis_aries'
    |         |       ,--76/62|       ,--/ 'Ailuropoda_melanoleuca'
    `--100/100|       |       `--49/25|       ,--/ 'Orcinus_orca'
              |       |               `--52/28---/ 'Felis_catus'
              `--85/71|       ,--/ 'Oryctolagus_cuniculus'
                      |       |                 ,--/ 'Pan_troglodytes'
                      `--64/47|         ,--96/93|       ,--/ 'Homo_sapiens'
                              |         |       `--99/98---/ 'Nomascus_leucogenys'
                              `--100/100|         ,--/ 'Macaca_mulatta'
                                        |         |       ,--/ 'Papio_anubis'
                                        `--100/100|       |                 ,--/ 'Saimiri_boliviensis_boliviensi
                                                  `--99/99|       ,--100/100---/ 'Callithrix_jacchus'
                                                          `--54/13|       ,--/ 'Otolemur_garnettii'
                                                                  `--54/13|        ,--/ 'Cavia_porcellus'
                                                                          `--37/[4]|         ,--/ 'Bos_taurus'
                                                                                   `--35/[15]|         ,--/ 'Pteropus_alecto'
                                                                                             `--100/100---/ 'Tupaia_chinensis'
 
WARNING: 
File "myscript.tre" already exists.  It will be overwritten. 
 
Saved trees (Nexus format) to file myscript.tre 
Results saved (as text) to file myscript.out 

