Watch is ON 
Collapsing trees with TBR 
Time reset 
Tree file: tmp.tre 
tsave 0.00 secs. 
Record search status: every 1 rep(s). 


        ------------------------------------------------------------
        Search routine used:
           finding optimal score 20 times independently, using defaults
           of "xmult" plus 10 cycles of tree-drifting (Goloboff
           1999).
           Note: for consensus calculation, trees TBR-collapsed.
           ALSO NOTE: THIS IS AN OVERKILL FOR MOST DATA SETS!
        ------------------------------------------------------------ 
Space for 1000 trees in memory 
Repl. Algor.     Tree        Score       Best Score   Time       Rearrangs.
0     FUSE       5           1004        1004         0:00:00    317,878       
1     FUSE       5           1004        1004         0:00:00    646,470       
2     FUSE       5           1004        1004         0:00:00    964,370       
3     FUSE       5           1004        1004         0:00:00    1,288,047     
4     FUSE       5           1004        1004         0:00:00    1,600,565     
5     FUSE       5           1004        1004         0:00:00    1,929,089     
6     FUSE       5           1004        1004         0:00:00    2,249,638     
7     FUSE       5           1004        1004         0:00:00    2,563,260     
8     FUSE       5           1004        1004         0:00:00    2,873,231     
9     FUSE       5           1004        1004         0:00:00    3,185,798     
10    FUSE       5           1004        1004         0:00:00    3,503,092     
11    FUSE       5           1004        1004         0:00:00    3,828,765     
12    FUSE       5           1004        1004         0:00:00    4,128,257     
13    FUSE       5           1004        1004         0:00:00    4,437,805     
14    FUSE       5           1004        1004         0:00:00    4,763,582     
15    FUSE       5           1004        1004         0:00:00    5,078,815     
16    FUSE       5           1004        1004         0:00:00    5,396,927     
17    FUSE       5           1004        1004         0:00:00    5,714,666     
18    FUSE       5           1004        1004         0:00:00    6,036,417     
19    FUSE       5           1004        1004         0:00:00    6,350,599     
19    FUSE       5           ------      1004         0:00:00    6,350,599     
Completed search.
Total rearrangements examined: 6,350,599. 
No target score defined.  Best score hit 20 times.
Best score: 1004.  3 trees retained. 
xmult 0.00 secs. 
3 trees saved to tmp.tre           
save 0.00 secs. 
 
Note: for consensus calculation, trees will be 
temporarily collapsed (with TBR) 
Strict consensus of 3 trees (0 taxa excluded) calculated, as tree 3 
nelsen 0.00 secs. 


        ------------------------------------------------------------
        Synapomorphies of 3 trees plotted on the strict
        consensus.  Only unambiguous synapomorphies, occuring in
        every tree, are indicated. This makes results much more
        conservative!
        ------------------------------------------------------------ 
Collapsing branches with no possible support ("rule 3") 
 
Synapomorphies common to 3 trees 
   ,-- 'Oryctolagus_cuniculus'
   |                                  ,--27,34,37,89,96,98,147,150,151,156,187,202,274,285,286,290,295,310,322,632,765 'Cavia_porcellus'
   |  ,--30,61,130,195,201,205,612,702|                                            ,--27,142,308,410,481,505,601 'Mus_musculus'
|--|  |                               `--90,135,144,181,186,215,307,336,579,580,625---145,214,356,357,358,359,360,361,362,363,364,365,366,367,368,369,370,371,372,373,374,375,376,517,518,651,658 'Rattus_norvegicus'
   |  |        ,--219 'Macaca_mulatta'
   |  |        |--10,15,294,380 'Nomascus_leucogenys'
   `--|        |                     ,--131 'Pan_troglodytes'
      |        |--152,187,200,220,767--- 'Homo_sapiens'
      |        |         ,--125,148,195,200,208,213,220,230,282,481,495,497,500,504,578,599,621,632,658,689 'Orcinus_orca'
      |        |         |                   ,--336,337,496,616,621,654 'Pteropus_alecto'
      `--60,149+--177,223|         ,--308,577---22,23,24,25,26,27,28,29,30,31,32,33,35,36,37,38,39,40,41,42,43,44,45,46,47,48,49,50,51,52,53,54,55,56,57,58,59,60,61,62,63,64,65,66,69,70,71,72,73,74,75,76,77,78,79,80,81,82,83,84,85,86,87,88,89,90,91,92,93,94,95,97,98,99,100,101,102,103,104,105,106,107,108,109,110,111,112,113,114,115,116,117,118,119,120,121,122,123,124,125,126,127,128,129,130,131,132,133,134,135,136,137,138,139,140,141,142,143,144,145,146,147,148,149,150,151,152,153,155,156,157,158,159,160,161,162,163,164,165,166,167,168,169,170,171,172,173,174,175,176,177,178,179,180,181,182,183,184,185,188,190,191,192,193,194,195,196,200,201,203,204,205,206,207,208,209,210,211,212,213,214,215,216,217,218,219,220,221,222,224,225,226,227,228,229,230,231,232,233,234,235,236,237,238,239,240,241,242,243,244,245,246,247,248,249,250,251,252,253,254,255,256,257,258,259,260,261,262,263,264,265,266,267,268,269,270,271,272,273,274,275,276,277,278,279,280,281,283,284,285,333,418,580,625,632,702,736 'Cricetulus_griseus'
               |         `--5,6,7,8|                                                                                                                                                                                                                                                 ,--30,81,148,180,190,212,213,215,221,308,310,331,336,354,496,504,520,521,522,523,524,525,526,527,529,530,531,532,533,534,535,536,537,538,539,540,541,542,543,544,545,546,547,548,549,550,551,552,553,554,555,556,557,558,559,560,561,562,563,564,565,566,567,568,569,570,571,572,573,574,575,576,577,578,579,580,581,582,583,584,585,586,588,589,590,591,592,593,594,595,596,597,598,599,600,601,602,603,604,605,606,607,608,609,610,611,613,614,615,616,617,618,619,620,621,622,623,624,625,626,627,628,629,630,632,633,634,635,636,637,638,639,640,641,642,643,644,645,646,647,648,649,650,651,652,653,714,715,716,717,718,719,720,721,722,723,724,725,726,727,728,729,730,731,732,733,734,735,736,737,738,740,741,742,743,744,745,746,747,748,749,750,751,752,753,754,755,756,757,758,759,760,761,762,763,764,765,766,767,768 'Felis_catus'
               |                   `--654,655,656,657,658,659,660,661,662,663,664,665,666,667,668,669,670,671,672,673,674,675,676,677,678,679,680,681,682,683,684,685,686,687,688,689,690,691,692,693,694,695,696,697,698,699,700,701,702,703,704,705,706,707,708,709,710,711,712,713---0,1,2,3,4,5,6,7,8,31,44,62,65,90,97,127,130,132,133,135,136,145,149,154,156,168,171,177,181,182,183,186,188,191,197,208,214,216,219,223,230,231,288,307,330,407,416,495,519 'Tupaia_chinensis'
               |                                                                                         ,--135,200,279,517,518 'Papio_anubis'
               |                                                                                         |--97,288,329,567 'Callithrix_jacchus'
               |                                                                                         |--151,182,207,208,229,440 'Saimiri_boliviensis_boliviensi
               `--286,356,357,358,359,360,361,362,363,364,365,366,367,368,369,370,371,372,373,374,375,376+--0,1,2,3,4,5,6,7,15,62,183,186,201,202,205,208,218,406,612,641,654,729 'Otolemur_garnettii'
                                                                                                         |             ,--4,5,7,18,27,30,44,90,97,98,111,133,135,198,199,209,212,215,221,223,336,337,354,504,577,652,654,765 'Ailuropoda_melanoleuca'
                                                                                                         `--177,229,621|                                                                                    ,--286,307,407 'Ovis_aries'
                                                                                                                       `--37,125,151,152,188,190,192,195,200,201,206,208,227,348,481,500,578,579,631,634,689---179,517,518,587,612 'Bos_taurus'
apo 0.00 secs. 
Collapsing trees with TBR 
Selecting tree(s) 3,  
1 trees selected 
Closing tmp.tre (with 3 trees saved)
tsave 0.00 secs. 


        ------------------------------------------------------------
        Group supports are calculated by TBR-swapping the trees
        found, keeping note of the number of steps needed to
        loose each group.  The labels on branches show absolute
        and relative bremer supports (Goloboff & Farris 2001).
        Groups indicated with a question mark (?) are those
        for which the absolute bremer supports appear to be
        10 or more...
        ------------------------------------------------------------ 
Suboptimal 10.000 x 0.000 
Reading from tmp.tre 
'tree(s) from TNT, for data in ../results/tnt_input/apbb2.tnt'
3 trees read (trees 1-3) 
tread 0.00 secs. 
Again reading from myscript.run 
 
WARNING: 
Non-binary starting trees will be dichotomized (randomly) 
 
Copied legends: "Bremer supports (from 1299 trees, cut 0)" 
bsupport 0.00 secs. 
Suboptimal 10.000 x 0.900 
 
WARNING: 
Non-binary starting trees will be dichotomized (randomly) 
 
Note: TBR-swapping used to approximate supports 
Copied legends: "Relative bremer supports (from 748 trees, cut 0)" 
bsupport 0.00 secs. 
 
Bremer supports (from 1299 trees, cut 0)/Relative bremer supports (from 748 trees, cut 0) 
    ,--/ 'Oryctolagus_cuniculus'
    |                 ,--/ 'Cavia_porcellus'
    |          ,--2/19|      ,--/ 'Mus_musculus'
|--/|          |      `--5/19---/ 'Rattus_norvegicus'
    |          |      ,--/ 'Macaca_mulatta'
    |          |      |--/ 'Nomascus_leucogenys'
    `--10?/100?|      |      ,--/ 'Pan_troglodytes'
               |      |--4/83---/ 'Homo_sapiens'
               |      |      ,--/ 'Orcinus_orca'
               |      |      |             ,--/ 'Pteropus_alecto'
               `--3/19+--1/17|      ,--1/50---/ 'Cricetulus_griseus'
                      |      `--2/33|          ,--/ 'Felis_catus'
                      |             `--10?/100?---/ 'Tupaia_chinensis'
                      |      ,--/ 'Papio_anubis'
                      |      |--/ 'Callithrix_jacchus'
                      |      |--/ 'Saimiri_boliviensis_boliviensi
                      `--6/21+--/ 'Otolemur_garnettii'
                             |      ,--/ 'Ailuropoda_melanoleuca'
                             `--1/23|          ,--/ 'Ovis_aries'
                                    `--10?/100?---/ 'Bos_taurus'
Suboptimal 0.000 x 0.900 
1 trees in memory 
 
WARNING: 
Existing tree-tags will be erased 
 


        ------------------------------------------------------------
        Resampling is done with 100 replications of symmetric
        resampling (see Goloboff et al. 2003), analyzing each data
        set with a single random addition sequence plus TBR
        (collapsing the resulting tree with TBR, see Goloboff &
        Farris, 2001).  The labels on branches show frequency and
        frequency differences (see Goloboff et al. 2003).
        ------------------------------------------------------------ 
Collapsing trees with TBR 
Copied legends: "Group freqs., 100 replicates, cut=50 (tree 0) - Symmetric Resampling (P=33)" 
Copied legends: "GC values, 100 replicates, cut=0 (tree 1) - Symmetric Resampling (P=33)" 
 
1.00 secs. to complete resampling 
1 trees in memory 
 
Group freqs., 100 replicates, cut=50 (tree 0) - Symmetric Resampling (P=33)/GC values, 100 replicates, cut=0 (tree 1) - Symmetric Resampling (P=33) 
    ,--/ 'Oryctolagus_cuniculus'
    |                 ,--/ 'Cavia_porcellus'
    |         ,--55/22|       ,--/ 'Mus_musculus'
|--/|         |       `--66/33---/ 'Rattus_norvegicus'
    |         |        ,--/ 'Macaca_mulatta'
    |         |        |--/ 'Nomascus_leucogenys'
    `--100/100|        |       ,--/ 'Pan_troglodytes'
              |        |--97/97---/ 'Homo_sapiens'
              |        |         ,--/ 'Orcinus_orca'
              |        |         |               ,--/ 'Pteropus_alecto'
              `--25/[8]+--15/[18]|       ,--76/63---/ 'Cricetulus_griseus'
                       |         `--56/37|         ,--/ 'Felis_catus'
                       |                 `--100/100---/ 'Tupaia_chinensis'
                       |       ,--/ 'Papio_anubis'
                       |       |--/ 'Callithrix_jacchus'
                       |       |--/ 'Saimiri_boliviensis_boliviensi
                       `--69/63+--/ 'Otolemur_garnettii'
                               |       ,--/ 'Ailuropoda_melanoleuca'
                               `--43/17|         ,--/ 'Ovis_aries'
                                       `--100/100---/ 'Bos_taurus'
 
WARNING: 
File "myscript.tre" already exists.  It will be overwritten. 
 
Saved trees (Nexus format) to file myscript.tre 
Results saved (as text) to file myscript.out 

