Watch is ON 
Collapsing trees with TBR 
Time reset 
Tree file: tmp.tre 
tsave 0.00 secs. 
Record search status: every 1 rep(s). 


        ------------------------------------------------------------
        Search routine used:
           finding optimal score 20 times independently, using defaults
           of "xmult" plus 10 cycles of tree-drifting (Goloboff
           1999).
           Note: for consensus calculation, trees TBR-collapsed.
           ALSO NOTE: THIS IS AN OVERKILL FOR MOST DATA SETS!
        ------------------------------------------------------------ 
Space for 1000 trees in memory 
Repl. Algor.     Tree        Score       Best Score   Time       Rearrangs.
0     FUSE       5           1232        1232         0:00:00    336,490       
1     FUSE       5           1232        1232         0:00:01    675,145       
2     FUSE       5           1232        1232         0:00:01    1,006,839     
3     FUSE       5           1232        1232         0:00:01    1,341,718     
4     FUSE       5           1232        1232         0:00:01    1,672,616     
5     FUSE       5           1232        1232         0:00:01    2,006,225     
6     FUSE       5           1232        1232         0:00:01    2,345,263     
7     FUSE       5           1232        1232         0:00:01    2,675,718     
8     FUSE       5           1232        1232         0:00:01    3,016,720     
9     FUSE       5           1232        1232         0:00:01    3,346,593     
10    FUSE       5           1232        1232         0:00:01    3,675,972     
11    FUSE       5           1232        1232         0:00:01    4,013,833     
12    FUSE       5           1232        1232         0:00:01    4,348,218     
13    FUSE       5           1232        1232         0:00:01    4,692,489     
14    FUSE       5           1232        1232         0:00:01    5,025,359     
15    FUSE       5           1232        1232         0:00:01    5,361,312     
16    FUSE       5           1232        1232         0:00:01    5,700,350     
17    FUSE       5           1232        1232         0:00:01    6,037,164     
18    FUSE       5           1232        1232         0:00:01    6,373,240     
19    FUSE       5           1232        1232         0:00:01    6,703,411     
19    FUSE       5           ------      1232         0:00:01    6,703,411     
Completed search.
Total rearrangements examined: 6,703,411. 
No target score defined.  Best score hit 20 times.
Best score: 1232.  3 trees retained. 
xmult 1.00 secs. 
3 trees saved to tmp.tre           
save 0.00 secs. 
 
Note: for consensus calculation, trees will be 
temporarily collapsed (with TBR) 
Strict consensus of 3 trees (0 taxa excluded) calculated, as tree 3 
nelsen 0.00 secs. 


        ------------------------------------------------------------
        Synapomorphies of 3 trees plotted on the strict
        consensus.  Only unambiguous synapomorphies, occuring in
        every tree, are indicated. This makes results much more
        conservative!
        ------------------------------------------------------------ 
Collapsing branches with no possible support ("rule 3") 
 
Synapomorphies common to 3 trees 
   ,-- 'Pteropus_alecto'
   |  ,--122,312,431,674,675,676,678 'Tupaia_chinensis'
|--|  |                                                                                                                                                                                                                                                                                                                                                                                                                                                                                                                                                                                                                                                                                                                                                                                                                                                                                                                                                                                                                                                                                                                                                                                                                                                  ,--95,96,124,132,133,134,135,136,170,179,213,268,288,315,364,366,371,374,382,383,384,385,407,417,708,850,860 'Bos_taurus'
   |  |            ,--137,138,139,140,142,144,145,146,147,148,164,166,168,173,180,182,187,188,205,212,214,218,220,221,226,228,229,234,235,245,250,257,261,265,267,273,276,278,279,280,282,283,285,286,295,297,299,301,303,308,309,310,319,327,328,329,330,334,337,338,339,340,341,342,343,344,345,347,348,349,351,352,353,354,356,357,359,368,370,387,388,389,390,391,392,393,394,395,396,399,401,402,403,404,412,413,414,415,416,419,423,424,433,434,435,441,442,443,447,448,450,462,463,465,472,473,474,496,498,499,500,502,504,507,509,512,513,515,520,527,530,531,534,537,538,540,541,548,557,558,559,560,561,567,568,570,571,574,578,580,588,607,608,612,613,618,619,620,621,622,623,625,626,632,636,640,642,643,646,647,651,656,665,668,671,680,683,686,690,692,698,699,700,701,702,705,706,709,711,712,713,715,716,717,719,721,722,723,724,726,727,729,730,731,732,733,734,735,736,737,740,742,743,745,746,747,748,749,754,755,759,760,761,762,766,767,768,769,770,771,772,773,774,775,776,777,778,779,780,781,782,783,788,789,790,791,792,793,794,795,796,797,799,800,801,802,804,805,806,807,810,811,812,813,814,816,818,819,821,822,823,824,825,826,830,831,832,833,834,837,841,844,846,854,859,861,864,867,870,875,876,877,889,890,899,900,905---70,71,72,73,74,75,76,77,78,79,80,81,82,83,84,99,112,113,118,119,121,176,183,184,232,317,324,326,333,335,361,375,377,380,411,418,639,657,739,865,885 'Saimiri_boliviensis_boliviensi
   `--|            |                                                                          ,--98,119,228,314,340,368,402,447,475,476,492,618,811,816,819 'Mus_musculus'
      |            |                                                                    ,--488|             ,--197,315,362,368,369,370,402 'Orcinus_orca'
      `--96,114,374|                                                                    |     `--112,153,365---98,230,344,345,347,354,372,374,477,710 'Ovis_aries'
                   |                                                                    |                                                                                                                                                                          ,--475,476,477,478,479,481,482,483,485,486,487,490,491,492,493,494,538,539,540,541,542,543,544,545,546,547,548,549,550,551,552,553,554,555,556,557,558,559,560,561,562,772,773,774,775,776,777,778,779,780,781,782,783,784,785,786,787,788,789 'Macaca_mulatta'
                   `--95,475,476,477,478,479,481,482,483,485,486,487,490,491,492,493,494|                                 ,--48,49,50,51,52,53,54,55,56,57,58,59,60,61,62,63,64,65,66,67,68,69,70,71,72,73,74,76,77,78,79,80,81,82,83,84,85,86,87,88,89,90,91,92,93---0,1,2,3,4,5,6,7,8,9,10,11,12,13,14,15,16,17,18,19,20,21,22,23,24,25,26,27,28,29,30,31,32,33,34,35,36,37,38,39,40,41,42,43,44,488,693,694,695,696,697,698,699,700,701,702,703,704,705,706,707,708,709,710,711,712,713,714,718,719,720,721,722,723,724,725,726,727,728,729,730,731,732,733,734,735,736,737,738,739,740,741,742,743,744,745,746,747,748,749,750,751,752,753,756,757,758,759,760,761,762,763,764,765,766,767,768,769,770,771,790,791,792,793,794,795,796,797,798,799,800,801,802,803,804,805,806,807,808,809,810,811,812,813,814,815,816,817,818,819,820,821,822,823,824,825,826,827,828,829,830,831,832,833,834,835,836,837,838,839,840,841,842,843,844,845,846,847,848,849,850,851,852,853,854,855,856,857,858,859,860,861,862,863,864,865,866,867,868,869,870,871,872,873,874,875,876,877,878,879,880,881,882,883,884,885,886,887,888,889,890,891,892,893,894,895,896,897,898,899,900,901,902,903,904,905 'Papio_anubis'
                                                                                        |                                 |     ,--474 'Homo_sapiens'
                                                                                        `--159,172,183,228,230,355,758,761|     |                                                                         ,-- 'Pan_troglodytes'
                                                                                                                          `--488|                                                                         |                                                                                                                                                                                                                     ,--357 'Nomascus_leucogenys'
                                                                                                                                |                                                                         |--139,140,141,142,143,144,145,146,147,148,149,150,151,152,153,154,155,156,157,158,160,161,162,163,164,165,166,167,168,169,170,171,173,174,175,176,177,178,179,180,181,182,184,185,186,187,188,189,190,191,192,193,194---220,348,488,490,829 'Callithrix_jacchus'
                                                                                                                                `--772,773,774,775,776,777,778,779,780,781,782,783,784,785,786,787,788,789|             ,--357,361,434,742 'Otolemur_garnettii'
                                                                                                                                                                                                          |             |--156,168,212,218,315,371,626,686 'Oryctolagus_cuniculus'
                                                                                                                                                                                                          |             |--115,184,398,432,478,483,487,488,490 'Cavia_porcellus'
                                                                                                                                                                                                          `--315,355,488|             ,--98,112,396,708,727 'Ailuropoda_melanoleuca'
                                                                                                                                                                                                                        |--153,187,491---72,73,74,75,76,77,78,79,80,81,82,83,84,85,86,87,88,89,90,91,92,93,94,95,99,100,102,103,104,105,106,107,108,109,110,111,113,115,117,118,119,121,123,124,125,126,127,128,129,130,131,132,133,134,135,136,137,138,221,229,283,334,353,358,813 'Felis_catus'
                                                                                                                                                                                                                        |                             ,--314 'Rattus_norvegicus'
                                                                                                                                                                                                                        `--228,340,475,618,811,816,819---93,94,95,96,99,100,101,112,113,114,115,116,117,118,120,121,122,123,226,337,361,365,370,457,459,462,463,464,477,486,491 'Cricetulus_griseus'
apo 0.00 secs. 
Collapsing trees with TBR 
Selecting tree(s) 3,  
1 trees selected 
Closing tmp.tre (with 3 trees saved)
tsave 0.00 secs. 


        ------------------------------------------------------------
        Group supports are calculated by TBR-swapping the trees
        found, keeping note of the number of steps needed to
        loose each group.  The labels on branches show absolute
        and relative bremer supports (Goloboff & Farris 2001).
        Groups indicated with a question mark (?) are those
        for which the absolute bremer supports appear to be
        10 or more...
        ------------------------------------------------------------ 
Suboptimal 10.000 x 0.000 
Reading from tmp.tre 
'tree(s) from TNT, for data in ../results/tnt_input/app.tnt'
3 trees read (trees 1-3) 
tread 0.00 secs. 
Again reading from myscript.run 
 
WARNING: 
Non-binary starting trees will be dichotomized (randomly) 
 
Copied legends: "Bremer supports (from 1588 trees, cut 0)" 
bsupport 0.00 secs. 
Suboptimal 10.000 x 0.900 
 
WARNING: 
Non-binary starting trees will be dichotomized (randomly) 
 
Note: TBR-swapping used to approximate supports 
Copied legends: "Relative bremer supports (from 541 trees, cut 0)" 
bsupport 0.00 secs. 
 
Bremer supports (from 1588 trees, cut 0)/Relative bremer supports (from 541 trees, cut 0) 
    ,--/ 'Pteropus_alecto'
    |          ,--/ 'Tupaia_chinensis'
|--/|          |                 ,--/ 'Bos_taurus'
    |          |      ,--10?/100?---/ 'Saimiri_boliviensis_boliviensi
    `--10?/100?|      |             ,--/ 'Mus_musculus'
               |      |      ,--1/37|      ,--/ 'Orcinus_orca'
               `--2/33|      |      `--2/45---/ 'Ovis_aries'
                      |      |                 ,--/ 'Macaca_mulatta'
                      `--4/15|      ,--10?/100?---/ 'Papio_anubis'
                             |      |      ,--/ 'Homo_sapiens'
                             `--1/15|      |      ,--/ 'Pan_troglodytes'
                                    `--1/15|      |          ,--/ 'Nomascus_leucogenys'
                                           |      |--10?/100?---/ 'Callithrix_jacchus'
                                           `--1/15|      ,--/ 'Otolemur_garnettii'
                                                  |      |--/ 'Oryctolagus_cuniculus'
                                                  |      |--/ 'Cavia_porcellus'
                                                  `--1/15|      ,--/ 'Ailuropoda_melanoleuca'
                                                         |--2/19---/ 'Felis_catus'
                                                         |      ,--/ 'Rattus_norvegicus'
                                                         `--1/18---/ 'Cricetulus_griseus'
Suboptimal 0.000 x 0.900 
1 trees in memory 
 
WARNING: 
Existing tree-tags will be erased 
 


        ------------------------------------------------------------
        Resampling is done with 100 replications of symmetric
        resampling (see Goloboff et al. 2003), analyzing each data
        set with a single random addition sequence plus TBR
        (collapsing the resulting tree with TBR, see Goloboff &
        Farris, 2001).  The labels on branches show frequency and
        frequency differences (see Goloboff et al. 2003).
        ------------------------------------------------------------ 
Collapsing trees with TBR 
Copied legends: "Group freqs., 100 replicates, cut=50 (tree 0) - Symmetric Resampling (P=33)" 
Copied legends: "GC values, 100 replicates, cut=0 (tree 1) - Symmetric Resampling (P=33)" 
 
1.00 secs. to complete resampling 
1 trees in memory 
 
Group freqs., 100 replicates, cut=50 (tree 0) - Symmetric Resampling (P=33)/GC values, 100 replicates, cut=0 (tree 1) - Symmetric Resampling (P=33) 
    ,--/ 'Pteropus_alecto'
    |         ,--/ 'Tupaia_chinensis'
|--/|         |                 ,--/ 'Bos_taurus'
    |         |       ,--100/100---/ 'Saimiri_boliviensis_boliviensi
    `--100/100|       |               ,--/ 'Mus_musculus'
              |       |       ,--15/10|       ,--/ 'Orcinus_orca'
              `--50/20|       |       `--74/69---/ 'Ovis_aries'
                      |       |                ,--/ 'Macaca_mulatta'
                      `--54/42|        ,--98/96---/ 'Papio_anubis'
                              |        |       ,--/ 'Homo_sapiens'
                              `--11/[1]|       |       ,--/ 'Pan_troglodytes'
                                       `--9/[3]|       |         ,--/ 'Nomascus_leucogenys'
                                               |       |--100/100---/ 'Callithrix_jacchus'
                                               `--22/11|      ,--/ 'Otolemur_garnettii'
                                                       |      |--/ 'Oryctolagus_cuniculus'
                                                       |      |--/ 'Cavia_porcellus'
                                                       `--19/8|       ,--/ 'Ailuropoda_melanoleuca'
                                                              |--74/71---/ 'Felis_catus'
                                                              |       ,--/ 'Rattus_norvegicus'
                                                              `--42/31---/ 'Cricetulus_griseus'
 
WARNING: 
File "myscript.tre" already exists.  It will be overwritten. 
 
Saved trees (Nexus format) to file myscript.tre 
Results saved (as text) to file myscript.out 

