Watch is ON 
Collapsing trees with TBR 
Time reset 
Tree file: tmp.tre 
tsave 0.00 secs. 
Record search status: every 1 rep(s). 


        ------------------------------------------------------------
        Search routine used:
           finding optimal score 20 times independently, using defaults
           of "xmult" plus 10 cycles of tree-drifting (Goloboff
           1999).
           Note: for consensus calculation, trees TBR-collapsed.
           ALSO NOTE: THIS IS AN OVERKILL FOR MOST DATA SETS!
        ------------------------------------------------------------ 
Space for 1000 trees in memory 
Repl. Algor.     Tree        Score       Best Score   Time       Rearrangs.
0     FUSE       5           759         759          0:00:00    318,541       
1     FUSE       5           759         759          0:00:00    640,418       
2     FUSE       5           759         759          0:00:00    960,083       
3     FUSE       5           759         759          0:00:00    1,279,323     
4     FUSE       5           759         759          0:00:00    1,594,385     
5     FUSE       5           759         759          0:00:00    1,923,346     
6     FUSE       5           759         759          0:00:00    2,248,385     
7     FUSE       5           759         759          0:00:00    2,569,102     
8     FUSE       5           759         759          0:00:00    2,889,901     
9     FUSE       5           759         759          0:00:00    3,210,403     
10    FUSE       5           759         759          0:00:00    3,527,605     
11    FUSE       5           759         759          0:00:00    3,848,901     
12    FUSE       5           759         759          0:00:00    4,174,263     
13    FUSE       5           759         759          0:00:00    4,492,305     
14    FUSE       5           759         759          0:00:00    4,812,189     
15    FUSE       5           759         759          0:00:00    5,132,040     
16    FUSE       5           759         759          0:00:00    5,452,497     
17    FUSE       5           759         759          0:00:00    5,771,245     
18    FUSE       5           759         759          0:00:00    6,085,594     
19    FUSE       5           759         759          0:00:00    6,407,806     
19    FUSE       5           ------      759          0:00:00    6,407,806     
Completed search.
Total rearrangements examined: 6,407,806. 
No target score defined.  Best score hit 20 times.
Best score: 759.  2 trees retained. 
xmult 0.00 secs. 
2 trees saved to tmp.tre           
save 0.00 secs. 
 
Note: for consensus calculation, trees will be 
temporarily collapsed (with TBR) 
Strict consensus of 2 trees (0 taxa excluded) calculated, as tree 2 
nelsen 0.00 secs. 


        ------------------------------------------------------------
        Synapomorphies of 2 trees plotted on the strict
        consensus.  Only unambiguous synapomorphies, occuring in
        every tree, are indicated. This makes results much more
        conservative!
        ------------------------------------------------------------ 
Collapsing branches with no possible support ("rule 3") 
 
Synapomorphies common to 2 trees 
   ,-- 'Pteropus_alecto'
   |  ,--28,29,30,31,32,33,34,35,36,37,38,39,40,41,42,43,44,45,46,47,48,49,50,51,52,53,54,55,56,57,58,59,60,61,62,63,64,65,66,67,68,73,81,83,92,93,94,95,96,97,98,99,100,101,102,103,104,105,106,107,108,109,314,317,391,492,519,520,521,522,523,524,525,526,527,528,529,530,531,532,533,534,535,536,537,538,539,540,541,542,543,544,546,547,548,549,717,719 'Tupaia_chinensis'
|--|  |                                                                                                                                                                                                                                                                                                                                                                         ,--338,339,340,341,342,515,516,517,518,582,600 'Callithrix_jacchus'
   `--|                                                                                                                                                                                                                                                                                                                                                                         |                                                                   ,--600,776 'Saimiri_boliviensis_boliviensi
      |                                                                                                                                                                                                                                                                                                                                                                         |                                                                   |                   ,-- 'Papio_anubis'
      `--114,115,116,117,118,119,120,121,122,124,125,126,127,128,130,131,132,133,135,136,137,138,140,141,143,144,145,146,147,148,149,151,152,153,154,190,191,193,194,195,197,198,199,200,201,202,203,204,205,207,208,209,210,211,212,213,217,220,221,222,223,225,227,228,229,230,231,232,233,234,235,236,237,238,239,240,241,246,247,248,249,250,251,252,326,333,337,380,388,456|                                                                   |         ,--354,390---602,603,604,605,606,607,608,609,610,611,612,613,614,615,616,617,618,619,621,622,623,624 'Macaca_mulatta'
                                                                                                                                                                                                                                                                                                                                                                                |                                                                   |--467,677|     ,--470,545 'Nomascus_leucogenys'
                                                                                                                                                                                                                                                                                                                                                                                |                                                                   |         `--777|                ,--346 'Pan_troglodytes'
                                                                                                                                                                                                                                                                                                                                                                                `--81,83,110,155,158,159,165,180,189,303,307,308,314,315,317,318,324|               `--74,396,448,668---473 'Homo_sapiens'
                                                                                                                                                                                                                                                                                                                                                                                                                                                    |                 ,--344,380,577,578,724,752,762,777 'Otolemur_garnettii'
                                                                                                                                                                                                                                                                                                                                                                                                                                                    |                 |                        ,--0,1,2,3,4,5,6,7,8,9,10,11,12,13,14,15,16,17,18,19,20,21,22,23,24,25,26,27,28,29,30,31,32,33,34,35,36,37,38,39,40,41,42,43,44,45,46,47,48,49,50,51,52,53,54,55,56,57,58,59,60,61,62,63,64,65,66,67,68,69,70,391,470,589,611,615,667 'Orcinus_orca'
                                                                                                                                                                                                                                                                                                                                                                                                                                                    |                 |--72,347,390,420,586,688|                                 ,-- 'Ovis_aries'
                                                                                                                                                                                                                                                                                                                                                                                                                                                    `--380,456,621,724|                        `--421,422,500,537,590,724,760,789---334,335,336,337,639,722 'Bos_taurus'
                                                                                                                                                                                                                                                                                                                                                                                                                                                                      |                          ,--347 'Felis_catus'
                                                                                                                                                                                                                                                                                                                                                                                                                                                                      |     ,--72,390,600,617,667---529,563 'Ailuropoda_melanoleuca'
                                                                                                                                                                                                                                                                                                                                                                                                                                                                      `--492|                     ,--340,342,374,434,486,529,537,545,590,719,722 'Oryctolagus_cuniculus'
                                                                                                                                                                                                                                                                                                                                                                                                                                                                            `--388,473,501,506,604|     ,--339,342,344,346,351,380,391,551,677,713,724,750,751,762 'Cavia_porcellus'
                                                                                                                                                                                                                                                                                                                                                                                                                                                                                                  `--577|                ,--340,348 'Cricetulus_griseus'
                                                                                                                                                                                                                                                                                                                                                                                                                                                                                                        `--72,422,545,586|             ,--344,374,718 'Mus_musculus'
                                                                                                                                                                                                                                                                                                                                                                                                                                                                                                                         `--506,541,720---579,651 'Rattus_norvegicus'
apo 0.00 secs. 
Collapsing trees with TBR 
Selecting tree(s) 2,  
1 trees selected 
Closing tmp.tre (with 2 trees saved)
tsave 0.00 secs. 


        ------------------------------------------------------------
        Group supports are calculated by TBR-swapping the trees
        found, keeping note of the number of steps needed to
        loose each group.  The labels on branches show absolute
        and relative bremer supports (Goloboff & Farris 2001).
        Groups indicated with a question mark (?) are those
        for which the absolute bremer supports appear to be
        10 or more...
        ------------------------------------------------------------ 
Suboptimal 10.000 x 0.000 
Reading from tmp.tre 
'tree(s) from TNT, for data in ../results/tnt_input/blmh.tnt'
2 trees read (trees 1-2) 
tread 0.00 secs. 
Again reading from myscript.run 
 
WARNING: 
Non-binary starting trees will be dichotomized (randomly) 
 
Copied legends: "Bremer supports (from 1752 trees, cut 0)" 
bsupport 0.00 secs. 
Suboptimal 10.000 x 0.900 
 
WARNING: 
Non-binary starting trees will be dichotomized (randomly) 
 
Note: TBR-swapping used to approximate supports 
Copied legends: "Relative bremer supports (from 590 trees, cut 0)" 
bsupport 0.00 secs. 
 
Bremer supports (from 1752 trees, cut 0)/Relative bremer supports (from 590 trees, cut 0) 
    ,--/ 'Pteropus_alecto'
    |          ,--/ 'Tupaia_chinensis'
|--/|          |          ,--/ 'Callithrix_jacchus'
    `--10?/100?|          |          ,--/ 'Saimiri_boliviensis_boliviensi
               |          |          |             ,--/ 'Papio_anubis'
               `--10?/100?|          |      ,--2/80---/ 'Macaca_mulatta'
                          |          |--2/67|      ,--/ 'Nomascus_leucogenys'
                          |          |      `--1/75|      ,--/ 'Pan_troglodytes'
                          `--10?/100?|             `--4/88---/ 'Homo_sapiens'
                                     |      ,--/ 'Otolemur_garnettii'
                                     |      |      ,--/ 'Orcinus_orca'
                                     |      |--3/60|      ,--/ 'Ovis_aries'
                                     `--1/50|      `--7/88---/ 'Bos_taurus'
                                            |             ,--/ 'Felis_catus'
                                            |      ,--3/60---/ 'Ailuropoda_melanoleuca'
                                            `--1/50|      ,--/ 'Oryctolagus_cuniculus'
                                                   `--3/50|      ,--/ 'Cavia_porcellus'
                                                          `--1/50|      ,--/ 'Cricetulus_griseus'
                                                                 `--3/50|      ,--/ 'Mus_musculus'
                                                                        `--2/56---/ 'Rattus_norvegicus'
Suboptimal 0.000 x 0.900 
1 trees in memory 
 
WARNING: 
Existing tree-tags will be erased 
 


        ------------------------------------------------------------
        Resampling is done with 100 replications of symmetric
        resampling (see Goloboff et al. 2003), analyzing each data
        set with a single random addition sequence plus TBR
        (collapsing the resulting tree with TBR, see Goloboff &
        Farris, 2001).  The labels on branches show frequency and
        frequency differences (see Goloboff et al. 2003).
        ------------------------------------------------------------ 
Collapsing trees with TBR 
Copied legends: "Group freqs., 100 replicates, cut=50 (tree 0) - Symmetric Resampling (P=33)" 
Copied legends: "GC values, 100 replicates, cut=0 (tree 1) - Symmetric Resampling (P=33)" 
 
0.00 secs. to complete resampling 
1 trees in memory 
 
Group freqs., 100 replicates, cut=50 (tree 0) - Symmetric Resampling (P=33)/GC values, 100 replicates, cut=0 (tree 1) - Symmetric Resampling (P=33) 
    ,--/ 'Pteropus_alecto'
    |         ,--/ 'Tupaia_chinensis'
|--/|         |         ,--/ 'Callithrix_jacchus'
    `--100/100|         |         ,--/ 'Saimiri_boliviensis_boliviensi
              |         |         |               ,--/ 'Papio_anubis'
              `--100/100|         |       ,--87/87---/ 'Macaca_mulatta'
                        |         |--79/78|       ,--/ 'Nomascus_leucogenys'
                        |         |       `--64/64|       ,--/ 'Pan_troglodytes'
                        `--100/100|               `--97/97---/ 'Homo_sapiens'
                                  |       ,--/ 'Otolemur_garnettii'
                                  |       |       ,--/ 'Orcinus_orca'
                                  |       |--82/78|         ,--/ 'Ovis_aries'
                                  `--68/59|       `--100/100---/ 'Bos_taurus'
                                          |               ,--/ 'Felis_catus'
                                          |       ,--98/97---/ 'Ailuropoda_melanoleuca'
                                          `--44/38|       ,--/ 'Oryctolagus_cuniculus'
                                                  `--86/84|       ,--/ 'Cavia_porcellus'
                                                          `--53/43|       ,--/ 'Cricetulus_griseus'
                                                                  `--83/78|       ,--/ 'Mus_musculus'
                                                                          `--75/71---/ 'Rattus_norvegicus'
 
WARNING: 
File "myscript.tre" already exists.  It will be overwritten. 
 
Saved trees (Nexus format) to file myscript.tre 
Results saved (as text) to file myscript.out 

