Watch is ON 
Collapsing trees with TBR 
Time reset 
Tree file: tmp.tre 
tsave 0.00 secs. 
Record search status: every 1 rep(s). 


        ------------------------------------------------------------
        Search routine used:
           finding optimal score 20 times independently, using defaults
           of "xmult" plus 10 cycles of tree-drifting (Goloboff
           1999).
           Note: for consensus calculation, trees TBR-collapsed.
           ALSO NOTE: THIS IS AN OVERKILL FOR MOST DATA SETS!
        ------------------------------------------------------------ 
Space for 1000 trees in memory 
Repl. Algor.     Tree        Score       Best Score   Time       Rearrangs.
0     FUSE       5           1122        1122         0:00:00    283,877       
1     FUSE       5           1122        1122         0:00:00    564,326       
2     FUSE       5           1122        1122         0:00:01    849,445       
3     FUSE       5           1122        1122         0:00:01    1,131,959     
4     FUSE       5           1122        1122         0:00:01    1,414,700     
5     FUSE       5           1122        1122         0:00:01    1,694,901     
6     FUSE       5           1122        1122         0:00:01    1,975,580     
7     FUSE       5           1122        1122         0:00:01    2,258,041     
8     FUSE       5           1122        1122         0:00:01    2,542,917     
9     FUSE       5           1122        1122         0:00:01    2,821,551     
10    FUSE       5           1122        1122         0:00:01    3,099,423     
11    FUSE       5           1122        1122         0:00:01    3,387,745     
12    FUSE       5           1122        1122         0:00:01    3,664,423     
13    FUSE       5           1122        1122         0:00:01    3,937,042     
14    FUSE       5           1122        1122         0:00:01    4,220,661     
15    FUSE       5           1122        1122         0:00:01    4,492,400     
16    FUSE       5           1122        1122         0:00:01    4,772,942     
17    FUSE       5           1122        1122         0:00:01    5,059,081     
18    FUSE       5           1122        1122         0:00:01    5,342,811     
19    FUSE       5           1122        1122         0:00:02    5,618,716     
19    FUSE       5           ------      1122         0:00:02    5,618,716     
Completed search.
Total rearrangements examined: 5,618,716. 
No target score defined.  Best score hit 20 times.
Best score: 1122.  2 trees retained. 
xmult 2.00 secs. 
2 trees saved to tmp.tre           
save 0.00 secs. 
 
Note: for consensus calculation, trees will be 
temporarily collapsed (with TBR) 
Strict consensus of 2 trees (0 taxa excluded) calculated, as tree 2 
nelsen 0.00 secs. 


        ------------------------------------------------------------
        Synapomorphies of 2 trees plotted on the strict
        consensus.  Only unambiguous synapomorphies, occuring in
        every tree, are indicated. This makes results much more
        conservative!
        ------------------------------------------------------------ 
Collapsing branches with no possible support ("rule 3") 
 
Synapomorphies common to 2 trees 
   ,-- 'Tupaia_chinensis'
   |  ,--84,94,103,129,133,144,155,215,284,349,376,412,437,448,459,480,568,570,615,669,679,688,727,736,754,770,776,777 'Rattus_norvegicus'
|--|  |                                                                                                                                                                                                                                                                                                                                                                                                                                                                                                          ,--84,98,134,176,195,240,253,255,264,294,323,414,425,514,553,559,692,708,732,789 'Oryctolagus_cuniculus'
   `--|                                                                                                                                                                                                                                                                                                                                                                                                                                                                                                          |                                                              ,--37,38,39,40,41,42,43,44,45,46,47,48,49,50,51,52,53,54,55,56,57,58,59,60,61,62,63,64,65,66,67,68,69,73,77,85,92,99,123,172,178,190,210,214,259,396,437,457,516,519,528,536,553,563,568,652,666,675,676,682,697,728,773 'Cavia_porcellus'
      |                                                                                                                                                                                                                                                                                                                                                                                                                                                                                                          |                                        ,--168,171,351,608,703|                                                                ,--73,96,105,106,134,136,143,178,208,260,351,396,414,464,476,485,583,625,627,628,668,672,726,732,736,777 'Cricetulus_griseus'
      `--87,93,99,106,107,110,111,119,122,124,125,126,156,158,172,175,177,179,180,190,204,209,210,212,213,214,223,237,239,261,262,268,277,291,303,313,314,324,327,328,330,332,338,360,364,365,366,367,368,369,370,391,392,396,403,428,453,455,457,458,484,488,506,515,518,519,521,522,527,529,534,540,544,548,549,563,564,574,581,605,606,607,608,612,614,621,628,653,656,657,658,659,660,662,668,674,675,676,677,682,690,691,699,709,710,711,715,716,726,731,733,739,744,747,758,759,760,764,766,769,783,784,787|                                        |                     `--89,103,131,175,284,293,308,309,315,323,365,421,448,692,727,740---87,98,119,130,133,140,144,152,180,198,213,214,240,253,262,267,273,366,425,517,522,525,557,766,773 'Mus_musculus'
                                                                                                                                                                                                                                                                                                                                                                                                                                                                                                                 |                                        |                                                                 ,--73,82,98,130,141,183,190,216,342,343,364,370,414,437,480,522,603,698,703,763,783 'Orcinus_orca'
                                                                                                                                                                                                                                                                                                                                                                                                                                                                                                                 |                                        |                    ,--75,181,199,207,323,439,448,557,564,696,755|                                                                     ,--76,128,223,264,525,726,736,788 'Ovis_aries'
                                                                                                                                                                                                                                                                                                                                                                                                                                                                                                                 `--86,141,155,194,199,567,688,698,727,736|                    |                                            `--83,85,87,94,168,176,204,351,396,479,513,573,656,666,673,677,773,784---71,93,102,120,136,216,238,240,260,291,310,425,427,428,432,472,480,521,522,524,535,676,688,755,766,777 'Bos_taurus'
                                                                                                                                                                                                                                                                                                                                                                                                                                                                                                                                                          |                    |                                       ,--74,87,97,111,159,172,176,194,208,223,230,264,277,379,381,412,425,485,653,666,696,698,740,754,779,784,789 'Otolemur_garnettii'
                                                                                                                                                                                                                                                                                                                                                                                                                                                                                                                                                          |                    |                 ,--323,351,413,438,522---75,80,88,98,100,101,168,178,179,186,229,240,255,260,267,290,318,321,327,393,411,414,455,463,480,515,524,528,535,553,561,564,565,566,568,569,574,578,648,656,662,668,676,699,703,715,728,733 'Pteropus_alecto'
                                                                                                                                                                                                                                                                                                                                                                                                                                                                                                                                                          |                    |--172,295,303,365|                                                       ,--26,27,28,29,30,31,32,33,34,35,36,37,38,39,40,41,42,43,44,45,46,47,48,49,50,51,52,53,54,55,56,57,58,59,60,61,62,63,64,65,66,67,68,69,71,74,83,89,91,104,111,130,133,180,187,198,208,223,236,284,339,365,368,403,407,425,437,439,558,658,668,698,740,779,789 'Ailuropoda_melanoleuca'
                                                                                                                                                                                                                                                                                                                                                                                                                                                                                                                                                          `--94,267,525,561,563|                 `--86,99,136,168,264,309,310,322,343,480,773,775,783,784---79,98,100,124,141,178,181,182,184,216,297,312,314,316,324,326,330,332,348,381,448,457,516,524,535,554,557,578,614,656,657,665,731,736,759 'Felis_catus'
                                                                                                                                                                                                                                                                                                                                                                                                                                                                                                                                                                               |                                                                                                                                                                                                                                                                                                   ,--181,186,273,277,351,396,408,425,522,632,669,677,688 'Saimiri_boliviensis_boliviensi
                                                                                                                                                                                                                                                                                                                                                                                                                                                                                                                                                                               |                                                                                                                                                ,--0,1,2,3,4,5,7,8,9,11,12,13,15,16,17,18,19,20,23,24,25,26,27,28,29,32,33,34,35,36,37,39,40,41,42,43,83,85,119,159,210,214,216,365,654,698,703,783---44,87,131,157,179,209,259,317,320,727,775 'Callithrix_jacchus'
                                                                                                                                                                                                                                                                                                                                                                                                                                                                                                                                                                               |                                                                                                                                                |                                                                    ,--251,608,654 'Papio_anubis'
                                                                                                                                                                                                                                                                                                                                                                                                                                                                                                                                                                               `--44,45,46,47,48,49,50,52,53,54,55,56,57,58,59,60,61,62,63,64,65,66,68,69,98,102,105,176,179,255,330,351,391,396,401,463,564,573,656,708,727,740|                             ,--66,92,94,181,206,238,365,425,567,711---366,697 'Macaca_mulatta'
                                                                                                                                                                                                                                                                                                                                                                                                                                                                                                                                                                                                                                                                                                                                `--168,269,364,666,676,692,697|                       ,--59,83,427,732,775 'Nomascus_leucogenys'
                                                                                                                                                                                                                                                                                                                                                                                                                                                                                                                                                                                                                                                                                                                                                              `--55,58,195,277,320,522|                       ,--69,111,126 'Pan_troglodytes'
                                                                                                                                                                                                                                                                                                                                                                                                                                                                                                                                                                                                                                                                                                                                                                                      `--50,86,514,660,696,698---109 'Homo_sapiens'
apo 0.00 secs. 
Collapsing trees with TBR 
Selecting tree(s) 2,  
1 trees selected 
Closing tmp.tre (with 2 trees saved)
tsave 0.00 secs. 


        ------------------------------------------------------------
        Group supports are calculated by TBR-swapping the trees
        found, keeping note of the number of steps needed to
        loose each group.  The labels on branches show absolute
        and relative bremer supports (Goloboff & Farris 2001).
        Groups indicated with a question mark (?) are those
        for which the absolute bremer supports appear to be
        10 or more...
        ------------------------------------------------------------ 
Suboptimal 10.000 x 0.000 
Reading from tmp.tre 
'tree(s) from TNT, for data in ../results/tnt_input/mpo.tnt'
2 trees read (trees 1-2) 
tread 0.00 secs. 
Again reading from myscript.run 
 
WARNING: 
Non-binary starting trees will be dichotomized (randomly) 
 
Copied legends: "Bremer supports (from 344 trees, cut 0)" 
bsupport 0.00 secs. 
Suboptimal 10.000 x 0.900 
 
WARNING: 
Non-binary starting trees will be dichotomized (randomly) 
 
Note: TBR-swapping used to approximate supports 
Copied legends: "Relative bremer supports (from 265 trees, cut 0)" 
bsupport 0.00 secs. 
 
Bremer supports (from 344 trees, cut 0)/Relative bremer supports (from 265 trees, cut 0) 
    ,--/ 'Tupaia_chinensis'
    |          ,--/ 'Rattus_norvegicus'
|--/|          |          ,--/ 'Oryctolagus_cuniculus'
    `--10?/100?|          |             ,--/ 'Cavia_porcellus'
               |          |      ,--2/20|          ,--/ 'Cricetulus_griseus'
               `--10?/100?|      |      `--10?/100?---/ 'Mus_musculus'
                          |      |             ,--/ 'Orcinus_orca'
                          |      |      ,--9/59|          ,--/ 'Ovis_aries'
                          `--9/53|      |      `--10?/100?---/ 'Bos_taurus'
                                 |      |             ,--/ 'Otolemur_garnettii'
                                 |      |      ,--1/20---/ 'Pteropus_alecto'
                                 |      |--1/12|      ,--/ 'Ailuropoda_melanoleuca'
                                 `--4/27|      `--8/38---/ 'Felis_catus'
                                        |                     ,--/ 'Saimiri_boliviensis_boliviensi
                                        |          ,--10?/100?---/ 'Callithrix_jacchus'
                                        |          |                  ,--/ 'Papio_anubis'
                                        `--10?/100?|        ,--10/100?---/ 'Macaca_mulatta'
                                                   `--7/100?|      ,--/ 'Nomascus_leucogenys'
                                                            `--5/45|        ,--/ 'Pan_troglodytes'
                                                                   `--6/100?---/ 'Homo_sapiens'
Suboptimal 0.000 x 0.900 
1 trees in memory 
 
WARNING: 
Existing tree-tags will be erased 
 


        ------------------------------------------------------------
        Resampling is done with 100 replications of symmetric
        resampling (see Goloboff et al. 2003), analyzing each data
        set with a single random addition sequence plus TBR
        (collapsing the resulting tree with TBR, see Goloboff &
        Farris, 2001).  The labels on branches show frequency and
        frequency differences (see Goloboff et al. 2003).
        ------------------------------------------------------------ 
Collapsing trees with TBR 
Copied legends: "Group freqs., 100 replicates, cut=50 (tree 0) - Symmetric Resampling (P=33)" 
Copied legends: "GC values, 100 replicates, cut=0 (tree 1) - Symmetric Resampling (P=33)" 
 
0.00 secs. to complete resampling 
1 trees in memory 
 
Group freqs., 100 replicates, cut=50 (tree 0) - Symmetric Resampling (P=33)/GC values, 100 replicates, cut=0 (tree 1) - Symmetric Resampling (P=33) 
    ,--/ 'Tupaia_chinensis'
    |         ,--/ 'Rattus_norvegicus'
|--/|         |         ,--/ 'Oryctolagus_cuniculus'
    `--100/100|         |               ,--/ 'Cavia_porcellus'
              |         |       ,--53/33|         ,--/ 'Cricetulus_griseus'
              `--100/100|       |       `--100/100---/ 'Mus_musculus'
                        |       |                 ,--/ 'Orcinus_orca'
                        |       |       ,--100/100|         ,--/ 'Ovis_aries'
                        `--97/95|       |         `--100/100---/ 'Bos_taurus'
                                |       |              ,--/ 'Otolemur_garnettii'
                                |       |       ,--43/9---/ 'Pteropus_alecto'
                                |       |--42/31|       ,--/ 'Ailuropoda_melanoleuca'
                                `--59/40|       `--94/88---/ 'Felis_catus'
                                        |                   ,--/ 'Saimiri_boliviensis_boliviensi
                                        |         ,--100/100---/ 'Callithrix_jacchus'
                                        |         |                 ,--/ 'Papio_anubis'
                                        `--100/100|       ,--100/100---/ 'Macaca_mulatta'
                                                  `--99/99|       ,--/ 'Nomascus_leucogenys'
                                                          `--97/95|         ,--/ 'Pan_troglodytes'
                                                                  `--100/100---/ 'Homo_sapiens'
 
WARNING: 
File "myscript.tre" already exists.  It will be overwritten. 
 
Saved trees (Nexus format) to file myscript.tre 
Results saved (as text) to file myscript.out 

