Watch is ON 
Collapsing trees with TBR 
Time reset 
Tree file: tmp.tre 
tsave 0.00 secs. 
Record search status: every 1 rep(s). 


        ------------------------------------------------------------
        Search routine used:
           finding optimal score 20 times independently, using defaults
           of "xmult" plus 10 cycles of tree-drifting (Goloboff
           1999).
           Note: for consensus calculation, trees TBR-collapsed.
           ALSO NOTE: THIS IS AN OVERKILL FOR MOST DATA SETS!
        ------------------------------------------------------------ 
Space for 1000 trees in memory 
Repl. Algor.     Tree        Score       Best Score   Time       Rearrangs.
0     FUSE       5           1247        1247         0:00:00    333,267       
1     FUSE       5           1247        1247         0:00:00    667,472       
2     FUSE       5           1247        1247         0:00:00    1,000,216     
3     FUSE       5           1247        1247         0:00:00    1,336,644     
4     FUSE       5           1247        1247         0:00:00    1,669,520     
5     FUSE       5           1247        1247         0:00:00    2,003,557     
6     FUSE       5           1247        1247         0:00:00    2,336,647     
7     FUSE       5           1247        1247         0:00:00    2,670,151     
8     FUSE       5           1247        1247         0:00:00    3,004,413     
9     FUSE       5           1247        1247         0:00:00    3,335,865     
10    FUSE       5           1247        1247         0:00:01    3,666,467     
11    FUSE       5           1247        1247         0:00:01    3,998,894     
12    FUSE       5           1247        1247         0:00:01    4,335,261     
13    FUSE       5           1247        1247         0:00:01    4,669,478     
14    FUSE       5           1247        1247         0:00:01    4,997,977     
15    FUSE       5           1247        1247         0:00:01    5,328,076     
16    FUSE       5           1247        1247         0:00:01    5,659,450     
17    FUSE       5           1247        1247         0:00:01    5,987,299     
18    FUSE       5           1247        1247         0:00:01    6,318,284     
19    FUSE       5           1247        1247         0:00:01    6,649,840     
19    FUSE       5           ------      1247         0:00:01    6,649,840     
Completed search.
Total rearrangements examined: 6,649,840. 
No target score defined.  Best score hit 20 times.
Best score: 1247.  2 trees retained. 
xmult 1.00 secs. 
2 trees saved to tmp.tre           
save 0.00 secs. 
 
Note: for consensus calculation, trees will be 
temporarily collapsed (with TBR) 
Strict consensus of 2 trees (0 taxa excluded) calculated, as tree 2 
nelsen 0.00 secs. 


        ------------------------------------------------------------
        Synapomorphies of 2 trees plotted on the strict
        consensus.  Only unambiguous synapomorphies, occuring in
        every tree, are indicated. This makes results much more
        conservative!
        ------------------------------------------------------------ 
Collapsing branches with no possible support ("rule 3") 
 
Synapomorphies common to 2 trees 
   ,-- 'Callithrix_jacchus'
   |  ,--338,440,824,1173,1236 'Saimiri_boliviensis_boliviensi
|--|  |                                       ,--778,1241,1242 'Papio_anubis'
   |  |                                       |--802 'Pan_troglodytes'
   `--|                ,--49,652,989,1081,1104|                                                                                                                                                                                                                                                                                                                                                                                                                                                                                                                                                                                                    ,-- 'Macaca_mulatta'
      |                |                      `--884,1127,1128,1129,1130,1131,1132,1133,1134,1135,1136,1137,1138,1139,1140,1141,1142,1143,1144,1145,1146,1147,1148,1149,1150,1151,1152,1153,1154,1155,1156,1157,1159,1160,1161,1163,1164,1165,1166,1167,1168,1169,1170,1171,1172,1173,1174,1175,1176,1177,1178,1179,1180,1181,1182,1183,1184,1185,1186,1187,1188,1189,1190,1191,1192,1193,1194,1195,1196,1197,1198,1199,1200,1201,1202,1203,1204,1205,1206,1207,1208,1209,1210,1211,1212,1213,1214,1215,1216,1217,1218,1219,1220,1221,1222,1223,1224,1225,1226,1227,1228,1229,1230,1231,1232,1233,1234,1235,1236,1237,1238,1239,1240,1243,1244,1246|                                                                                                                                                                                                                                                                                                                                                                                                                                                                                                                                                                                                                                                                                                                                                                                                                                                                                                                                                                                                                                                                                                                                                                                                                                                                                                                                                                                                                                                                                                                                                                                                                                                                                                                                                                                                                                                                                                                                                                                                                                                                                    ,--4,8,246,781,785,786,788,884,885,886,891,912,915,916,917,1157,1159,1160,1161,1163 'Nomascus_leucogenys'
      |                |                                                                                                                                                                                                                                                                                                                                                                                                                                                                                                                                                                                                                           `--625,626,627,628,629,630,631,632,633,634,635,636,637,638,639,640,641,642,643,644,645,646,647,648,649,650,651,652,653,654,655,656,657,658,659,660,661,662,663,664,665,666,667,668,669,670,671,672,673,674,675,676,677,678,679,680,681,682,683,684,685,686,687,688,689,690,691,692,693,694,695,696,697,698,699,700,701,702,703,704,705,706,707,708,709,712,713,714,715,716,717,718,719,720,721,722,723,724,725,726,727,728,729,730,731,732,733,734,735,736,737,738,739,740,741,742,743,744,745,746,747,748,749,750,751,752,753,754,755,756,757,758,759,760,761,762,763,764,765,766,767,768,769,770,771,772,773,774,775,776,777,778,779,780,790,791,792,793,794,795,796,797,798,799,800,801,802,803,804,805,806,807,808,809,810,811,812,813,814,815,816,817,818,819,820,821,822,823,824,825,826,827,828,829,830,831,832,833,834,835,836,837,838,839,840,841,842,843,844,845,846,847,848,849,850,851,852,853,854,855,856,857,858,859,860,861,862,863,867,868,869,870,871,872,873,874,875,876,877,878,879,880,881,892,893,894,895,896,897,898,899,900,901,902,903,904,905,906,907,908,918,919,920,921,922,923,924,925,926,927,928,929,930,931,932,933,934,935,936,937,938,939,940,941,942,943,944,945,946,947,948,949,950,951,952,953,954,955,956,957,958,959,960,961,962,963,964,965,966,967,968,969,970,971,972,973,974,975,976,977,978,979,980,981,982,983,984,985,986,987,988,989,990,991,992,993,994,995,996,997,998,999,1000,1001,1002,1003,1004,1005,1006,1007,1008,1009,1010,1011,1012,1013,1014,1015,1016,1017,1018,1019,1020,1021,1022,1023,1024,1025,1026,1027,1028,1029,1030,1031,1032,1033,1034,1035,1036,1037,1038,1039,1040,1041,1042,1043,1044,1045,1046,1047,1048,1049,1050,1051,1052,1053,1054,1055,1056,1057,1058,1059,1060,1061,1062,1063,1064,1065,1066,1067,1068,1069,1070,1071,1072,1073,1074,1075,1076,1077,1078,1079,1080,1081,1082,1083,1084,1085,1086,1087,1088,1089,1090,1091,1092,1093,1094,1095,1096,1097,1098,1099,1100,1101,1102,1103,1104,1105,1106,1107,1108,1109,1110,1111,1112,1113,1114,1115,1116,1117,1118,1119,1120,1121,1122,1123,1124,1125,1126---334,621 'Homo_sapiens'
      `--77,128,319,569|                                               ,--44,96,122,128,145,146,157,220,249,259,316,331,360,363,400,433,519,527,558,665,719,789,797,800,824,990,1041,1108,1113,1132,1142,1181,1238,1245,1246 'Otolemur_garnettii'
                       |                                               |                                  ,--61,62,63,64,65,106,127,135,245,331,350,779,839,884,990,1068,1083,1113,1139,1153,1236,1239 'Oryctolagus_cuniculus'
                       |                                               |                     ,--51,520,777|               ,--7,36,75,77,124,125,142,144,145,146,147,148,149,150,165,168,220,221,282,283,284,285,286,287,288,289,290,291,292,293,294,295,296,297,298,299,300,301,302,303,304,305,306,307,355,458,569,789,864,865,866,886,916,994,1037,1038,1039,1040,1041,1042,1043,1044,1045,1046,1047,1142,1182,1234,1235,1239,1243,1244,1246 'Tupaia_chinensis'
                       `--32,67,121,340,744,801,926,1026,1124,1163,1239|                     |            `--53,59,801,862|                     ,--37,38,39,40,43,47,51,53,57,121,158,168,245,259,311,387,403,521,660,721,759,766,780,867,933,962,1000,1026,1029,1134,1163,1174,1225,1236,1244 'Cavia_porcellus'
                                                                       |                     |                            `--135,396,400,440,744|                                                                                        ,--26,121,125,225,316,469,527,1029,1107,1114,1119,1120,1122,1126,1128,1129,1130,1141 'Cricetulus_griseus'
                                                                       |                     |                                                  `--44,146,213,402,520,601,781,789,839,861,925,969,1047,1075,1103,1132,1149,1233,1240,1246|                            ,--54,77,106,259,335,345,524,948,998,1243 'Mus_musculus'
                                                                       `--7,57,71,129,440,860|                                                                                                                                           `--48,53,74,862,902,1021,1068---47,168,245,246,444,787,825,1238,1239 'Rattus_norvegicus'
                                                                                             |                    ,--43,44,45,53,55,59,69,72,97,121,142,147,161,223,231,335,400,426,461,520,596,668,789,790,867,868,916,967,1028,1123,1233 'Pteropus_alecto'
                                                                                             |                    |                           ,--43,51,52,58,71,101,130,212,510,520,764,777,801,955,1124 'Felis_catus'
                                                                                             `--48,49,212,933,1225+--126,167,925,933,1074,1245---34,49,74,77,90,163,828 'Ailuropoda_melanoleuca'
                                                                                                                  |                                 ,--26,157,225,331,360,400,402,520,755,803,825,852,989,1100,1123,1226,1244 'Orcinus_orca'
                                                                                                                  `--61,62,65,95,158,335,561,759,867|                                                                                                   ,--108 'Ovis_aries'
                                                                                                                                                    `--50,54,115,121,125,130,169,174,385,446,461,468,549,601,738,753,777,824,988,994,1026,1047,1048,1107--- 'Bos_taurus'
apo 0.00 secs. 
Collapsing trees with TBR 
Selecting tree(s) 2,  
1 trees selected 
Closing tmp.tre (with 2 trees saved)
tsave 0.00 secs. 


        ------------------------------------------------------------
        Group supports are calculated by TBR-swapping the trees
        found, keeping note of the number of steps needed to
        loose each group.  The labels on branches show absolute
        and relative bremer supports (Goloboff & Farris 2001).
        Groups indicated with a question mark (?) are those
        for which the absolute bremer supports appear to be
        10 or more...
        ------------------------------------------------------------ 
Suboptimal 10.000 x 0.000 
Reading from tmp.tre 
'tree(s) from TNT, for data in ../results/tnt_input/nos3.tnt'
2 trees read (trees 1-2) 
tread 0.00 secs. 
Again reading from myscript.run 
 
WARNING: 
Non-binary starting trees will be dichotomized (randomly) 
 
Copied legends: "Bremer supports (from 566 trees, cut 0)" 
bsupport 0.00 secs. 
Suboptimal 10.000 x 0.900 
 
WARNING: 
Non-binary starting trees will be dichotomized (randomly) 
 
Note: TBR-swapping used to approximate supports 
Copied legends: "Relative bremer supports (from 368 trees, cut 0)" 
bsupport 0.00 secs. 
 
Bremer supports (from 566 trees, cut 0)/Relative bremer supports (from 368 trees, cut 0) 
    ,--/ 'Callithrix_jacchus'
    |          ,--/ 'Saimiri_boliviensis_boliviensi
|--/|          |             ,--/ 'Papio_anubis'
    |          |             |--/ 'Pan_troglodytes'
    `--10?/100?|      ,--3/60|          ,--/ 'Macaca_mulatta'
               |      |      `--10?/100?|          ,--/ 'Nomascus_leucogenys'
               |      |                 `--10?/100?---/ 'Homo_sapiens'
               `--1/25|       ,--/ 'Otolemur_garnettii'
                      |       |             ,--/ 'Oryctolagus_cuniculus'
                      |       |      ,--2/40|      ,--/ 'Tupaia_chinensis'
                      `--10/67|      |      `--2/25|      ,--/ 'Cavia_porcellus'
                              |      |             `--1/20|          ,--/ 'Cricetulus_griseus'
                              |      |                    `--10?/100?|        ,--/ 'Mus_musculus'
                              `--6/60|                               `--7/100?---/ 'Rattus_norvegicus'
                                     |      ,--/ 'Pteropus_alecto'
                                     |      |      ,--/ 'Felis_catus'
                                     `--4/50+--5/56---/ 'Ailuropoda_melanoleuca'
                                            |      ,--/ 'Orcinus_orca'
                                            `--8/67|          ,--/ 'Ovis_aries'
                                                   `--10?/100?---/ 'Bos_taurus'
Suboptimal 0.000 x 0.900 
1 trees in memory 
 
WARNING: 
Existing tree-tags will be erased 
 


        ------------------------------------------------------------
        Resampling is done with 100 replications of symmetric
        resampling (see Goloboff et al. 2003), analyzing each data
        set with a single random addition sequence plus TBR
        (collapsing the resulting tree with TBR, see Goloboff &
        Farris, 2001).  The labels on branches show frequency and
        frequency differences (see Goloboff et al. 2003).
        ------------------------------------------------------------ 
Collapsing trees with TBR 
Copied legends: "Group freqs., 100 replicates, cut=50 (tree 0) - Symmetric Resampling (P=33)" 
Copied legends: "GC values, 100 replicates, cut=0 (tree 1) - Symmetric Resampling (P=33)" 
 
0.00 secs. to complete resampling 
1 trees in memory 
 
Group freqs., 100 replicates, cut=50 (tree 0) - Symmetric Resampling (P=33)/GC values, 100 replicates, cut=0 (tree 1) - Symmetric Resampling (P=33) 
    ,--/ 'Callithrix_jacchus'
    |         ,--/ 'Saimiri_boliviensis_boliviensi
|--/|         |               ,--/ 'Papio_anubis'
    |         |               |--/ 'Pan_troglodytes'
    `--100/100|       ,--86/84|         ,--/ 'Macaca_mulatta'
              |       |       `--100/100|         ,--/ 'Nomascus_leucogenys'
              |       |                 `--100/100---/ 'Homo_sapiens'
              `--61/37|         ,--/ 'Otolemur_garnettii'
                      |         |               ,--/ 'Oryctolagus_cuniculus'
                      |         |       ,--62/56|       ,--/ 'Tupaia_chinensis'
                      `--100/100|       |       `--68/55|       ,--/ 'Cavia_porcellus'
                                |       |               `--58/34|         ,--/ 'Cricetulus_griseus'
                                |       |                       `--100/100|         ,--/ 'Mus_musculus'
                                `--99/99|                                 `--100/100---/ 'Rattus_norvegicus'
                                        |       ,--/ 'Pteropus_alecto'
                                        |       |       ,--/ 'Felis_catus'
                                        `--90/86+--92/89---/ 'Ailuropoda_melanoleuca'
                                                |       ,--/ 'Orcinus_orca'
                                                `--99/98|         ,--/ 'Ovis_aries'
                                                        `--100/100---/ 'Bos_taurus'
 
WARNING: 
File "myscript.tre" already exists.  It will be overwritten. 
 
Saved trees (Nexus format) to file myscript.tre 
Results saved (as text) to file myscript.out 

