Watch is ON 
Collapsing trees with TBR 
Time reset 
Tree file: tmp.tre 
tsave 0.00 secs. 
Record search status: every 1 rep(s). 


        ------------------------------------------------------------
        Search routine used:
           finding optimal score 20 times independently, using defaults
           of "xmult" plus 10 cycles of tree-drifting (Goloboff
           1999).
           Note: for consensus calculation, trees TBR-collapsed.
           ALSO NOTE: THIS IS AN OVERKILL FOR MOST DATA SETS!
        ------------------------------------------------------------ 
Space for 1000 trees in memory 
Repl. Algor.     Tree        Score       Best Score   Time       Rearrangs.
0     FUSE       5           832         832          0:00:00    328,078       
1     FUSE       5           832         832          0:00:00    649,987       
2     FUSE       5           832         832          0:00:00    973,931       
3     FUSE       5           832         832          0:00:01    1,299,960     
4     FUSE       5           832         832          0:00:01    1,629,299     
5     FUSE       5           832         832          0:00:01    1,955,176     
6     FUSE       5           832         832          0:00:01    2,281,877     
7     FUSE       5           832         832          0:00:01    2,609,371     
8     FUSE       5           832         832          0:00:01    2,936,211     
9     FUSE       5           832         832          0:00:01    3,263,646     
10    FUSE       5           832         832          0:00:01    3,593,296     
11    FUSE       5           832         832          0:00:01    3,923,377     
12    FUSE       5           832         832          0:00:01    4,247,733     
13    FUSE       5           832         832          0:00:01    4,575,411     
14    FUSE       5           832         832          0:00:01    4,897,770     
15    FUSE       5           832         832          0:00:01    5,227,424     
16    FUSE       5           832         832          0:00:01    5,556,555     
17    FUSE       5           832         832          0:00:01    5,881,375     
18    FUSE       5           832         832          0:00:01    6,217,186     
19    FUSE       5           832         832          0:00:01    6,538,859     
19    FUSE       5           ------      832          0:00:01    6,538,859     
Completed search.
Total rearrangements examined: 6,538,859. 
No target score defined.  Best score hit 20 times.
Best score: 832.  1 trees retained. 
xmult 1.00 secs. 
1 trees saved to tmp.tre           
save 0.00 secs. 
 
Note: for consensus calculation, trees will be 
temporarily collapsed (with TBR) 
Strict consensus of 1 trees (0 taxa excluded) calculated, as tree 1 
nelsen 0.00 secs. 


        ------------------------------------------------------------
        Synapomorphies of 1 trees plotted on the strict
        consensus.  Only unambiguous synapomorphies, occuring in
        every tree, are indicated. This makes results much more
        conservative!
        ------------------------------------------------------------ 
Collapsing branches with no possible support ("rule 3") 
 
Synapomorphies common to 1 trees 
   ,-- 'Cricetulus_griseus'
   |                                                     ,--26,31,52,60,71,81,101,108,117,134,145,208,246,251,267,268,287,289,331,349,366,441,454 'Mus_musculus'
|--|  ,--12,20,25,182,209,243,271,334,382,393,395,408,429---17,29,63,107,114,181,250,257,288,291,317,353,357,365,372,425 'Rattus_norvegicus'
   |  |                                                                                                            ,--13,23,25,26,31,34,53,71,102,105,107,108,109,111,114,117,133,135,145,147,148,150,152,155,160,180,182,194,195,196,205,220,238,254,266,268,276,286,287,291,308,316,331,332,333,334,341,350,355,362,368,375,384,391,392,393,411,413,429,438,451,453,455,457 'Cavia_porcellus'
   `--|                                                                                                            |                                                        ,--14,15,16,17,18,19,21,23,24,26,31,34,35,57,104,141,145,147,155,160,178,179,186,187,224,238,251,270,280,286,320,341,353,411,415,431 'Orcinus_orca'
      |                                                                                                            |                                    ,--13,43,379,426,452|                                                        ,--13,35,66,96,102,157,200,211,250,334 'Ovis_aries'
      `--7,39,54,81,110,181,183,186,208,221,227,228,231,253,259,264,306,326,337,338,356,372,381,383,415,418,441,458|                                    |                   `--91,100,108,114,117,231,253,292,306,308,338,441,451,454---14,46,89,142,150,205,206,208,209,228,251,257,264,266,291,331,335,336,353,355,356,357,370,379,426 'Bos_taurus'
                                                                                                                   |                                    |                                                       ,--6,15,103,114,135,145,150,183,184,252,253,272,274,281,362,366,381,412,441 'Felis_catus'
                                                                                                                   `--52,142,222,230,257,267,281,366,450|                       ,--9,112,179,326,368,425,448,453---14,54,77,95,125,149,155,182,186,243,270,275,276,289,292,334,342,408,411,444,456 'Ailuropoda_melanoleuca'
                                                                                                                                                        |                       |            ,--9,20,26,27,32,34,91,103,112,144,178,179,180,211,221,305,308,331,332,334,335,337,370,384,395,412,441,444,450 'Pteropus_alecto'
                                                                                                                                                        `--33,91,147,202,307,441|            |                              ,--0,1,2,3,13,19,25,49,82,107,118,162,163,164,165,166,167,168,169,170,171,172,173,174,175,176,177,202,254,256,266,310,337,338,350,353,383,426 'Tupaia_chinensis'
                                                                                                                                                                                `--57,266,270|                    ,--208,252---9,46,54,72,79,103,106,132,148,152,158,179,180,270,305,308,326,331,333,334,368,411,415,431,448,450 'Oryctolagus_cuniculus'
                                                                                                                                                                                             |                    |                     ,--7,24,26,30,34,46,49,57,72,91,147,148,154,158,161,179,180,182,202,220,222,229,254,256,270,291,334,348,350,353,355,378,411,450,452,457,458 'Otolemur_garnettii'
                                                                                                                                                                                             `--54,158,281,326,429|                     |                                                                                                               ,--6,24,47,53,71,152,258,276,278,327,375,408,456,458 'Callithrix_jacchus'
                                                                                                                                                                                                                  `--15,31,33,95,253,308|                                                          ,--9,17,27,98,103,183,196,206,231,252,253,254,334,353---106,159,266,270,272,291,326,395 'Saimiri_boliviensis_boliviensi
                                                                                                                                                                                                                                        |                                                          |                                                          ,--147,328,329,330,453 'Papio_anubis'
                                                                                                                                                                                                                                        `--6,47,55,63,71,82,106,107,114,133,157,184,281,331,415,451|                    ,--10,35,45,52,192,202,334,370,447,451---154,326,357 'Macaca_mulatta'
                                                                                                                                                                                                                                                                                                   `--91,186,272,325,333|                        ,--4,5,6,7,8,9,10,11,12,13,14,15,16,17,19,20,21,22,23,24,27,29,30,31,34,157,260,412 'Nomascus_leucogenys'
                                                                                                                                                                                                                                                                                                                        `--95,146,251,366,395,441|                     ,--7,8,231 'Pan_troglodytes'
                                                                                                                                                                                                                                                                                                                                                 `--186,243,286,334,411---98 'Homo_sapiens'
apo 0.00 secs. 
Collapsing trees with TBR 
Selecting tree(s) 1,  
1 trees selected 
Closing tmp.tre (with 1 trees saved)
tsave 0.00 secs. 


        ------------------------------------------------------------
        Group supports are calculated by TBR-swapping the trees
        found, keeping note of the number of steps needed to
        loose each group.  The labels on branches show absolute
        and relative bremer supports (Goloboff & Farris 2001).
        Groups indicated with a question mark (?) are those
        for which the absolute bremer supports appear to be
        10 or more...
        ------------------------------------------------------------ 
Suboptimal 10.000 x 0.000 
Reading from tmp.tre 
'tree(s) from TNT, for data in ../results/tnt_input/plau.tnt'
1 trees read (trees 1-1) 
tread 0.00 secs. 
Again reading from myscript.run 
Copied legends: "Bremer supports (from 274 trees, cut 0)" 
bsupport 0.00 secs. 
Suboptimal 10.000 x 0.900 
Note: TBR-swapping used to approximate supports 
Copied legends: "Relative bremer supports (from 222 trees, cut 0)" 
bsupport 0.00 secs. 
 
Bremer supports (from 274 trees, cut 0)/Relative bremer supports (from 222 trees, cut 0) 
    ,--/ 'Cricetulus_griseus'
    |                     ,--/ 'Mus_musculus'
|--/|          ,--10?/100?---/ 'Rattus_norvegicus'
    |          |          ,--/ 'Cavia_porcellus'
    `--10?/100?|          |             ,--/ 'Orcinus_orca'
               |          |      ,--2/40|      ,--/ 'Ovis_aries'
               `--10?/100?|      |      `--3/21---/ 'Bos_taurus'
                          |      |             ,--/ 'Felis_catus'
                          `--4/21|      ,--5/45---/ 'Ailuropoda_melanoleuca'
                                 |      |      ,--/ 'Pteropus_alecto'
                                 `--4/21|      |             ,--/ 'Tupaia_chinensis'
                                        `--2/21|      ,--2/33---/ 'Oryctolagus_cuniculus'
                                               |      |      ,--/ 'Otolemur_garnettii'
                                               `--2/21|      |                     ,--/ 'Callithrix_jacchus'
                                                      `--3/21|          ,--10?/100?---/ 'Saimiri_boliviensis_boliviensi
                                                             |          |                ,--/ 'Papio_anubis'
                                                             `--10?/100?|      ,--10/100?---/ 'Macaca_mulatta'
                                                                        `--3/60|      ,--/ 'Nomascus_leucogenys'
                                                                               `--5/80|        ,--/ 'Pan_troglodytes'
                                                                                      `--5/100?---/ 'Homo_sapiens'
Suboptimal 0.000 x 0.900 
1 trees in memory 
 
WARNING: 
Existing tree-tags will be erased 
 


        ------------------------------------------------------------
        Resampling is done with 100 replications of symmetric
        resampling (see Goloboff et al. 2003), analyzing each data
        set with a single random addition sequence plus TBR
        (collapsing the resulting tree with TBR, see Goloboff &
        Farris, 2001).  The labels on branches show frequency and
        frequency differences (see Goloboff et al. 2003).
        ------------------------------------------------------------ 
Collapsing trees with TBR 
Copied legends: "Group freqs., 100 replicates, cut=50 (tree 0) - Symmetric Resampling (P=33)" 
Copied legends: "GC values, 100 replicates, cut=0 (tree 1) - Symmetric Resampling (P=33)" 
 
0.00 secs. to complete resampling 
1 trees in memory 
 
Group freqs., 100 replicates, cut=50 (tree 0) - Symmetric Resampling (P=33)/GC values, 100 replicates, cut=0 (tree 1) - Symmetric Resampling (P=33) 
    ,--/ 'Cricetulus_griseus'
    |                   ,--/ 'Mus_musculus'
|--/|         ,--100/100---/ 'Rattus_norvegicus'
    |         |         ,--/ 'Cavia_porcellus'
    `--100/100|         |               ,--/ 'Orcinus_orca'
              |         |       ,--72/60|       ,--/ 'Ovis_aries'
              `--100/100|       |       `--70/45---/ 'Bos_taurus'
                        |       |                ,--/ 'Felis_catus'
                        `--53/15|        ,--93/92---/ 'Ailuropoda_melanoleuca'
                                |        |         ,--/ 'Pteropus_alecto'
                                `--31/[7]|         |                 ,--/ 'Tupaia_chinensis'
                                         `--18/[20]|         ,--37/24---/ 'Oryctolagus_cuniculus'
                                                   |         |      ,--/ 'Otolemur_garnettii'
                                                   `--13/[25]|      |                   ,--/ 'Callithrix_jacchus'
                                                             `--42/4|         ,--100/100---/ 'Saimiri_boliviensis_boliviensi
                                                                    |         |                 ,--/ 'Papio_anubis'
                                                                    `--100/100|       ,--100/100---/ 'Macaca_mulatta'
                                                                              `--59/40|       ,--/ 'Nomascus_leucogenys'
                                                                                      `--94/93|       ,--/ 'Pan_troglodytes'
                                                                                              `--99/99---/ 'Homo_sapiens'
 
WARNING: 
File "myscript.tre" already exists.  It will be overwritten. 
 
Saved trees (Nexus format) to file myscript.tre 
Results saved (as text) to file myscript.out 

