Watch is ON 
Collapsing trees with TBR 
Time reset 
Tree file: tmp.tre 
tsave 0.00 secs. 
Record search status: every 1 rep(s). 


        ------------------------------------------------------------
        Search routine used:
           finding optimal score 20 times independently, using defaults
           of "xmult" plus 10 cycles of tree-drifting (Goloboff
           1999).
           Note: for consensus calculation, trees TBR-collapsed.
           ALSO NOTE: THIS IS AN OVERKILL FOR MOST DATA SETS!
        ------------------------------------------------------------ 
Space for 1000 trees in memory 
Repl. Algor.     Tree        Score       Best Score   Time       Rearrangs.
0     FUSE       5           3035        3035         0:00:00    310,693       
1     FUSE       5           3035        3035         0:00:00    620,296       
2     FUSE       5           3035        3035         0:00:00    929,368       
3     FUSE       5           3035        3035         0:00:00    1,235,449     
4     FUSE       5           3035        3035         0:00:00    1,544,410     
5     FUSE       5           3035        3035         0:00:00    1,854,438     
6     FUSE       5           3035        3035         0:00:00    2,168,653     
7     FUSE       5           3035        3035         0:00:00    2,479,260     
8     FUSE       5           3035        3035         0:00:00    2,790,015     
9     FUSE       5           3035        3035         0:00:00    3,100,228     
10    FUSE       5           3035        3035         0:00:00    3,409,968     
11    FUSE       5           3035        3035         0:00:00    3,714,768     
12    FUSE       5           3035        3035         0:00:00    4,019,728     
13    FUSE       5           3035        3035         0:00:00    4,327,717     
14    FUSE       5           3035        3035         0:00:00    4,633,975     
15    FUSE       5           3035        3035         0:00:00    4,941,942     
16    FUSE       5           3035        3035         0:00:00    5,251,860     
17    FUSE       5           3035        3035         0:00:00    5,559,472     
18    FUSE       5           3035        3035         0:00:01    5,866,592     
19    FUSE       5           3035        3035         0:00:01    6,173,744     
19    FUSE       5           ------      3035         0:00:01    6,173,744     
Completed search.
Total rearrangements examined: 6,173,744. 
No target score defined.  Best score hit 20 times.
Best score: 3035.  5 trees retained. 
xmult 1.00 secs. 
5 trees saved to tmp.tre           
save 0.00 secs. 
 
Note: for consensus calculation, trees will be 
temporarily collapsed (with TBR) 
Strict consensus of 5 trees (0 taxa excluded) calculated, as tree 5 
nelsen 0.00 secs. 


        ------------------------------------------------------------
        Synapomorphies of 5 trees plotted on the strict
        consensus.  Only unambiguous synapomorphies, occuring in
        every tree, are indicated. This makes results much more
        conservative!
        ------------------------------------------------------------ 
Collapsing branches with no possible support ("rule 3") 
 
Synapomorphies common to 5 trees 
   ,-- 'Orcinus_orca'
   |                                                                                                                                                                                                                    ,--40,41,43,44,45,46,47,48,50,51,52,54,55,56,58,59,60,61,62,63,65,66,68,74,75,76,77,78,79,80,81,83,85,87,88,92,93,94,95,96,97,98,99,101,103,114,115,116,117,118,119,120,121,127,128,129,130,131,140,141,1434,1438,1439,1443,1444,1445,1446,1447,1448,1449,1450,1472,1594,1675,1823,1828,1832,1856,1995,2038,2145,2229,2236,2476,2542,2630 'Ovis_aries'
|--|  ,--70,150,251,547,797,827,1096,1099,1177,1199,1248,1423,1424,1462,1465,1485,1556,1690,1740,1741,1970,1977,2049,2059,2118,2125,2165,2194,2202,2210,2233,2251,2254,2283,2284,2398,2445,2446,2480,2507,2528,2555,2570---57,963,967,1098,1216,1458,1466,1590,1663,2104,2198,2252,2670 'Bos_taurus'
   |  |                                                                                                                                                                                                                                                                               ,--0,1,2,3,4,5,6,7,8,9,10,11,12,13,14,15,16,17,18,19,20,21,22,23,24,25,26,27,28,29,30,31,32,33,34,35,36,37,38,39,40,41,44,564,622,735,967,1007,1216,1378,1437,1455,1465,1664,1741,1768,1821,1843,1856,2018,2059,2060,2141,2142,2144,2165,2202,2221,2242,2250,2387,2403,2419,2434,2445,2447,2486,2567,2569,2583,2626,2627,2630,2632,2655,2660,2669 'Felis_catus'
   `--|                                                                                                                                                                                     ,--93,98,253,610,837,1083,1272,1337,1421,1462,1463,1730,2046,2051,2119,2166,2179,2191,2485---48,50,51,52,53,54,55,56,57,58,60,61,62,64,66,67,68,69,70,71,72,73,74,75,76,102,103,121,344,624,665,683,685,766,997,1044,1199,1298,1302,1343,1377,1384,1404,1435,1581,1696,1716,1788,1818,1825,1849,1909,1912,1915,2033,2110,2125,2217,2218,2446,2470,2487,2497,2507,2508,2643,2650,2670,2688 'Ailuropoda_melanoleuca'
      |                                                                                                                                                                                     |                        ,--44,53,65,80,99,113,119,128,130,149,341,348,350,547,687,731,733,740,756,807,833,838,885,920,991,994,1015,1094,1173,1248,1272,1301,1321,1340,1343,1463,1476,1585,1590,1663,1690,1813,1849,1868,1900,1972,1974,1977,2050,2053,2060,2111,2127,2144,2145,2164,2291,2293,2315,2386,2392,2464,2488,2555,2567,2569,2621,2631 'Pteropus_alecto'
      `--59,68,76,83,96,113,154,334,347,556,618,657,683,762,995,1247,1287,1318,1388,1392,1395,1400,1410,1458,1722,1783,1937,1963,1999,2002,2006,2085,2152,2216,2219,2238,2395,2401,2404,2630|                        |                                                                           ,--65,77,78,119,148,680,685,923,961,969,1059,1173,1202,1203,1204,1205,1206,1207,1208,1209,1210,1211,1212,1213,1214,1215,1217,1218,1219,1220,1221,1223,1294,1378,1380,1458,1590,1690,1730,1909,1916,1920,1927,1933,1952,1953,2025,2168,2244,2264,2302,2419,2445,2471,2488,2522,2565,2597 'Otolemur_garnettii'
                                                                                                                                                                                            |                        |                                                                           |                                                ,--65,78,175,176,177,178,179,180,181,182,183,184,185,186,187,188,189,190,191,192,193,194,195,196,197,198,199,200,201,202,203,204,205,206,207,208,209,210,211,212,213,214,215,216,257,258,259,260,261,262,263,264,265,266,267,268,269,270,271,272,273,274,275,276,277,278,279,280,281,282,283,284,285,286,287,288,289,290,291,292,293,294,295,296,297,298,299,300,301,302,303,304,305,306,307,308,309,310,311,312,313,314,315,316,317,318,319,320,321,322,323,324,325,353,368,369,370,371,372,373,374,375,376,377,378,379,380,381,382,383,384,385,386,387,388,389,390,391,392,393,394,395,396,397,398,399,400,401,402,403,404,405,406,407,408,409,410,411,412,413,414,415,416,417,418,419,420,421,422,423,424,425,426,427,428,429,430,431,432,433,434,435,436,437,438,439,440,441,442,443,444,445,446,447,448,449,450,451,452,453,454,455,456,457,458,459,460,461,462,463,464,465,466,467,468,469,470,471,472,473,474,475,476,477,478,479,480,481,482,483,484,485,486,487,488,489,490,491,492,493,494,495,496,497,498,499,500,501,502,503,504,505,506,507,508,509,510,511,512,513,514,515,516,517,518,519,520,521,522,523,524,525,526,527,528,529,530,531,532,533,534,535,536,537,538,539,540,541,542,543,568,583,679,688,689,691,726,748,930,931,932,933,934,935,936,937,938,939,940,941,942,943,944,945,946,947,948,949,950,1100,1173,1300,1319,1378,1383,1384,1404,1465,1477,1502,1509,1510,1511,1512,1513,1514,1515,1516,1517,1518,1519,1520,1521,1522,1523,1524,1525,1526,1527,1528,1529,1530,1531,1532,1533,1534,1535,1536,1537,1538,1539,1540,1541,1542,1543,1546,1722,1723,1729,1730,1754,1771,1790,1791,1792,1793,1794,1795,1796,1797,1798,1799,1800,1801,1802,1803,1804,1805,1806,1807,1909,1915,1927,1959,1963,1976,2162,2192,2198,2218,2250,2251,2290,2318,2319,2320,2321,2322,2323,2324,2325,2326,2327,2328,2329,2330,2331,2332,2333,2334,2335,2336,2337,2338,2339,2340,2341,2342,2343,2344,2345,2346,2347,2348,2349,2350,2351,2352,2353,2354,2355,2356,2357,2358,2359,2360,2361,2362,2363,2364,2365,2366,2367,2368,2369,2370,2371,2391,2445,2451,2452,2476,2480,2486,2508,2522,2610,2616 'Tupaia_chinensis'
                                                                                                                                                                                            `--633,686,1239,1275,1411|                                                                           |           ,--1083,1153,1690,1875,2394,2398,2606---73,74,86,93,114,253,347,351,355,686,687,760,838,961,1077,1092,1098,1113,1166,1218,1257,1277,1347,1432,1458,1461,1472,1506,1581,1652,1663,1683,1747,1825,1860,1863,1876,1881,1910,1912,1914,1916,1937,1965,2033,2103,2111,2122,2125,2145,2147,2149,2195,2200,2205,2217,2242,2244,2247,2262,2264,2281,2300,2389,2401,2403,2416,2518,2520 'Oryctolagus_cuniculus'
                                                                                                                                                                                                                     |                                                                           |--2251,2497|                                           ,--59,65,73,92,347,350,633,684,685,686,820,827,1096,1098,1099,1166,1225,1257,1287,1299,1301,1315,1377,1381,1453,1753,1876,1910,1916,1925,2032,2122,2127,2145,2152,2251,2293,2496,2603,2634,2670 'Cavia_porcellus'
                                                                                                                                                                                                                     |                                                                           |           `--125,141,151,1173,1664,1918,2236,2415,2629|                                                                                                                                                                                                                                                                                      ,--57,64,101,630,722,1294,1347,1377,1397,1546,1730,1856,1873,1916,1963,2081,2251,2255,2452,2567,2626,2631,2673 'Mus_musculus'
                                                                                                                                                                                                                     `--74,124,125,126,688,1383,1403,1455,1652,1759,1904,2166,2404,2429,2479,2592|                                                       `--68,93,113,114,115,154,356,547,562,627,639,641,683,710,736,994,1109,1158,1199,1379,1382,1404,1462,1549,1593,1652,1673,1693,1704,1754,1823,1882,1907,2059,2078,2110,2111,2125,2163,2197,2198,2200,2233,2242,2248,2285,2291,2310,2315,2416,2446,2486,2495,2559,2571,2573,2587,2623,2630---100,250,552,561,591,674,801,1082,1319,1384,1410,1451,1461,1480,1663,1741,1828,1857,1927,2012,2024,2191,2267,2445,2629,2633,2660 'Rattus_norvegicus'
                                                                                                                                                                                                                                                                                                 |                                                             ,--42,43,44,45,46,47,48,50,51,52,53,54,55,56,58,59,66,67,70,71,72,73,74,75,77,78,80,82,83,84,85,86,87,89,90,91,94,96,98,101,102,103,104,105,106,107,108,109,110,111,112,115,116,117,118,119,120,121,125,126,127,128,129,130,131,132,133,134,135,136,137,138,139,140,141,143,145,146,147,150,152,153,154,156,157,158,159,160,161,162,163,164,165,166,167,168,169,170,171,172,173,217,334,347,350,703,1091,1382,1411,1480,1556,2043,2286,2389,2401 'Nomascus_leucogenys'
                                                                                                                                                                                                                                                                                                 |                                                             |         ,--347,1199,1302,1329,1433,1903,1931,2608 'Homo_sapiens'
                                                                                                                                                                                                                                                                                                 |                                                             |--686,917---114,566,585,599,600,601,602,603,604,605,606,607,608,609,610,611,612,613,614,615,616,617,618,619,620,2153 'Pan_troglodytes'
                                                                                                                                                                                                                                                                                                 `--1153,1158,1387,1707,1859,1860,2110,2210,2218,2241,2451,2626|                                        ,--1300,1741,2219,2288,2291,2626 'Callithrix_jacchus'
                                                                                                                                                                                                                                                                                                                                                               |--657,1581,2116,2159,2162,2217,2231,2446---98,1405,1406,1407,1408,1409,1410,1411,1412,1413,1414,1415,1416,1417,1418,1419,1420,1421,1422,1423,1424,1425,1426,1427,1428,1429,1430,1431,1432,1433,1434,1435,1436,1437,1439,1440,1441,1442,1451,1452,1453,1454,1455,1456,1457,1458,1459,1460,1461,1462,1464,1465,1466,1467,1469,1470,1723,2445,2632,2633 'Saimiri_boliviensis_boliviensi
                                                                                                                                                                                                                                                                                                                                                               |                                              ,--2117 'Papio_anubis'
                                                                                                                                                                                                                                                                                                                                                               `--1173,1387,1846,2159,2187,2198,2518,2550,2567|                                                                                                                                                                        ,--116,117,118,120,121,126,129,130,131,140,143,144,145,149,150,152,153,155,156,174,217,326,327,328,329,330,331,332,333,334,335,336,339,340,342,343,344,345,346,347,348,349,351,352,353,354,355,357,358,359,360,361,362,363,364,365,366,367,853 'Macaca_mulatta'
                                                                                                                                                                                                                                                                                                                                                                                                              `--41,42,43,44,45,46,47,48,49,50,51,52,53,54,55,56,57,58,59,60,61,65,66,67,75,76,77,78,79,80,81,83,84,85,86,87,88,92,93,94,95,96,97,98,99,100,101,102,103,104,113,114,115--- 'Cricetulus_griseus'
apo 0.00 secs. 
Collapsing trees with TBR 
Selecting tree(s) 5,  
1 trees selected 
Closing tmp.tre (with 5 trees saved)
tsave 0.00 secs. 


        ------------------------------------------------------------
        Group supports are calculated by TBR-swapping the trees
        found, keeping note of the number of steps needed to
        loose each group.  The labels on branches show absolute
        and relative bremer supports (Goloboff & Farris 2001).
        Groups indicated with a question mark (?) are those
        for which the absolute bremer supports appear to be
        10 or more...
        ------------------------------------------------------------ 
Suboptimal 10.000 x 0.000 
Reading from tmp.tre 
'tree(s) from TNT, for data in ../results/tnt_input/sorl1.tnt'
5 trees read (trees 1-5) 
tread 0.00 secs. 
Again reading from myscript.run 
 
WARNING: 
Non-binary starting trees will be dichotomized (randomly) 
 
Copied legends: "Bremer supports (from 1209 trees, cut 0)" 
bsupport 0.00 secs. 
Suboptimal 10.000 x 0.900 
 
WARNING: 
Non-binary starting trees will be dichotomized (randomly) 
 
Note: TBR-swapping used to approximate supports 
Copied legends: "Relative bremer supports (from 843 trees, cut 0)" 
bsupport 0.00 secs. 
 
Bremer supports (from 1209 trees, cut 0)/Relative bremer supports (from 843 trees, cut 0) 
    ,--/ 'Orcinus_orca'
    |                     ,--/ 'Ovis_aries'
|--/|          ,--10?/100?---/ 'Bos_taurus'
    |          |                     ,--/ 'Felis_catus'
    `--10?/100?|          ,--10?/100?---/ 'Ailuropoda_melanoleuca'
               |          |      ,--/ 'Pteropus_alecto'
               `--10?/100?|      |          ,--/ 'Otolemur_garnettii'
                          |      |          |             ,--/ 'Tupaia_chinensis'
                          `--1/12|          |      ,--2/13---/ 'Oryctolagus_cuniculus'
                                 |          |--2/13|      ,--/ 'Cavia_porcellus'
                                 |          |      `--5/31|          ,--/ 'Mus_musculus'
                                 `--10?/100?|             `--10?/100?---/ 'Rattus_norvegicus'
                                            |          ,--/ 'Nomascus_leucogenys'
                                            |          |      ,--/ 'Homo_sapiens'
                                            |          |--3/57---/ 'Pan_troglodytes'
                                            `--10?/100?|      ,--/ 'Callithrix_jacchus'
                                                       |--6/50---/ 'Saimiri_boliviensis_boliviensi
                                                       |      ,--/ 'Papio_anubis'
                                                       `--4/40|          ,--/ 'Macaca_mulatta'
                                                              `--10?/100?---/ 'Cricetulus_griseus'
Suboptimal 0.000 x 0.900 
1 trees in memory 
 
WARNING: 
Existing tree-tags will be erased 
 


        ------------------------------------------------------------
        Resampling is done with 100 replications of symmetric
        resampling (see Goloboff et al. 2003), analyzing each data
        set with a single random addition sequence plus TBR
        (collapsing the resulting tree with TBR, see Goloboff &
        Farris, 2001).  The labels on branches show frequency and
        frequency differences (see Goloboff et al. 2003).
        ------------------------------------------------------------ 
Collapsing trees with TBR 
Copied legends: "Group freqs., 100 replicates, cut=50 (tree 0) - Symmetric Resampling (P=33)" 
Copied legends: "GC values, 100 replicates, cut=0 (tree 1) - Symmetric Resampling (P=33)" 
 
0.00 secs. to complete resampling 
1 trees in memory 
 
Group freqs., 100 replicates, cut=50 (tree 0) - Symmetric Resampling (P=33)/GC values, 100 replicates, cut=0 (tree 1) - Symmetric Resampling (P=33) 
    ,--/ 'Orcinus_orca'
    |                   ,--/ 'Ovis_aries'
|--/|         ,--100/100---/ 'Bos_taurus'
    |         |                   ,--/ 'Felis_catus'
    `--100/100|         ,--100/100---/ 'Ailuropoda_melanoleuca'
              |         |       ,--/ 'Pteropus_alecto'
              `--100/100|       |         ,--/ 'Otolemur_garnettii'
                        |       |         |                ,--/ 'Tupaia_chinensis'
                        `--70/52|         |       ,--33/[2]---/ 'Oryctolagus_cuniculus'
                                |         |--50/28|       ,--/ 'Cavia_porcellus'
                                |         |       `--80/73|         ,--/ 'Mus_musculus'
                                `--100/100|               `--100/100---/ 'Rattus_norvegicus'
                                          |       ,--/ 'Nomascus_leucogenys'
                                          |       |       ,--/ 'Homo_sapiens'
                                          |       |--98/98---/ 'Pan_troglodytes'
                                          `--99/98|       ,--/ 'Callithrix_jacchus'
                                                  |--98/98---/ 'Saimiri_boliviensis_boliviensi
                                                  |       ,--/ 'Papio_anubis'
                                                  `--88/81|       ,--/ 'Macaca_mulatta'
                                                          `--99/98---/ 'Cricetulus_griseus'
 
WARNING: 
File "myscript.tre" already exists.  It will be overwritten. 
 
Saved trees (Nexus format) to file myscript.tre 
Results saved (as text) to file myscript.out 

