Watch is ON 
Collapsing trees with TBR 
Time reset 
Tree file: tmp.tre 
tsave 0.00 secs. 
Record search status: every 1 rep(s). 


        ------------------------------------------------------------
        Search routine used:
           finding optimal score 20 times independently, using defaults
           of "xmult" plus 10 cycles of tree-drifting (Goloboff
           1999).
           Note: for consensus calculation, trees TBR-collapsed.
           ALSO NOTE: THIS IS AN OVERKILL FOR MOST DATA SETS!
        ------------------------------------------------------------ 
Space for 1000 trees in memory 
Repl. Algor.     Tree        Score       Best Score   Time       Rearrangs.
0     FUSE       5           1500        1500         0:00:00    1,667,708     
1     FUSE       5           1500        1500         0:00:00    3,325,915     
2     FUSE       5           1500        1500         0:00:00    5,047,349     
3     FUSE       5           1500        1500         0:00:00    6,669,141     
4     FUSE       5           1500        1500         0:00:00    8,393,866     
5     FUSE       5           1500        1500         0:00:00    10,116,291    
6     FUSE       5           1500        1500         0:00:00    11,817,984    
7     FUSE       5           1500        1500         0:00:00    13,501,929    
8     FUSE       5           1500        1500         0:00:00    15,277,654    
9     FUSE       5           1500        1500         0:00:00    17,008,257    
10    FUSE       5           1500        1500         0:00:01    18,761,406    
11    FUSE       5           1500        1500         0:00:01    20,492,421    
12    FUSE       5           1500        1500         0:00:01    22,185,077    
13    FUSE       5           1500        1500         0:00:01    23,872,938    
14    FUSE       5           1500        1500         0:00:01    25,598,614    
15    FUSE       5           1500        1500         0:00:01    27,204,054    
16    FUSE       5           1500        1500         0:00:01    28,907,584    
17    FUSE       5           1500        1500         0:00:01    30,568,865    
18    FUSE       5           1500        1500         0:00:01    32,315,921    
19    FUSE       5           1500        1500         0:00:01    33,969,751    
19    FUSE       5           ------      1500         0:00:01    33,969,751    
Completed search.
Total rearrangements examined: 33,969,751. 
No target score defined.  Best score hit 20 times.
Best score: 1500.  16 trees retained. 
xmult 1.00 secs. 
16 trees saved to tmp.tre           
save 0.00 secs. 
 
Note: for consensus calculation, trees will be 
temporarily collapsed (with TBR) 
Strict consensus of 16 trees (0 taxa excluded) calculated, as tree 16 
nelsen 0.00 secs. 


    ------------------------------------------------------------
    Synapomorphies of 16 trees plotted on the strict
    consensus.  Only unambiguous synapomorphies, occuring in
    every tree, are indicated. This makes results much more
    conservative!
    ------------------------------------------------------------ 
Collapsing branches with no possible support ("rule 3") 
 
Synapomorphies common to 16 trees 
   ,-- 'Homo_sapiens'
   |  ,--220 'Pan_troglodytes'
|--|  |     ,--234,282 'Gorilla_gorilla_gorilla'
   |  |     |             ,--309,669 'Macaca_mulatta'
   `--|     |             |--74,103,384,470 'Nomascus_leucogenys'
      |     |             |             ,--70,71,72,118,247,269,272,312,365,368,375,381,499,647,653,729,857 'Dasypus_novemcinctus'
      `--857|             |             |--166,169,248,278,289,298,320,380,433,654,691,779 'Ceratotherium_simum_simum'
            |             |             |--65,66,67,68,69,70,71,103,116,117,124,190,205,221,234,241,279,285,286,298,302,309,311,421,474,500,576,662,668,669,724,766,793,835,845,855 'Oryctolagus_cuniculus'
            |             |             |--243,275,278,427,706 'Pteropus_alecto'
            `--241,289,310|             |--115,178,224,231,270,275,305,397,426,500,571,586,595,669,670,691,715,721 'Mus_musculus'
                          |             |                                                                                                                                                                                                                                         ,--118,169,237,269,279,302,303,305,400,421,426,444,594,610,611,612,613,614,615,616,617,619,620,621,622,623,624,625,626,627,628,629,630,631,632,633,634,635,636,637,638,639,640,641,642,643,644,645,646,647,648,649,650,651,652,653,654,655,656,657,658,659,660,661,662,663,664,665,666,668,669,670,671,672,673,674,675,676,678,679,680,681,682,683,684,685,686,687,688,689,690,691,692,693,694,695,696,697,698,699,700,701,703,704,705,706,707,708,709,710,712,713,714,715,716,717,718,719,720,722,723,724,725,726,727,728,729,730,731,732,733,734,735,736,737,738,739,740,741,742,743,804,805,806,807,808,809,810,811,812,813,814,815,816,817,818,819,820,821,822,823,824,825,826,827,828,830,831,832,833,834,835,836,837,838,839,840,841,842,843,844,845,846,847,848,849,850,851,852,853,854,855,856,857,858 'Felis_catus'
                          |             |--745,746,747,749,750,751,752,753,754,755,756,757,758,759,760,761,762,763,764,765,766,767,768,769,770,771,772,773,774,775,776,777,778,779,780,781,782,783,784,785,786,787,788,789,790,791,792,793,794,795,796,797,798,799,800,801,802,803---64,65,66,67,68,70,71,72,132,150,153,178,185,216,219,221,222,224,225,234,238,243,245,257,260,270,271,272,275,277,280,286,298,304,306,309,320,321,378,420,497,506,585,586,609 'Tupaia_chinensis'
                          |             |                                     ,--61,62,63,64,65,66,67,68,69,70,71,72,73,119,185,235,289,372,382,571,576,673,693,697,701,704 'Octodon_degus'
                          |             |--186,236,239,279,364,375,385,398,855+--101,105,148,313,423,723,845 'Chinchilla_lanigera'
                          |             |                                     `--115,122,125,177,184,291,376,380,400,412,722,766,835 'Cavia_porcellus'
                          `--500,708,726|             ,--214,284,289,291,298,310,320,372,571,585,587,590,668,689,721,722,748,779 'Orcinus_orca'
                                        |--237,303,594|                                             ,--105,272,303,305,319,320,423,425,438,496,501,502,744,747 'Mustela_putorius_furo'
                                        |             `--106,115,118,132,169,268,292,302,311,426,444---108,309,376,499,507,689,693 'Odobenus_rosmarus_divergens'
                                        |                                                                                     ,--67,68,69,70,73,74,85,86,87,88,89,90,91,92,93,94,95,96,97,98,99,105,108,123,208,233,298,299,373,380,428,661,684,793,857 'Trichechus_manatus_latirostris
                                        |                                                                                     |--99,241,295,382,425,663,668,671,672,748 'Ictidomys_tridecemlineatus'
                                        |                                                                                     |--64,65,66,67,68,69,70,71,72,73,150,272,273,275,290,291,298,308,496,731,744,819 'Otolemur_garnettii'
                                        |                                                                                     |                 ,--178,216,233,234,270,290,296,304,397,398,426,669,670,715,741 'Rattus_norvegicus'
                                        |                                                                                     |--224,305,586,721|                                                                                                                                                                                                                      ,--426,582 'Jaculus_jaculus'
                                        |                                                                                     |                 `--69,70,71,72,73,74,99,100,101,102,105,106,107,108,109,110,111,112,113,114,115,116,117,119,120,121,122,123,124,125,126,127,128,129,130,131,132,133,134,135,136,137,138,139,140,141,142,143,144,145,146,147,148,149,151|                                                                                                                                                                                                                                                                                                                                                                                                                                                                                                                                                                                                                                                                                                                                                                             ,--368,369,372,385,398,467,468,469,471,586,707,717,719,721,766,777,855 'Heterocephalus_glaber'
                                        |                                                                                     |                                                                                                                                                                                                                                        `--154,158,159,160,161,162,163,164,165,166,167,168,169,170,171,172,173,174,175,176,177,178,179,180,181,182,183,186,187,188,189,190,191,192,193,194,195,196,197,198,199,200,201,202,203,204,205,206,207,209,210,211,212,213,214,215,216,217,218,219,220,221,222,224,226,227,228,229,230,231,232,233,234,236,237,239,240,241,242,246,247,248,249,251,252,253,254,255,256,257,258,259,261,262,263,265,266,267,269,270,272,274,276,278,280,281,282,283,285,286,289,290,291,292,294,296,297,298,299,300,301,302,303,304,305,306,307,308,309,310,311,312,313,314,315,316,317,318,319,320,321,322,323,324,325,326,327,328,329,330,331,332,333,334,335,336,337,338,339,340,341,342,343,344,345,346,347,348,349,350,351,352,353,354,355,356,357,358,359,360,361,362,363,364,365,366,367---376,438,446,447,448,449,450,451,452,453,454,455,456,457,458,459,460,461,462,463,464,465,466,508,670,702,715,722,826 'Cricetulus_griseus'
                                        `--446,447,448,449,450,451,452,453,454,455,456,457,458,459,460,461,462,463,464,465,466|                               ,--240,271,279,297,298,319,320,500,530,576 'Saimiri_boliviensis_boliviensi
                                                                                                                              |                         ,--278---185,378,419,657,669 'Callithrix_jacchus'
                                                                                                                              |--279,500,586,708,715,726|                         ,--224,369,669 'Papio_anubis'
                                                                                                                              |                         `--119,273,397,607,608,667---241,250,279,310,398,857 'Pan_paniscus'
                                                                                                                              |         ,--68,69,71,72,73,106,115,118,132,169,178,185,199,222,224,237,287,288,299,302,303,305,311,426,427,444,594,667,715,742,744,855 'Ailuropoda_melanoleuca'
                                                                                                                              |         |                                  ,--72,75,76,77,78,79,80,81,82,83,84,85,86,87,88,89,90,91,92,93,94,95,96,97,101,107,119,150,166,182,188,235,270,274,275,276,279,286,294,299,309,316,319,376,428,496,506,576,580,662,711 'Condylura_cristata'
                                                                                                                              `--297,319|             ,--28,51,57,70,73,792---0,1,2,3,4,5,6,7,8,9,10,11,12,13,14,15,16,17,18,19,20,236,238,266,268,272,273,283,297,298,302,378,585,667,668,691 'Sus_scrofa'
                                                                                                                                        `--279,571,721|                                                                         ,--237,268,607,608,677,702 'Bos_taurus'
                                                                                                                                                      `--214,240,241,273,277,281,284,289,290,296,297,298,303,317,438,668,669,724---169,376,397,497 'Ovis_aries'
apo 0.00 secs. 
Collapsing trees with TBR 
Selecting tree(s) 16,  
1 trees selected 
Closing tmp.tre (with 16 trees saved)
tsave 0.00 secs. 


    ------------------------------------------------------------
    Group supports are calculated by TBR-swapping the trees
    found, keeping note of the number of steps needed to
    loose each group.  The labels on branches show absolute
    and relative bremer supports (Goloboff & Farris 2001).
    Groups indicated with a question mark (?) are those
    for which the absolute bremer supports appear to be
    10 or more...
    ------------------------------------------------------------ 
Suboptimal 10.000 x 0.000 
Reading from tmp.tre 
'tree(s) from TNT, for data in ../results/protein/tnt_input/225007611.tnt'
16 trees read (trees 1-16) 
tread 0.00 secs. 
Again reading from myscript.run 
 
WARNING: 
Non-binary starting trees will be dichotomized (randomly) 
 
Copied legends: "Bremer supports (from 16577 trees, cut 0)" 
bsupport 0.00 secs. 
Suboptimal 10.000 x 0.900 
 
WARNING: 
Non-binary starting trees will be dichotomized (randomly) 
 
Note: TBR-swapping used to approximate supports 
Copied legends: "Relative bremer supports (from 7344 trees, cut 0)" 
bsupport 0.00 secs. 
 
Bremer supports (from 16577 trees, cut 0)/Relative bremer supports (from 7344 trees, cut 0) 
    ,--/ 'Homo_sapiens'
    |          ,--/ 'Pan_troglodytes'
|--/|          |      ,--/ 'Gorilla_gorilla_gorilla'
    |          |      |      ,--/ 'Macaca_mulatta'
    `--10?/100?|      |      |--/ 'Nomascus_leucogenys'
               |      |      |      ,--/ 'Dasypus_novemcinctus'
               `--1/44|      |      |--/ 'Ceratotherium_simum_simum'
                      |      |      |--/ 'Oryctolagus_cuniculus'
                      |      |      |--/ 'Pteropus_alecto'
                      `--3/44|      |--/ 'Mus_musculus'
                             |      |          ,--/ 'Felis_catus'
                             |      |--10?/100?---/ 'Tupaia_chinensis'
                             |      |      ,--/ 'Octodon_degus'
                             |      |--9/82+--/ 'Chinchilla_lanigera'
                             |      |      `--/ 'Cavia_porcellus'
                             `--3/69|      ,--/ 'Orcinus_orca'
                                    |--2/33|      ,--/ 'Mustela_putorius_furo'
                                    |      `--6/77---/ 'Odobenus_rosmarus_divergens'
                                    |     ,--/ 'Trichechus_manatus_latirostris
                                    |     |--/ 'Ictidomys_tridecemlineatus'
                                    |     |--/ 'Otolemur_garnettii'
                                    |     |     ,--/ 'Rattus_norvegicus'
                                    |     |--1/5|          ,--/ 'Jaculus_jaculus'
                                    |     |     `--10?/100?|          ,--/ 'Heterocephalus_glaber'
                                    |     |                `--10?/100?---/ 'Cricetulus_griseus'
                                    `--1/5|             ,--/ 'Saimiri_boliviensis_boliviensi
                                          |      ,--2/70---/ 'Callithrix_jacchus'
                                          |--2/64|      ,--/ 'Papio_anubis'
                                          |      `--4/83---/ 'Pan_paniscus'
                                          |      ,--/ 'Ailuropoda_melanoleuca'
                                          |      |             ,--/ 'Condylura_cristata'
                                          `--2/18|      ,--2/18---/ 'Sus_scrofa'
                                                 `--2/18|          ,--/ 'Bos_taurus'
                                                        `--10?/100?---/ 'Ovis_aries'
Suboptimal 0.000 x 0.900 
1 trees in memory 
 
WARNING: 
Existing tree-tags will be erased 
 


      ------------------------------------------------------------
      Resampling is done with 100 replications of symmetric
      resampling (see Goloboff et al. 2003), analyzing each data
      set with a single random addition sequence plus TBR
      (collapsing the resulting tree with TBR, see Goloboff &
      Farris, 2001).  The labels on branches show frequency and
      frequency differences (see Goloboff et al. 2003).
      ------------------------------------------------------------ 
Collapsing trees with TBR 
Copied legends: "Group freqs., 100 replicates, cut=50 (tree 0) - Symmetric Resampling (P=33)" 
Copied legends: "GC values, 100 replicates, cut=0 (tree 1) - Symmetric Resampling (P=33)" 
 
1.00 secs. to complete resampling 
1 trees in memory 
Copied legends: "Tree 0. min. branch lengths" 
blength 0.00 secs. 
 
Group freqs., 100 replicates, cut=50 (tree 0) - Symmetric Resampling (P=33)/GC values, 100 replicates, cut=0 (tree 1) - Symmetric Resampling (P=33)/Tree 0. min. branch lengths 
     ,--//0 'Homo_sapiens'
     |           ,--//1 'Pan_troglodytes'
|--//|           |         ,--//2 'Gorilla_gorilla_gorilla'
     |           |         |         ,--//4 'Macaca_mulatta'
     `--100/100/0|         |         |--//4 'Nomascus_leucogenys'
                 |         |         |          ,--//34 'Dasypus_novemcinctus'
                 `--66/66/1|         |          |--//17 'Ceratotherium_simum_simum'
                           |         |          |--//51 'Oryctolagus_cuniculus'
                           |         |          |--//33 'Pteropus_alecto'
                           `--92/92/4|          |--//35 'Mus_musculus'
                                     |          |            ,--//213 'Felis_catus'
                                     |          |--100/100/61---//46 'Tupaia_chinensis'
                                     |          |            ,--//31 'Octodon_degus'
                                     |          |--100/100/27+--//9 'Chinchilla_lanigera'
                                     |          |            `--//14 'Cavia_porcellus'
                                     `--90/90/15|          ,--//19 'Orcinus_orca'
                                                |--62/53/10|            ,--//14 'Mustela_putorius_furo'
                                                |          `--100/100/14---//7 'Odobenus_rosmarus_divergens'
                                                |          ,--//43 'Trichechus_manatus_latirostris
                                                |          |--//23 'Ictidomys_tridecemlineatus'
                                                |          |--//28 'Otolemur_garnettii'
                                                |          |           ,--//16 'Rattus_norvegicus'
                                                |          |--32/[5]/10|            ,--//2 'Jaculus_jaculus'
                                                |          |           `--100/100/54|             ,--//17 'Heterocephalus_glaber'
                                                |          |                        `--100/100/185---//29 'Cricetulus_griseus'
                                                `--57/20/23|                   ,--//10 'Saimiri_boliviensis_boliviensi
                                                           |         ,--85/80/2---//5 'Callithrix_jacchus'
                                                           |--80/78/8|         ,--//3 'Papio_anubis'
                                                           |         `--94/93/7---//6 'Pan_paniscus'
                                                           |         ,--//33 'Ailuropoda_melanoleuca'
                                                           |         |                   ,--//50 'Condylura_cristata'
                                                           `--43/33/7|         ,--67/41/6---//36 'Sus_scrofa'
                                                                     `--44/27/3|            ,--//6 'Bos_taurus'
                                                                               `--100/100/18---//3 'Ovis_aries'
 
WARNING: 
File "myscript.tre" already exists.  It will be overwritten. 
 
Saved trees (Nexus format) to file myscript.tre 
Results saved (as text) to file myscript.out 

