Watch is ON 
Collapsing trees with TBR 
Time reset 
Tree file: tmp.tre 
tsave 0.00 secs. 
Record search status: every 1 rep(s). 


        ------------------------------------------------------------
        Search routine used:
           finding optimal score 20 times independently, using defaults
           of "xmult" plus 10 cycles of tree-drifting (Goloboff
           1999).
           Note: for consensus calculation, trees TBR-collapsed.
           ALSO NOTE: THIS IS AN OVERKILL FOR MOST DATA SETS!
        ------------------------------------------------------------ 
Space for 1000 trees in memory 
Repl. Algor.     Tree        Score       Best Score   Time       Rearrangs.
0     FUSE       5           3378        3378         0:00:00    1,574,967     
1     FUSE       5           3378        3378         0:00:00    3,176,199     
2     FUSE       5           3378        3378         0:00:01    4,777,181     
3     FUSE       5           3378        3378         0:00:01    6,363,597     
4     FUSE       5           3378        3378         0:00:01    7,965,904     
5     FUSE       5           3378        3378         0:00:01    9,553,081     
6     FUSE       5           3378        3378         0:00:01    11,224,359    
7     FUSE       5           3378        3378         0:00:02    12,901,904    
8     FUSE       5           3378        3378         0:00:02    14,488,646    
9     FUSE       5           3378        3378         0:00:02    16,079,399    
10    FUSE       5           3378        3378         0:00:02    17,715,363    
11    FUSE       5           3378        3378         0:00:02    19,289,480    
12    FUSE       5           3378        3378         0:00:02    20,913,963    
13    FUSE       5           3378        3378         0:00:03    22,498,261    
14    FUSE       5           3378        3378         0:00:03    24,117,979    
15    FUSE       5           3378        3378         0:00:03    25,714,777    
16    FUSE       5           3378        3378         0:00:03    27,288,400    
17    FUSE       5           3378        3378         0:00:03    28,878,274    
18    FUSE       5           3378        3378         0:00:03    30,471,979    
19    FUSE       5           3378        3378         0:00:04    32,074,857    
19    FUSE       5           ------      3378         0:00:04    32,074,857    
Completed search.
Total rearrangements examined: 32,074,857. 
No target score defined.  Best score hit 20 times.
Best score: 3378.  19 trees retained. 
xmult 4.00 secs. 
19 trees saved to tmp.tre           
save 0.00 secs. 
 
Note: for consensus calculation, trees will be 
temporarily collapsed (with TBR) 
Strict consensus of 19 trees (0 taxa excluded) calculated, as tree 19 
nelsen 0.00 secs. 


    ------------------------------------------------------------
    Synapomorphies of 19 trees plotted on the strict
    consensus.  Only unambiguous synapomorphies, occuring in
    every tree, are indicated. This makes results much more
    conservative!
    ------------------------------------------------------------ 
Collapsing branches with no possible support ("rule 3") 
 
Synapomorphies common to 19 trees 
   ,-- 'Pan_paniscus'
   |  ,-- 'Heterocephalus_glaber'
|--|  |                                                                                                                                                                                                                                                                                                                                                                                                                                                                                                                                      ,--89,96,97,100,107,676,682,749,750,752,753,756,758,776,777,806,810,812,813,814,815,816,817,819,820,822,823,824,826,833,834,835,965,1101,1123 'Callithrix_jacchus'
   `--|                                                                                                                                                                                                                                                                                                                                                                                                                                                                                                                                      |                                                                                                                                       ,--457,559,950,1300,1847 'Saimiri_boliviensis_boliviensi
      |                                                                                                                                                                                                                                                                                                                                                                                                                                                                                                                                      |                                                                                                                                       |                                     ,--102,266,904,1856,1857 'Papio_anubis'
      `--30,46,50,52,86,111,113,212,214,231,237,238,242,248,252,256,280,284,286,287,300,320,332,365,367,368,372,378,386,390,399,435,451,452,454,460,474,484,498,506,514,519,521,533,544,552,559,565,577,580,586,590,591,607,611,620,637,638,639,640,651,654,659,665,685,686,690,691,693,709,745,844,846,866,915,920,922,926,927,930,931,936,939,953,963,968,979,989,1029,1035,1038,1040,1043,1046,1050,1057,1067,1085,1110,1113,1115,1128,1131,1133,1141,1149,1161,1168,1180,1191,1195,1201,1202,1224,1227,1235,1245,1251,1263,1280,1290,1307|                                                                                                                                       |                                     |--63 'Pan_troglodytes'
                                                                                                                                                                                                                                                                                                                                                                                                                                                                                                                                             |                                                                                                                                       |                ,--776,1116,1208,1231+--44,45,46,47,48,49,50,52,53,55,56,57,58,59,60,61,62,64,66,67,68,69,70,71,72,73,74,75,76,78,79,86,87,88,89,90,91,92,93,94,95,96,98,99,103,104,105,106,107,108,109,110,111,113,114,115,124,127,128,148,151,152,153,154,155,157,158,160,164,165,166,169,171,172,174,176,177,178,180,183,184,185,186,187,188,189,190,191,192,193,194,195,196,197,198,199,200,201,202,203,204,205,206,207,208,209,210,212,214,215,216,640,925,926,927,929,930,931,932,933,934,935,936,937,938,939,940,941,942,943,944,945,946,947,948,949,950,951,952,953,954,955,956,957,958,959,960,961,962,963,964,965,966,972,973,1205,1206 'Gorilla_gorilla_gorilla'
                                                                                                                                                                                                                                                                                                                                                                                                                                                                                                                                             `--109,126,127,128,148,759,760,761,762,763,765,766,771,780,781,782,783,784,786,787,788,789,790,791,792,793,794,796,797,801,803,1305,1308|                |                    |                                                                                                                                                                                                                                                                                                                                                                                                                                                                                                                                                                                      ,--102,266 'Macaca_mulatta'
                                                                                                                                                                                                                                                                                                                                                                                                                                                                                                                                                                                                                                                                                     |                |                    `--1011,1254,1255,1256,1257,1258,1259,1260,1261,1262,1263,1264,1265,1266,1267,1268,1269,1270,1271,1272,1273,1274,1275,1276,1277,1278,1279,1280,1281,1282,1283,1284,1286,1287,1288,1290,1291,1292,1293,1294,1295,1296,1297,1298,1299,1300,1301,1302,1303,1304,1305,1306,1307,1308,1309,1310,1311,1312,1313,1314,1315,1316,1317,1318,1323,1324,1325,1326,1327,1328,1329,1330,1331,1332,1333,1334,1335,1336,1337,1338,1339,1340,1341,1342,1343,1344,1345,1346,1347,1348,1349,1350,1351,1352,1353,1354,1355,1356,1357,1358,1359,1360,1361,1362,1363,1364,1845,1846,1847,1848,1850,1851,1852|                                                                                                                                                                                                                                                                                                                                                                                                                                                                                                                                                                                                                                                                                                                                                                                                                                                                                                                                                                                                                                                                                                                                                                                                                                                                                                                                                                                                                                                                                                                                                                                                                                                                                                                                                                                                                                                                                                                                                                                                                                                                                                                                   ,--52,61,365,907,911,912,914,1011,1012,1013,1039,1042,1043,1044,1286,1287,1288,1290 'Nomascus_leucogenys'
                                                                                                                                                                                                                                                                                                                                                                                                                                                                                                                                                                                                                                                                                     |                |                                                                                                                                                                                                                                                                                                                                                                                                                                                                                                                                                                                                           `-----453,745 'Homo_sapiens'
                                                                                                                                                                                                                                                                                                                                                                                                                                                                                                                                                                                                                                                                                     |                |                                     ,--112,213,239,245,262,263,339,368,378,435,479,482,519,552,638,648,682,789,843,915,923,926,950,1168,1235,1259,1269,1308 'Otolemur_garnettii'
                                                                                                                                                                                                                                                                                                                                                                                                                                                                                                                                                                                                                                                                                     `--63,245,438,693|                                     |            ,--150,151,152,153,154,223,241,244,252,469,905,1011,1195,1210,1266,1280 'Oryctolagus_cuniculus'
                                                                                                                                                                                                                                                                                                                                                                                                                                                                                                                                                                                                                                                                                                      |                                     |            |--60,123,166,168,241,242,259,261,262,263,264,265,266,267,284,287,339,340,401,402,403,404,405,406,407,408,409,410,411,412,413,414,415,416,417,418,419,420,421,422,423,424,425,426,474,577,693,915,990,991,992,1013,1043,1121,1164,1165,1166,1167,1168,1169,1170,1171,1172,1173,1174,1269,1309,1845,1846,1850,1852,1855 'Tupaia_chinensis'
                                                                                                                                                                                                                                                                                                                                                                                                                                                                                                                                                                                                                                                                                                      |                                     |            |--107,218,253,268,277,331,366,375,395,469,565,580,693,891,995 'Dasypus_novemcinctus'
                                                                                                                                                                                                                                                                                                                                                                                                                                                                                                                                                                                                                                                                                                      |                                     |            |--158,163,214,238,280,350,454,519,545,580,720,767,792,916,993,994,1043,1094,1155,1250,1364 'Pteropus_alecto'
                                                                                                                                                                                                                                                                                                                                                                                                                                                                                                                                                                                                                                                                                                      `--238,459,868,927,1053,1153,1251,1290|            |--87,88,89,90,91,92,93,94,95,96,97,98,99,100,101,102,109,110,114,115,116,118,124,126,128,155,168,224,236,240,241,243,247,256,344,378,641,745,762,903,926,950,953,956,963,1038,1128,1171,1174,1175,1201,1240,1276,1308 'Condylura_cristata'
                                                                                                                                                                                                                                                                                                                                                                                                                                                                                                                                                                                                                                                                                                                                            |            |--64,95,149,150,151,152,153,154,155,156,159,160,162,180,239,240,242,245,249,259,287,347,457,504,629,728,754,755,771,868,903,906,949,953,994,1029,1117,1153,1227,1239,1301,1313,1850 'Trichechus_manatus_latirostris
                                                                                                                                                                                                                                                                                                                                                                                                                                                                                                                                                                                                                                                                                                                                            |            |                                                   ,--111,115,123,127,245,287,364,378,506,640,784,845,885,1060,1089,1127,1153,1261,1301 'Cavia_porcellus'
                                                                                                                                                                                                                                                                                                                                                                                                                                                                                                                                                                                                                                                                                                                                            |            |--104,106,107,121,238,430,522,892,906,993,1250,1356|            ,--129,130,131,132,133,134,135,136,137,138,139,140,141,142,143,144,145,146,147,148,149,150,151,152,153,154,160,461,988,1055,1202,1227 'Chinchilla_lanigera'
                                                                                                                                                                                                                                                                                                                                                                                                                                                                                                                                                                                                                                                                                                                                            |            |                                                   `--51,273,344---103,106,108,112,128,165,230,334,454,465,693,885,907,926,929,1022,1119,1239,1319,1320,1321,1322,1325,1850 'Octodon_degus'
                                                                                                                                                                                                                                                                                                                                                                                                                                                                                                                                                                                                                                                                                                                                            `--60,160,986|      ,--103,126,178,236,246,350,353,364,439,937,988,1011,1029,1116,1259,1850 'Ictidomys_tridecemlineatus'
                                                                                                                                                                                                                                                                                                                                                                                                                                                                                                                                                                                                                                                                                                                                                         |--1052|                                             ,--100,103,115,116,119,120,180,238,273,289,331,430,454,462,480,791,926,947,949,951,988,1053,1060,1156,1227,1849 'Jaculus_jaculus'
                                                                                                                                                                                                                                                                                                                                                                                                                                                                                                                                                                                                                                                                                                                                                         |      `--118,245,332,521,725,915,1174,1248,1250,1855|                                                            ,--95,118,238,242,344,435,588,648,1234,1241,1246,1247,1248,1249,1250,1253,1255,1256,1257,1268,1854 'Cricetulus_griseus'
                                                                                                                                                                                                                                                                                                                                                                                                                                                                                                                                                                                                                                                                                                                                                         |                                                    `--108,112,241,263,907,987,1096,1202,1230,1259,1276,1364,1851|                    ,--115,287,364,365,563,951,1135,1849,1850 'Rattus_norvegicus'
                                                                                                                                                                                                                                                                                                                                                                                                                                                                                                                                                                                                                                                                                                                                                         |                                                                                                                 `--116,1029,1148,1195---124,168,223,378,454,464,643,1075,1125,1852 'Mus_musculus'
                                                                                                                                                                                                                                                                                                                                                                                                                                                                                                                                                                                                                                                                                                                                                         |          ,--116,118,124,125,127,150,156,159,245,263,311,344,365,519,647,776,885,903,905,949,987,1010,1171,1358,1360,1364,1847,1850,1853 'Ceratotherium_simum_simum'
                                                                                                                                                                                                                                                                                                                                                                                                                                                                                                                                                                                                                                                                                                                                                         |          |                                ,--123,125,127,150,151,152,153,154,439,876,1153,1157,1230 'Odobenus_rosmarus_divergens'
                                                                                                                                                                                                                                                                                                                                                                                                                                                                                                                                                                                                                                                                                                                                                         |          |--243,640,643,954,1052,1060,1201|     ,--103,117,168,182,282,289,459,640 'Ailuropoda_melanoleuca'
                                                                                                                                                                                                                                                                                                                                                                                                                                                                                                                                                                                                                                                                                                                                                         `--623,1011|                                `--149|                 ,--117,242,245,519,643,1011,1174 'Mustela_putorius_furo'
                                                                                                                                                                                                                                                                                                                                                                                                                                                                                                                                                                                                                                                                                                                                                                    |                                      `--122,247,639,903---107,108,111,160,165,215,218,289,331,629,767,890,927,954,1053,1082,1251 'Felis_catus'
                                                                                                                                                                                                                                                                                                                                                                                                                                                                                                                                                                                                                                                                                                                                                                    |                         ,--60,110,112,123,247,297,648,759,767,915,950,1117,1153,1163,1304 'Sus_scrofa'
                                                                                                                                                                                                                                                                                                                                                                                                                                                                                                                                                                                                                                                                                                                                                                    `--108,150,151,152,212,685|                 ,--95,276,344,450,479,519,521,639,881,929,951,978,1011,1227,1250,1357,1853 'Orcinus_orca'
                                                                                                                                                                                                                                                                                                                                                                                                                                                                                                                                                                                                                                                                                                                                                                                              `--277,454,885,993|                                                                                                                   ,-- 'Bos_taurus'
                                                                                                                                                                                                                                                                                                                                                                                                                                                                                                                                                                                                                                                                                                                                                                                                                `--118,124,232,238,242,247,288,293,504,565,580,587,623,640,643,673,725,862,877,903,950,1115,1121,1153,1174,1175,1234---225 'Ovis_aries'
apo 0.00 secs. 
Collapsing trees with TBR 
Selecting tree(s) 19,  
1 trees selected 
Closing tmp.tre (with 19 trees saved)
tsave 0.00 secs. 


    ------------------------------------------------------------
    Group supports are calculated by TBR-swapping the trees
    found, keeping note of the number of steps needed to
    loose each group.  The labels on branches show absolute
    and relative bremer supports (Goloboff & Farris 2001).
    Groups indicated with a question mark (?) are those
    for which the absolute bremer supports appear to be
    10 or more...
    ------------------------------------------------------------ 
Suboptimal 10.000 x 0.000 
Reading from tmp.tre 
'tree(s) from TNT, for data in ../results/protein/tnt_input/231571328.tnt'
19 trees read (trees 1-19) 
tread 0.00 secs. 
Again reading from myscript.run 
 
WARNING: 
Non-binary starting trees will be dichotomized (randomly) 
 
Copied legends: "Bremer supports (from 19057 trees, cut 0)" 
bsupport 0.00 secs. 
Suboptimal 10.000 x 0.900 
 
WARNING: 
Non-binary starting trees will be dichotomized (randomly) 
 
Note: TBR-swapping used to approximate supports 
Copied legends: "Relative bremer supports (from 12905 trees, cut 0)" 
bsupport 0.00 secs. 
 
Bremer supports (from 19057 trees, cut 0)/Relative bremer supports (from 12905 trees, cut 0) 
    ,--/ 'Pan_paniscus'
    |          ,--/ 'Heterocephalus_glaber'
|--/|          |          ,--/ 'Callithrix_jacchus'
    `--10?/100?|          |      ,--/ 'Saimiri_boliviensis_boliviensi
               |          |      |             ,--/ 'Papio_anubis'
               `--10?/100?|      |             |--/ 'Pan_troglodytes'
                          |      |      ,--3/21+--/ 'Gorilla_gorilla_gorilla'
                          `--4/21|      |      |          ,--/ 'Macaca_mulatta'
                                 |      |      `--10?/100?|          ,--/ 'Nomascus_leucogenys'
                                 |      |                 `--10?/100?---/ 'Homo_sapiens'
                                 |      |      ,--/ 'Otolemur_garnettii'
                                 `--1/21|      |      ,--/ 'Oryctolagus_cuniculus'
                                        |      |      |--/ 'Tupaia_chinensis'
                                        |      |      |--/ 'Dasypus_novemcinctus'
                                        |      |      |--/ 'Pteropus_alecto'
                                        `--7/37|      |--/ 'Condylura_cristata'
                                               |      |--/ 'Trichechus_manatus_latirostris
                                               |      |          ,--/ 'Cavia_porcellus'
                                               |      |--10?/100?|      ,--/ 'Chinchilla_lanigera'
                                               |      |          `--2/67---/ 'Octodon_degus'
                                               `--4/29|      ,--/ 'Ictidomys_tridecemlineatus'
                                                      |--1/14|      ,--/ 'Jaculus_jaculus'
                                                      |      `--8/59|          ,--/ 'Cricetulus_griseus'
                                                      |             `--10?/100?|        ,--/ 'Rattus_norvegicus'
                                                      |                        `--4/100?---/ 'Mus_musculus'
                                                      |      ,--/ 'Ceratotherium_simum_simum'
                                                      |      |      ,--/ 'Odobenus_rosmarus_divergens'
                                                      |      |--5/53|      ,--/ 'Ailuropoda_melanoleuca'
                                                      `--1/25|      `--1/40|      ,--/ 'Mustela_putorius_furo'
                                                             |             `--1/20---/ 'Felis_catus'
                                                             |      ,--/ 'Sus_scrofa'
                                                             `--5/46|      ,--/ 'Orcinus_orca'
                                                                    `--3/54|          ,--/ 'Bos_taurus'
                                                                           `--10?/100?---/ 'Ovis_aries'
Suboptimal 0.000 x 0.900 
1 trees in memory 
 
WARNING: 
Existing tree-tags will be erased 
 


      ------------------------------------------------------------
      Resampling is done with 100 replications of symmetric
      resampling (see Goloboff et al. 2003), analyzing each data
      set with a single random addition sequence plus TBR
      (collapsing the resulting tree with TBR, see Goloboff &
      Farris, 2001).  The labels on branches show frequency and
      frequency differences (see Goloboff et al. 2003).
      ------------------------------------------------------------ 
Collapsing trees with TBR 
Copied legends: "Group freqs., 100 replicates, cut=50 (tree 0) - Symmetric Resampling (P=33)" 
Copied legends: "GC values, 100 replicates, cut=0 (tree 1) - Symmetric Resampling (P=33)" 
 
1.00 secs. to complete resampling 
1 trees in memory 
Copied legends: "Tree 0. min. branch lengths" 
blength 0.00 secs. 
 
Group freqs., 100 replicates, cut=50 (tree 0) - Symmetric Resampling (P=33)/GC values, 100 replicates, cut=0 (tree 1) - Symmetric Resampling (P=33)/Tree 0. min. branch lengths 
     ,--//0 'Pan_paniscus'
     |           ,--//711 'Heterocephalus_glaber'
|--//|           |             ,--//35 'Callithrix_jacchus'
     `--100/100/0|             |          ,--//5 'Saimiri_boliviensis_boliviensi
                 |             |          |                   ,--//7 'Papio_anubis'
                 `--100/100/122|          |                   |--//4 'Pan_troglodytes'
                               |          |         ,--74/61/6+--//164 'Gorilla_gorilla_gorilla'
                               `--80/67/33|         |         |             ,--//2 'Macaca_mulatta'
                                          |         |         `--100/100/117|             ,--//18 'Nomascus_leucogenys'
                                          |         |                       `--100/100/473---//2 'Homo_sapiens'
                                          |         |          ,--//35 'Otolemur_garnettii'
                                          `--47/24/5|          |          ,--//31 'Oryctolagus_cuniculus'
                                                    |          |          |--//81 'Tupaia_chinensis'
                                                    |          |          |--//40 'Dasypus_novemcinctus'
                                                    |          |          |--//41 'Pteropus_alecto'
                                                    `--91/86/11|          |--//82 'Condylura_cristata'
                                                               |          |--//56 'Trichechus_manatus_latirostris
                                                               |          |            ,--//20 'Cavia_porcellus'
                                                               |          |--100/100/26|         ,--//31 'Chinchilla_lanigera'
                                                               |          |            `--80/76/3---//24 'Octodon_degus'
                                                               `--81/75/11|         ,--//18 'Ictidomys_tridecemlineatus'
                                                                          |--48/34/9|          ,--//26 'Jaculus_jaculus'
                                                                          |         `--99/98/12|            ,--//21 'Cricetulus_griseus'
                                                                          |                    `--100/100/14|           ,--//9 'Rattus_norvegicus'
                                                                          |                                 `--100/100/4---//10 'Mus_musculus'
                                                                          |         ,--//36 'Ceratotherium_simum_simum'
                                                                          |         |          ,--//14 'Odobenus_rosmarus_divergens'
                                                                          |         |--95/94/11|           ,--//8 'Ailuropoda_melanoleuca'
                                                                          `--26/7/10|          `--18/[25]/1|          ,--//7 'Mustela_putorius_furo'
                                                                                    |                      `--40/[3]/4---//17 'Felis_catus'
                                                                                    |         ,--//16 'Sus_scrofa'
                                                                                    `--92/90/6|         ,--//17 'Orcinus_orca'
                                                                                              `--84/79/4|            ,--//0 'Bos_taurus'
                                                                                                        `--100/100/27---//1 'Ovis_aries'
 
WARNING: 
File "myscript.tre" already exists.  It will be overwritten. 
 
Saved trees (Nexus format) to file myscript.tre 
Results saved (as text) to file myscript.out 

