Watch is ON 
Collapsing trees with TBR 
Time reset 
Tree file: tmp.tre 
tsave 0.00 secs. 
Record search status: every 1 rep(s). 


        ------------------------------------------------------------
        Search routine used:
           finding optimal score 20 times independently, using defaults
           of "xmult" plus 10 cycles of tree-drifting (Goloboff
           1999).
           Note: for consensus calculation, trees TBR-collapsed.
           ALSO NOTE: THIS IS AN OVERKILL FOR MOST DATA SETS!
        ------------------------------------------------------------ 
Space for 1000 trees in memory 
Repl. Algor.     Tree        Score       Best Score   Time       Rearrangs.
0     FUSE       5           4686        4686         0:00:00    1,574,692     
1     FUSE       5           4686        4686         0:00:00    3,086,462     
2     FUSE       5           4686        4686         0:00:00    4,670,429     
3     FUSE       5           4686        4686         0:00:00    6,178,531     
4     FUSE       5           4686        4686         0:00:00    7,664,220     
5     FUSE       5           4686        4686         0:00:00    9,155,569     
6     FUSE       5           4686        4686         0:00:00    10,696,167    
7     FUSE       5           4686        4686         0:00:00    12,225,915    
8     FUSE       5           4686        4686         0:00:01    13,758,113    
9     FUSE       5           4686        4686         0:00:01    15,336,321    
10    FUSE       5           4686        4686         0:00:01    16,846,090    
11    FUSE       5           4686        4686         0:00:01    18,353,689    
12    FUSE       5           4686        4686         0:00:01    19,880,936    
13    FUSE       5           4686        4686         0:00:01    21,376,098    
14    FUSE       5           4686        4686         0:00:01    22,939,352    
15    FUSE       5           4686        4686         0:00:01    24,464,125    
16    FUSE       5           4686        4686         0:00:01    26,018,281    
17    FUSE       5           4686        4686         0:00:02    27,489,614    
18    FUSE       5           4686        4686         0:00:02    28,973,157    
19    FUSE       5           4686        4686         0:00:02    30,519,026    
19    FUSE       5           ------      4686         0:00:02    30,519,026    
Completed search.
Total rearrangements examined: 30,519,026. 
No target score defined.  Best score hit 20 times.
Best score: 4686.  2 trees retained. 
xmult 2.00 secs. 
2 trees saved to tmp.tre           
save 0.00 secs. 
 
Note: for consensus calculation, trees will be 
temporarily collapsed (with TBR) 
Strict consensus of 2 trees (0 taxa excluded) calculated, as tree 2 
nelsen 0.00 secs. 


    ------------------------------------------------------------
    Synapomorphies of 2 trees plotted on the strict
    consensus.  Only unambiguous synapomorphies, occuring in
    every tree, are indicated. This makes results much more
    conservative!
    ------------------------------------------------------------ 
Collapsing branches with no possible support ("rule 3") 
 
Synapomorphies common to 2 trees 
   ,-- 'Homo_sapiens'
   |        ,--1604,1691 'Pan_paniscus'
|--|  ,--115---567,586,600,601,602,603,604,605,606,607,608,609,610,611,612,613,614,615,616,617,618,619,620,621,2164 'Pan_troglodytes'
   |  |  ,--364,662,677,1026,1127,1224,1285,1286,1287,1374,1387,1611,1637,2305,2722 'Gorilla_gorilla_gorilla'
   `--|  |                   ,--251,1101,1138,1174,1269,1311,1340,1398,1857,2128,2170,2198,2210,2530,2562,2579 'Papio_anubis'
      |  |                   |--9,10,11,12,13,14,48,50,51,52,53,54,55,56,58,59,62,63,64,66,67,70,71,72,73,74,75,76,78,79,81,83,84,85,86,87,88,90,91,92,95,97,99,102,103,104,105,106,107,108,109,110,111,112,113,116,117,118,119,120,121,122,126,127,128,129,130,131,132,133,134,135,136,137,138,139,140,141,142,143,144,146,147,148,151,153,154,155,157,158,159,160,161,162,163,164,165,166,167,168,169,170,171,172,173,174,218,335,348,351,704,1092,1393,1422,1491,1567,2054,2298,2401,2413 'Nomascus_leucogenys'
      `--|                   |                                                   ,--99,1416,1417,1418,1419,1420,1421,1422,1423,1424,1425,1426,1427,1428,1429,1430,1431,1432,1433,1434,1435,1436,1437,1438,1439,1440,1441,1442,1443,1444,1445,1446,1447,1448,1450,1451,1452,1453,1462,1463,1464,1465,1466,1467,1468,1469,1470,1471,1472,1473,1475,1476,1477,1478,1480,1481,1734,2457,2644,2645 'Saimiri_boliviensis_boliviensi
         |                   |          ,--658,1592,2127,2170,2173,2229,2243,2458---1311,1752,2231,2300,2303,2638 'Callithrix_jacchus'
         `--687,918,1954,2643|          |                                                                       ,--77,94,128,634,682,828,854,1069,1073,1074,1075,1076,1077,1078,1079,1080,1081,1082,1106,1248,1249,1250,1252,1253,1254,1255,1256,1257,1258,1259,1260,1261,1262,1263,1264,1265,1266,1267,1268,1269,1270,1271,1272,1273,1274,1275,1276,1277,1278,1279,1281,1282,1283,1284,1421,1474,1752,1858,1921,2048,2176,2245,2248,2254,2322,2410,2416,2504,2585,2640,2646 'Ictidomys_tridecemlineatus'
                             |          |                                                                       |--65,78,79,120,149,686,690,924,962,970,1060,1203,1204,1205,1206,1207,1208,1209,1210,1211,1212,1213,1214,1215,1216,1218,1219,1220,1221,1222,1224,1305,1389,1391,1601,1741,1834,1894,1920,1927,1931,1938,1944,1964,2036,2136,2179,2256,2276,2314,2431,2457,2483,2500,2534,2577,2609 'Otolemur_garnettii'
                             |          |                                                                       |                                                          ,--65,79,176,177,178,179,180,181,182,183,184,185,186,187,188,189,190,191,192,193,194,195,196,197,198,199,200,201,202,203,204,205,206,207,208,209,210,211,212,213,214,215,216,217,258,259,260,261,262,263,264,265,266,267,268,269,270,271,272,273,274,275,276,277,278,279,280,281,282,283,284,285,286,287,288,289,290,291,292,293,294,295,296,297,298,299,300,301,302,303,304,305,306,307,308,309,310,311,312,313,314,315,316,317,318,319,320,321,322,323,324,325,326,338,354,369,370,371,372,373,374,375,376,377,378,379,380,381,382,383,384,385,386,387,388,389,390,391,392,393,394,395,396,397,398,399,400,401,402,403,404,405,406,407,408,409,410,411,412,413,414,415,416,417,418,419,420,421,422,423,424,425,426,427,428,429,430,431,432,433,434,435,436,437,438,439,440,441,442,443,444,445,446,447,448,449,450,451,452,453,454,455,456,457,458,459,460,461,462,463,464,465,466,467,468,469,470,471,472,473,474,475,476,477,478,479,480,481,482,483,484,485,486,487,488,489,490,491,492,493,494,495,496,497,498,499,500,501,502,503,504,505,506,507,508,509,510,511,512,513,514,515,516,517,518,519,520,521,522,523,524,525,526,527,528,529,530,531,532,533,534,535,536,537,538,539,540,541,542,543,544,569,584,680,689,690,692,727,749,931,932,933,934,935,936,937,938,939,940,941,942,943,944,945,946,947,948,949,950,951,1101,1174,1217,1311,1330,1389,1394,1395,1415,1476,1488,1513,1520,1521,1522,1523,1524,1525,1526,1527,1528,1529,1530,1531,1532,1533,1534,1535,1536,1537,1538,1539,1540,1541,1542,1543,1544,1545,1546,1547,1548,1549,1550,1551,1552,1553,1554,1557,1733,1734,1740,1741,1765,1782,1801,1802,1803,1804,1805,1806,1807,1808,1809,1810,1811,1812,1813,1814,1815,1816,1817,1818,1867,1920,1926,1938,1970,1974,1987,2173,2204,2210,2230,2262,2263,2302,2330,2331,2332,2333,2334,2335,2336,2337,2338,2339,2340,2341,2342,2343,2344,2345,2346,2347,2348,2349,2350,2351,2352,2353,2354,2355,2356,2357,2358,2359,2360,2361,2362,2363,2364,2365,2366,2367,2368,2369,2370,2371,2372,2373,2374,2375,2376,2377,2378,2379,2380,2381,2382,2383,2403,2457,2463,2464,2488,2492,2498,2520,2534,2622,2628 'Tupaia_chinensis'
                             `--143,1979|                                                                       |                          ,--1084,1154,1886,2406,2410,2618---74,75,87,94,115,254,348,352,356,687,688,761,839,962,1078,1093,1099,1114,1167,1188,1219,1261,1288,1358,1443,1469,1472,1483,1517,1592,1674,1694,1758,1836,1871,1874,1892,1921,1923,1925,1927,1948,1976,2044,2094,2114,2122,2124,2136,2156,2158,2160,2207,2212,2217,2229,2254,2256,2259,2274,2276,2293,2312,2401,2413,2415,2428,2530,2532 'Oryctolagus_cuniculus'
                                        |                                                                       |                          |                                                                                                             ,--64,67,69,72,73,75,77,84,105,117,130,131,132,150,353,557,634,735,736,890,1099,1120,1153,1257,1330,1395,1397,1424,1443,1596,1701,1824,1865,1873,1915,1926,1958,1974,2074,2112,2154,2179,2218,2231,2236,2238,2314,2387,2415,2431,2483,2500,2529,2538,2609,2611,2618,2632,2640 'Jaculus_jaculus'
                                        |                                                                       |--1751,1867,2263,2455,2509|                        ,--68,94,114,155,563,1200,1329,1684,1715,2094,2122,2327,2428,2458,2571,2585,2599,2635|                                                                                                                                                                                                                                               ,--101,251,351,553,562,592,802,1083,1188,1329,1330,1395,1421,1462,1472,1491,1839,1867,1868,1938,2023,2035,2202,2279,2403,2457,2641,2645,2672 'Rattus_norvegicus'
                                        |                                                                       |                          |                        |                                                                                    `--70,71,115,116,128,357,548,628,640,642,684,711,737,964,995,1110,1159,1174,1390,1393,1415,1473,1604,1648,1704,1751,1834,1893,1918,1929,2070,2089,2121,2124,2129,2174,2209,2210,2212,2245,2248,2254,2260,2269,2297,2303,2322,2498,2507,2583,2642---64,102,338,631,646,723,1305,1358,1388,1408,1741,1884,1927,1974,2092,2257,2263,2267,2464,2579,2638,2643,2685 'Mus_musculus'
                                        `--1154,1159,1188,1398,1718,1870,1871,2121,2222,2230,2231,2253,2463,2638|                          `--71,1098,2269,2403,2427|                                                                      ,--13,60,94,95,106,117,120,122,131,155,550,737,746,921,963,1107,1162,1426,1436,1488,1592,1758,1768,1824,1849,1858,1866,1867,1970,2040,2049,2088,2281,2303,2399,2415,2464,2500,2509,2637,2640,2688,2689,2690,2691,2692,2693,2694,2695,2696,2697,2698,2699,2700,2701,2702,2703,2704,2705,2706,2707,2708,2709,2710,2711,2712,2713,2714,2715,2716,2717,2718,2719,2720,2721,2723,2724,2725,2726,2727,2728,2729,2730 'Heterocephalus_glaber'
                                                                                                                |                                                   `--338,351,686,687,821,828,1097,1310,1921,2043,2138,2257,2263,2508,2646|                ,--59,65,70,93,634,646,685,1098,1099,1100,1167,1226,1261,1298,1388,1392,1764,1867,1929,1936,2163,2231,2248,2263,2298,2305,2615,2682 'Cavia_porcellus'
                                                                                                                |                                                                                                                          `--1927,2129,2156|                            ,--94,114,130,338,569,916,918,1097,1143,1145,1146,1148,1149,1150,1151,1152,1153,1154,1155,1156,1157,1158,1160,1161,1162,1164,1165,1167,1168,1169,1171,1172,1173,1176,1177,1178,1179,1180,1181,1183,1185,1186,1187,1188,1189,1190,1191,1192,1193,1194,1195,1196,1197,1198,1199,1200,1201,1305,1311,1406,1423,1449,1503,1573,1634,1648,1683,1732,1733,1758,1787,1788,1866,1958,2000,2129,2134,2136,2170,2217,2314,2327,2410,2413,2583,2604,2631,2640 'Octodon_degus'
                                                                                                                |                                                                                                                                           `--74,339,1009,1889,1925,2239---684,688,924,1093,1222,1253,1448,1481,1769,1874,2138,2225,2264,2399,2403,2497,2500 'Chinchilla_lanigera'
                                                                                                                |                                              ,--11,98,120,240,254,354,548,569,585,601,610,628,655,666,690,701,723,802,855,894,964,995,1002,1044,1060,1100,1154,1168,1170,1179,1188,1221,1260,1288,1311,1346,1351,1423,1435,1438,1443,1448,1482,1483,1487,1488,1493,1567,1596,1636,1675,1678,1684,1689,1752,1758,1759,1780,1829,1832,1849,1870,1889,1921,1924,1972,1974,1975,1979,2002,2043,2049,2054,2061,2070,2102,2121,2122,2131,2138,2152,2156,2158,2171,2174,2175,2217,2229,2233,2248,2284,2302,2306,2403,2410,2459,2497,2508,2554,2576,2586,2598,2633,2635,2636,2638,2675 'Trichechus_manatus_latirostris
                                                                                                                |                                              |                                                                                                                                                                                                           ,-- 'Cricetulus_griseus'
                                                                                                                |                                              |              ,--9,11,12,13,14,48,49,50,51,52,53,54,55,56,57,58,59,60,61,62,63,64,65,66,67,68,70,71,72,73,74,76,77,78,79,80,81,82,84,85,86,87,88,89,94,96,97,98,99,100,102,103,104,105,114,115,116,357,1159|                                                     ,--9,94,96,97,98,99,100,102,103,104,555,563,576,584,585,610,634,655,666,672,680,681,687,688,689,704,710,713,714,800,855,880,924,962,964,995,996,1009,1084,1100,1154,1200,1227,1229,1241,1242,1288,1303,1310,1311,1312,1347,1351,1389,1423,1424,1435,1437,1462,1469,1484,1496,1499,1596,1636,1673,1675,1694,1752,1759,1768,1788,1822,1826,1828,1849,1854,1866,1867,1877,1883,1887,1904,1911,1920,1921,1923,1924,1926,1927,1938,1957,1976,1983,2007,2035,2053,2056,2061,2093,2099,2119,2129,2133,2158,2166,2236,2245,2248,2254,2286,2287,2302,2403,2404,2407,2410,2415,2431,2434,2455,2457,2508,2509,2530,2534,2535,2554,2620,2631,2640,2672 'Dasypus_novemcinctus'
                                                                                                                `--1414,1770,1834,1894,1915,1938,2094,2114,2136|              |                                                                                                                                                                                            `--117,118,119,121,122,130,150,151,153,154,156,157,175|                                                                                                                                                                           ,-- 'Sus_scrofa'
                                                                                                                                                               |              |                                                                                                                                                                                                                                                  `--145,327,328,329,330,331,332,333,334,335,336,337,339,340,341,342,343,344,345,346,347,350,351,352,353,354,355,356,357,358,359,360,361,362,363,364,365,366,367,368,1188,2136---8,68,70,71,72,73,74,75,175,1138,1174,1269,1311,1340,1398,1414,1422,1648,1663,1718,1770,1834,1857,1870,1871,1874,1889,1894,1915,1938,1960,1979,2006,2094,2114,2121,2176,2198,2222,2230,2416,2434,2463,2519,2530,2562,2579,2628,2643,2698,2701,2702,2703,2704,2705,2706 'Macaca_mulatta'
                                                                                                                                                               |              |                                                                                                                                                                                                                                          ,--98,105,121,338,712,734,872,1030,1044,1061,1069,1084,1099,1110,1164,1210,1305,1330,1371,1398,1418,1419,1436,1447,1449,1560,1601,1675,1678,1759,1799,1834,1863,1911,1946,1953,1968,2131,2138,2166,2229,2256,2314,2428,2482,2509,2700 'Orcinus_orca'
                                                                                                                                                               `--125,126,2231|                                           ,--59,68,77,84,97,114,335,339,348,557,619,658,684,763,854,996,1251,1298,1329,1399,1403,1406,1411,1421,1443,1469,1605,1733,1794,1948,1974,2006,2010,2013,2017,2096,2163,2231,2250,2407,2413,2642|                                                                                                                                                                                                                                     ,--57,964,968,1099,1469,1477,1601,1674,2115,2210,2264,2682 'Bos_taurus'
                                                                                                                                                                              |                                           |                                                                                                                                                                                              `--71,151,252,548,798,828,1097,1100,1178,1200,1252,1434,1435,1473,1476,1496,1557,1567,1648,1701,1751,1752,1981,1988,2035,2060,2070,2129,2136,2176,2206,2214,2222,2245,2263,2266,2295,2296,2410,2457,2458,2492,2519,2540,2567,2582,2586---7,8,10,11,12,13,14,48,50,51,52,54,55,56,58,59,60,61,62,63,65,66,68,75,76,77,78,79,80,81,82,84,86,88,89,93,94,95,96,97,98,99,100,102,103,104,105,114,115,116,117,118,119,120,121,122,125,126,127,128,129,130,132,141,142,1445,1449,1450,1454,1455,1456,1457,1458,1459,1460,1461,1483,1605,1686,1834,1839,1843,1867,2006,2049,2156,2241,2248,2488,2554,2642 'Ovis_aries'
                                                                                                                                                                              |                                           |                                               ,--74,118,338,356,569,646,685,724,744,745,760,832,859,903,962,1121,1139,1150,1154,1242,1243,1288,1345,1346,1388,1394,1476,1518,1648,1734,1751,1769,1867,1874,1879,1889,1904,1916,1921,1929,1954,1957,1963,1976,1979,2006,2007,2017,2042,2058,2061,2096,2097,2156,2166,2173,2176,2202,2204,2219,2229,2230,2256,2406,2413,2416,2463,2494,2498,2587,2636,2644,2649,2658 'Condylura_cristata'
                                                                                                                                                                              `--119,634,689,1394,1466,2124,2441,2491,2604|                          ,--351,2136,2500,2633|                                  ,--57,88,101,117,147,354,357,367,565,566,573,584,601,611,623,640,655,656,666,682,684,765,802,873,985,1008,1044,1084,1092,1098,1101,1132,1154,1330,1350,1370,1394,1401,1411,1436,1469,1473,1496,1571,1694,1752,1758,1782,1865,1866,1887,1919,1920,1972,1976,1979,2007,2231,2250,2262,2263,2306,2314,2410,2441,2458,2459,2465,2483,2498,2530,2531,2582,2672 'Ceratotherium_simum_simum'
                                                                                                                                                                                                                          |                          |                    `--119,634,1188,1280,1422,1474,2455---11,53,65,81,100,114,120,129,131,150,338,349,351,690,732,734,741,757,808,834,839,886,921,992,995,1016,1174,1252,1312,1332,1351,1354,1487,1596,1601,1674,1701,1741,1824,1879,1911,1983,1985,1988,2006,2061,2064,2072,2114,2122,2124,2136,2138,2155,2156,2175,2303,2305,2327,2398,2404,2476,2500,2579,2581 'Pteropus_alecto'
                                                                                                                                                                                                                          `--1280,1311,1437,1741,2643|                                                                                             ,--0,1,2,3,4,5,6,7,8,9,10,11,12,13,15,16,17,18,19,20,21,22,23,24,25,26,27,28,29,30,31,32,33,34,35,36,37,38,39,40,41,42,43,44,45,46,47,565,623,736,1008,1188,1326,1389,1448,1466,1476,1675,1752,1779,1832,1854,1867,1976,2029,2070,2114,2152,2153,2155,2176,2214,2233,2254,2262,2415,2431,2446,2457,2459,2498,2579,2581,2595,2638,2642,2643,2644,2667,2681 'Felis_catus'
                                                                                                                                                                                                                                                     `--94,99,118,254,611,838,1132,1348,1473,1474,1557,2057,2062,2124,2130,2190,2202,2497,2586,2672|                                                                                           ,--77,351,670,705,828,838,890,1167,1264,1310,1332,1479,1911,1929,2053,2131,2138,2173,2192,2195,2219,2222,2254,2401,2457,2500,2529,2646,2662 'Mustela_putorius_furo'
                                                                                                                                                                                                                                                                                                                                                   `--339,345,666,684,767,1200,1354,1395,1446,1605,1707,1860,1923,1926,2044,2136,2230,2509,2519|                                   ,--117,575,683,865,1061,1071,1186,1393,1413,1436,1473,1557,1752,1882,1894,1969,2042,2044,2162,2644 'Odobenus_rosmarus_divergens'
                                                                                                                                                                                                                                                                                                                                                                                                                                               `--998,1188,1648,1938,2455,2520,2682---9,10,12,13,14,48,50,51,52,53,54,55,56,57,58,60,61,62,64,66,67,68,70,71,72,73,74,75,76,77,103,104,122,625,686,854,1045,1217,1309,1313,1388,1415,1437,1443,1592,1727,1829,1836,1920,1976,2121,2229,2458,2499,2509,2662,2672,2700 'Ailuropoda_melanoleuca'
apo 0.00 secs. 
Collapsing trees with TBR 
Selecting tree(s) 2,  
1 trees selected 
Closing tmp.tre (with 2 trees saved)
tsave 0.00 secs. 


    ------------------------------------------------------------
    Group supports are calculated by TBR-swapping the trees
    found, keeping note of the number of steps needed to
    loose each group.  The labels on branches show absolute
    and relative bremer supports (Goloboff & Farris 2001).
    Groups indicated with a question mark (?) are those
    for which the absolute bremer supports appear to be
    10 or more...
    ------------------------------------------------------------ 
Suboptimal 10.000 x 0.000 
Reading from tmp.tre 
'tree(s) from TNT, for data in ../results/protein/tnt_input/307611954.tnt'
2 trees read (trees 1-2) 
tread 0.00 secs. 
Again reading from myscript.run 
 
WARNING: 
Non-binary starting trees will be dichotomized (randomly) 
 
Copied legends: "Bremer supports (from 1060 trees, cut 0)" 
bsupport 0.00 secs. 
Suboptimal 10.000 x 0.900 
 
WARNING: 
Non-binary starting trees will be dichotomized (randomly) 
 
Note: TBR-swapping used to approximate supports 
Copied legends: "Relative bremer supports (from 743 trees, cut 0)" 
bsupport 0.00 secs. 
 
Bremer supports (from 1060 trees, cut 0)/Relative bremer supports (from 743 trees, cut 0) 
    ,--/ 'Homo_sapiens'
    |          ,--/ 'Gorilla_gorilla_gorilla'
    |          |      ,--/ 'Pan_paniscus'
|--/|          |--1/67---/ 'Pan_troglodytes'
    |          |      ,--/ 'Papio_anubis'
    `--10?/100?|      |--/ 'Nomascus_leucogenys'
               |      |             ,--/ 'Saimiri_boliviensis_boliviensi
               |      |      ,--7/73---/ 'Callithrix_jacchus'
               `--3/75|      |          ,--/ 'Ictidomys_tridecemlineatus'
                      |      |          |--/ 'Otolemur_garnettii'
                      |      |          |            ,--/ 'Tupaia_chinensis'
                      `--1/50|          |     ,--1/17---/ 'Oryctolagus_cuniculus'
                             |          |     |                 ,--/ 'Jaculus_jaculus'
                             |          |--1/8|      ,--10?/100?|          ,--/ 'Rattus_norvegicus'
                             |          |     |      |          `--10?/100?---/ 'Mus_musculus'
                             `--10?/100?|     `--4/43|          ,--/ 'Heterocephalus_glaber'
                                        |            `--10?/100?|      ,--/ 'Cavia_porcellus'
                                        |                       `--2/22|      ,--/ 'Octodon_degus'
                                        |                              `--1/17---/ 'Chinchilla_lanigera'
                                        |      ,--/ 'Trichechus_manatus_latirostris
                                        |      |                 ,--/ 'Cricetulus_griseus'
                                        |      |      ,--10?/100?|      ,--/ 'Dasypus_novemcinctus'
                                        `--5/43|      |          `--9/69|          ,--/ 'Sus_scrofa'
                                               |      |                 `--10?/100?---/ 'Macaca_mulatta'
                                               |      |                 ,--/ 'Orcinus_orca'
                                               `--1/17|      ,--10?/100?|          ,--/ 'Bos_taurus'
                                                      |      |          `--10?/100?---/ 'Ovis_aries'
                                                      |      |             ,--/ 'Condylura_cristata'
                                                      `--3/25|      ,--2/17|      ,--/ 'Ceratotherium_simum_simum'
                                                             |      |      `--2/17---/ 'Pteropus_alecto'
                                                             `--1/20|          ,--/ 'Felis_catus'
                                                                    `--10?/100?|          ,--/ 'Mustela_putorius_furo'
                                                                               `--10?/100?|      ,--/ 'Odobenus_rosmarus_divergens'
                                                                                          `--3/43---/ 'Ailuropoda_melanoleuca'
Suboptimal 0.000 x 0.900 
1 trees in memory 
 
WARNING: 
Existing tree-tags will be erased 
 


      ------------------------------------------------------------
      Resampling is done with 100 replications of symmetric
      resampling (see Goloboff et al. 2003), analyzing each data
      set with a single random addition sequence plus TBR
      (collapsing the resulting tree with TBR, see Goloboff &
      Farris, 2001).  The labels on branches show frequency and
      frequency differences (see Goloboff et al. 2003).
      ------------------------------------------------------------ 
Collapsing trees with TBR 
Copied legends: "Group freqs., 100 replicates, cut=50 (tree 0) - Symmetric Resampling (P=33)" 
Copied legends: "GC values, 100 replicates, cut=0 (tree 1) - Symmetric Resampling (P=33)" 
 
0.00 secs. to complete resampling 
1 trees in memory 
Copied legends: "Tree 0. min. branch lengths" 
blength 0.00 secs. 
 
Group freqs., 100 replicates, cut=50 (tree 0) - Symmetric Resampling (P=33)/GC values, 100 replicates, cut=0 (tree 1) - Symmetric Resampling (P=33)/Tree 0. min. branch lengths 
     ,--//0 'Homo_sapiens'
     |           ,--//15 'Gorilla_gorilla_gorilla'
     |           |         ,--//2 'Pan_paniscus'
|--//|           |--70/70/1---//25 'Pan_troglodytes'
     |           |         ,--//16 'Papio_anubis'
     `--100/100/0|         |--//121 'Nomascus_leucogenys'
                 |         |                   ,--//61 'Saimiri_boliviensis_boliviensi
                 |         |         ,--99/98/9---//6 'Callithrix_jacchus'
                 `--99/99/6|         |          ,--//89 'Ictidomys_tridecemlineatus'
                           |         |          |--//66 'Otolemur_garnettii'
                           |         |          |                    ,--//472 'Tupaia_chinensis'
                           `--49/36/2|          |          ,--61/48/8---//72 'Oryctolagus_cuniculus'
                                     |          |          |                      ,--//60 'Jaculus_jaculus'
                                     |          |--56/38/10|         ,--100/100/18|            ,--//29 'Rattus_norvegicus'
                                     |          |          |         |            `--100/100/53---//23 'Mus_musculus'
                                     `--97/97/24|          `--90/88/9|          ,--//84 'Heterocephalus_glaber'
                                                |                    `--98/96/15|         ,--//28 'Cavia_porcellus'
                                                |                               `--67/56/3|         ,--//88 'Octodon_degus'
                                                |                                         `--66/53/7---//17 'Chinchilla_lanigera'
                                                |          ,--//109 'Trichechus_manatus_latirostris
                                                |          |                   ,--//1080 'Cricetulus_griseus'
                                                |          |        ,--98/96/59|          ,--//132 'Dasypus_novemcinctus'
                                                `--80/73/11|        |          `--98/98/13|          ,--//653 'Sus_scrofa'
                                                           |        |                     `--97/94/42---//56 'Macaca_mulatta'
                                                           |        |                      ,--//47 'Orcinus_orca'
                                                           `--37/2/4|         ,--100/100/42|            ,--//12 'Bos_taurus'
                                                                    |         |            `--100/100/47---//91 'Ovis_aries'
                                                                    |         |                   ,--//74 'Condylura_cristata'
                                                                    `--74/65/9|         ,--35/12/4|         ,--//74 'Ceratotherium_simum_simum'
                                                                              |         |         `--36/13/7---//65 'Pteropus_alecto'
                                                                              `--38/13/5|            ,--//90 'Felis_catus'
                                                                                        `--100/100/20|            ,--//29 'Mustela_putorius_furo'
                                                                                                     `--100/100/19|         ,--//20 'Odobenus_rosmarus_divergens'
                                                                                                                  `--70/59/7---//58 'Ailuropoda_melanoleuca'
 
WARNING: 
File "myscript.tre" already exists.  It will be overwritten. 
 
Saved trees (Nexus format) to file myscript.tre 
Results saved (as text) to file myscript.out 

