Watch is ON 
Collapsing trees with TBR 
Time reset 
Tree file: tmp.tre 
tsave 0.00 secs. 
Record search status: every 1 rep(s). 


        ------------------------------------------------------------
        Search routine used:
           finding optimal score 20 times independently, using defaults
           of "xmult" plus 10 cycles of tree-drifting (Goloboff
           1999).
           Note: for consensus calculation, trees TBR-collapsed.
           ALSO NOTE: THIS IS AN OVERKILL FOR MOST DATA SETS!
        ------------------------------------------------------------ 
Space for 1000 trees in memory 
Repl. Algor.     Tree        Score       Best Score   Time       Rearrangs.
0     FUSE       5           1690        1690         0:00:00    1,487,716     
1     FUSE       5           1690        1690         0:00:01    3,002,404     
2     FUSE       5           1690        1690         0:00:01    4,469,265     
3     FUSE       5           1690        1690         0:00:01    6,022,927     
4     FUSE      11           1690        1690         0:00:01    9,153,319     
5     FUSE       5           1690        1690         0:00:01    10,678,279    
6     FUSE       5           1690        1690         0:00:01    12,195,316    
7     FUSE       5           1690        1690         0:00:02    13,677,883    
8     FUSE       5           1690        1690         0:00:02    15,240,766    
9     FUSE       5           1690        1690         0:00:02    16,743,910    
10    FUSE       5           1690        1690         0:00:02    18,217,454    
11    FUSE       5           1690        1690         0:00:02    19,722,328    
12    FUSE       5           1690        1690         0:00:02    21,204,734    
13    FUSE       5           1690        1690         0:00:03    22,669,943    
14    FUSE       5           1690        1690         0:00:03    24,171,225    
15    FUSE       5           1690        1690         0:00:03    25,667,527    
16    FUSE       5           1690        1690         0:00:03    27,184,997    
17    FUSE       5           1690        1690         0:00:03    28,736,340    
18    FUSE       5           1690        1690         0:00:03    30,242,702    
19    FUSE       5           1690        1690         0:00:04    31,777,026    
19    FUSE       5           ------      1690         0:00:04    31,777,026    
Completed search.
Total rearrangements examined: 31,777,026. 
No target score defined.  Best score hit 20 times.
Best score: 1690.  2 trees retained. 
xmult 4.00 secs. 
2 trees saved to tmp.tre           
save 0.00 secs. 
 
Note: for consensus calculation, trees will be 
temporarily collapsed (with TBR) 
Strict consensus of 2 trees (0 taxa excluded) calculated, as tree 2 
nelsen 0.00 secs. 


    ------------------------------------------------------------
    Synapomorphies of 2 trees plotted on the strict
    consensus.  Only unambiguous synapomorphies, occuring in
    every tree, are indicated. This makes results much more
    conservative!
    ------------------------------------------------------------ 
Collapsing branches with no possible support ("rule 3") 
 
Synapomorphies common to 2 trees 
   ,-- 'Trichechus_manatus_latirostris
   |                ,--387,389,507,519,530,555,700,816,825,894,957 'Homo_sapiens'
|--|  ,--571,743,939---386,388,398,596,610,635,680,681,738,890,901,944 'Condylura_cristata'
   |  |                         ,--399,400,472,610,892,945 'Octodon_degus'
   `--|                         |                                                                                                                                                                                                                                                                                                                                                                                                                                                                                                                                                                                                                                                                                                                                                                                                                                                                                                                                                                                                                                                                                                                                                                                                                                                                                                                                                                                                                                                               ,--258,384,387,393,394,396,511,560,564,848,858,860,882,886,904,911,921,930,933,944,955,959,967 'Tupaia_chinensis'
      |                         |                                                                                                                                                                                                                                                                                                                                                                                                                                                                                                                                                                                                                                                                                                                                                                                                                                                                                                                                                                                                                                                                                                                                                                                                                                                                                                                                                                                                                                                               |                                                                                                                                                                                                                                                                                                                                 ,--247,252,256,345,348,358,359,378,386,393,481,485,543,594,790,796,797,806,844,881,895,932,947,949 'Sus_scrofa'
      `--536,564,664,700,726,861|                                     ,--438,439,440,441,442,443,444,445,446,447,448,449,472,473,474,475,476,477,478,479,480,481,482,483,485,486,487,488,489,490,491,492,493,494,495,496,497,499,500,501,502,504,505,507,508,510,512,513,514,515,517,518,520,521,522,523,524,526,527,528,529,531,532,533,534,535,536,537,539,541,543,544,545,546,547,548,549,550,551,552,553,554,555,557,563,565,566,567,568,569,570,572,573,574,575,577,578,579,580,581,582,583,584,586,587,588,590,591,592,593,594,595,596,597,598,599,600,603,604,605,606,607,608,609,611,612,613,614,615,617,618,619,620,621,622,624,625,626,627,628,629,630,631,633,634,635,636,637,638,639,640,641,642,643,644,645,647,648,649,650,651,652,653,654,655,656,658,659,660,661,662,663,664,665,666,669,670,671,672,673,675,676,677,678,680,681,682,683,684,685,686,687,688,689,690,691,693,694,695,696,698,699,700,701,702,704,705,706,707,708,709,710,711,712,713,714,715,716,717,718,719,720,721,722,723,724,725,726,727,728,730,731,733,734,735,736,737,738,739,740,741,742,743,744,745,746,749,751,752,753,754,755,756,757,758,759,760,761,762,763,766,767,768,769,770,771,772,773,775,776,777,778,779,781,782,783,784,785,786,787,790,791,792,793,794,795,796,797,798,800,801,802,803,804,805,808,809,811,812,813,815,817,818,819,820,821,822,823,824,825,827,828,829,830,831,832,833,834,835,836,837,838,839,841,842,843,844,845,846,847,877,890,891,907,908,913,923,924,925,926,927,960|                                                                                                                                                                                                                                                                                                                                 |--521,563,570,581,593,620,638,639,695,781,785,803,933 'Jaculus_jaculus'
                                |                                     |                                                                                                                                                                                                                                                                                                                                                                                                                                                                                                                                                                                                                                                                                                                                                                                                                                                                                                                                                                                                                                                                                                                                                                                                                                                                                                                                                                                                                         `--238,239,240,241,242,243,244,245,246,247,249,250,251,252,254,255,256,257,265,344,345,346,348,349,351,352,356,357,358,359,361,362,363,364,365,366,367,369,372,373,374,375,376,378,379,381,382,383,399,400,401,402,407,408,409,410,411,412,413,414,415,416,418,421,423,424,425,426,427,428,429,430,431,432,703,894,916,932,948,957|     ,--538 'Pan_paniscus'
                                |                                     |                                                                                                                                                                                                                                                                                                                                                                                                                                                                                                                                                                                                                                                                                                                                                                                                                                                                                                                                                                                                                                                                                                                                                                                                                                                                                                                                                                                                                                                                                                                                                                                                                                                                                                                                                           `--656---955 'Gorilla_gorilla_gorilla'
                                `--257,393,394,420,436,437,450,454,469|                                                                                                                                                                                                                                               ,--257,258,260,359,677,680 'Chinchilla_lanigera'
                                                                      |                                                                                                                                                                                                                                 ,--259,610,815---404,425,673,885,945 'Heterocephalus_glaber'
                                                                      |                                                                                                                                                                                                                                 |     ,--356,358,360,365,394,405,616,885,928,929,941 'Cavia_porcellus'
                                                                      `--258,265,352,354,355,356,357,358,359,360,361,362,363,364,365,366,367,369,370,371,372,373,374,375,376,377,378,379,380,381,382,383,384,396,399,400,401,402,407,408,409,410,411,412,413,414,415,416,418,419,421,423,424,425,432,460|     |                   ,--881,885,957 'Ictidomys_tridecemlineatus'
                                                                                                                                                                                                                                                                                                        |     |         ,--259,454|         ,--354,362 'Cricetulus_griseus'
                                                                                                                                                                                                                                                                                                        `--260|         |         `--610,677|             ,--666,783 'Rattus_norvegicus'
                                                                                                                                                                                                                                                                                                              |         |                   `--606,892,939---358,388,890 'Mus_musculus'
                                                                                                                                                                                                                                                                                                              `--902,939|         ,--354,356,388,466,549,594,602,610,681,891 'Oryctolagus_cuniculus'
                                                                                                                                                                                                                                                                                                                        |         |                                           ,--361,970 'Felis_catus'
                                                                                                                                                                                                                                                                                                                        |         |                                           |--594,633 'Ailuropoda_melanoleuca'
                                                                                                                                                                                                                                                                                                                        `--664,738|                 ,--259,404,700,739,815,970+--363,630,947 'Odobenus_rosmarus_divergens'
                                                                                                                                                                                                                                                                                                                                  |                 |                         `--511,601,939 'Mustela_putorius_furo'
                                                                                                                                                                                                                                                                                                                                  |                 |     ,--358,394,395,664,665,773,892,902,930,941,957 'Otolemur_garnettii'
                                                                                                                                                                                                                                                                                                                                  `--402,536,564,726|     |                           ,--700,956 'Saimiri_boliviensis_boliviensi
                                                                                                                                                                                                                                                                                                                                                    |     |                           |                   ,-- 'Papio_anubis'
                                                                                                                                                                                                                                                                                                                                                    `--555|     ,--260,394,519,743,902|         ,--368,404---258,259,260,265 'Macaca_mulatta'
                                                                                                                                                                                                                                                                                                                                                          |     |                     `--530,825|     ,--533,610 'Nomascus_leucogenys'
                                                                                                                                                                                                                                                                                                                                                          |     |                               `--957---265,360,410,507,816 'Pan_troglodytes'
                                                                                                                                                                                                                                                                                                                                                          `--738|                                                           ,--216,217,218,219,220,222,223,224,226,227,228,229,230,231,232,233,234,235,236,237,265,266,343,344,345,352,353,354,355,356,394,519,580,581,582,583,610,673,700,743,902 'Callithrix_jacchus'
                                                                                                                                                                                                                                                                                                                                                                |     ,--186,195,201,202,203,241,250,258,259,260,346,347,348|                                                                                                                                                                                                                                                                                                                                                                                                                                                                                                                            ,--216,217,218,219,220,222,223,224,226,227,228,229,230,231,232,233,234,235,236,237,250,258,259,267,268,269,270,271,272,273,274,275,276,277,278,279,280,281,282,283,284,285,286,287,288,289,290,291,292,293,294,295,296,297,298,299,300,301,302,303,304,305,306,307,308,309,310,311,312,313,314,315,316,317,318,319,320,321,322,323,324,325,326,327,328,329,330,331,332,333,334,335,336,337,338,339,340,341,342,343,344,345,347,360,394,571,681,695,813,815,825,889,921 'Ceratotherium_simum_simum'
                                                                                                                                                                                                                                                                                                                                                                |     |                                                     `--0,1,2,3,5,6,7,8,12,14,15,16,18,19,20,21,22,24,26,28,30,31,32,33,34,35,36,37,38,39,41,43,44,46,47,48,49,50,51,53,56,57,58,59,61,62,64,65,66,67,68,69,70,72,73,74,75,76,77,78,79,80,81,82,83,84,85,86,87,88,89,90,91,92,93,94,95,96,97,98,99,100,101,102,103,104,106,108,109,110,111,112,113,114,115,116,117,118,119,120,121,122,124,125,126,127,129,130,133,134,135,136,139,140,141,142,143,144,145,146,147,148,149,150,151,152,153,154,155,156,158,160,161,163,164,165,166,168,169,170,171,172,173,174,175,176,177,179,402---241,260,261,262,263,264,265,266,346,348,363,385,395,404,549,554,564,616,623,698,738,894,902 'Pteropus_alecto'
                                                                                                                                                                                                                                                                                                                                                                `--610|         ,--394,402,530,571,634,645,665,695,732,855,889,891,902 'Dasypus_novemcinctus'
                                                                                                                                                                                                                                                                                                                                                                      `--452,851|             ,--265,405,680,733,737,773,815 'Orcinus_orca'
                                                                                                                                                                                                                                                                                                                                                                                `--361,404,677|                                         ,--261,262,263,264,771,894 'Bos_taurus'
                                                                                                                                                                                                                                                                                                                                                                                              `--259,260,453,454,563,602,681,902,939,970--- 'Ovis_aries'
apo 0.00 secs. 
Collapsing trees with TBR 
Selecting tree(s) 2,  
1 trees selected 
Closing tmp.tre (with 2 trees saved)
tsave 0.00 secs. 


    ------------------------------------------------------------
    Group supports are calculated by TBR-swapping the trees
    found, keeping note of the number of steps needed to
    loose each group.  The labels on branches show absolute
    and relative bremer supports (Goloboff & Farris 2001).
    Groups indicated with a question mark (?) are those
    for which the absolute bremer supports appear to be
    10 or more...
    ------------------------------------------------------------ 
Suboptimal 10.000 x 0.000 
Reading from tmp.tre 
'tree(s) from TNT, for data in ../results/protein/tnt_input/530411126.tnt'
2 trees read (trees 1-2) 
tread 0.00 secs. 
Again reading from myscript.run 
 
WARNING: 
Non-binary starting trees will be dichotomized (randomly) 
 
Copied legends: "Bremer supports (from 4304 trees, cut 0)" 
bsupport 0.00 secs. 
Suboptimal 10.000 x 0.900 
 
WARNING: 
Non-binary starting trees will be dichotomized (randomly) 
 
Note: TBR-swapping used to approximate supports 
Copied legends: "Relative bremer supports (from 1739 trees, cut 0)" 
bsupport 0.00 secs. 
 
Bremer supports (from 4304 trees, cut 0)/Relative bremer supports (from 1739 trees, cut 0) 
    ,--/ 'Trichechus_manatus_latirostris
    |                 ,--/ 'Homo_sapiens'
|--/|          ,--2/67---/ 'Condylura_cristata'
    |          |      ,--/ 'Octodon_degus'
    `--10?/100?|      |                 ,--/ 'Tupaia_chinensis'
               |      |                 |          ,--/ 'Sus_scrofa'
               `--6/75|      ,--10?/100?|          |--/ 'Jaculus_jaculus'
                      |      |          `--10?/100?|      ,--/ 'Pan_paniscus'
                      |      |                     `--1/25---/ 'Gorilla_gorilla_gorilla'
                      `--9/82|                 ,--/ 'Chinchilla_lanigera'
                             |          ,--1/33---/ 'Heterocephalus_glaber'
                             |          |      ,--/ 'Cavia_porcellus'
                             `--10?/100?|      |             ,--/ 'Ictidomys_tridecemlineatus'
                                        |      |      ,--2/33|      ,--/ 'Cricetulus_griseus'
                                        `--1/33|      |      `--1/33|      ,--/ 'Rattus_norvegicus'
                                               |      |             `--2/44---/ 'Mus_musculus'
                                               `--2/33|      ,--/ 'Oryctolagus_cuniculus'
                                                      |      |             ,--/ 'Felis_catus'
                                                      |      |             |--/ 'Ailuropoda_melanoleuca'
                                                      `--1/50|      ,--5/70+--/ 'Odobenus_rosmarus_divergens'
                                                             |      |      `--/ 'Mustela_putorius_furo'
                                                             |      |      ,--/ 'Otolemur_garnettii'
                                                             `--3/57|      |             ,--/ 'Saimiri_boliviensis_boliviensi
                                                                    |      |             |             ,--/ 'Papio_anubis'
                                                                    `--1/50|      ,--1/62|      ,--2/88---/ 'Macaca_mulatta'
                                                                           |      |      `--2/67|      ,--/ 'Nomascus_leucogenys'
                                                                           |      |             `--1/71---/ 'Pan_troglodytes'
                                                                           `--1/33|             ,--/ 'Callithrix_jacchus'
                                                                                  |      ,--8/62|          ,--/ 'Ceratotherium_simum_simum'
                                                                                  |      |      `--10?/100?---/ 'Pteropus_alecto'
                                                                                  `--1/33|      ,--/ 'Dasypus_novemcinctus'
                                                                                         `--1/33|      ,--/ 'Orcinus_orca'
                                                                                                `--2/40|      ,--/ 'Bos_taurus'
                                                                                                       `--9/90---/ 'Ovis_aries'
Suboptimal 0.000 x 0.900 
1 trees in memory 
 
WARNING: 
Existing tree-tags will be erased 
 


      ------------------------------------------------------------
      Resampling is done with 100 replications of symmetric
      resampling (see Goloboff et al. 2003), analyzing each data
      set with a single random addition sequence plus TBR
      (collapsing the resulting tree with TBR, see Goloboff &
      Farris, 2001).  The labels on branches show frequency and
      frequency differences (see Goloboff et al. 2003).
      ------------------------------------------------------------ 
Collapsing trees with TBR 
Copied legends: "Group freqs., 100 replicates, cut=50 (tree 0) - Symmetric Resampling (P=33)" 
Copied legends: "GC values, 100 replicates, cut=0 (tree 1) - Symmetric Resampling (P=33)" 
 
0.00 secs. to complete resampling 
1 trees in memory 
Copied legends: "Tree 0. min. branch lengths" 
blength 0.00 secs. 
 
Group freqs., 100 replicates, cut=50 (tree 0) - Symmetric Resampling (P=33)/GC values, 100 replicates, cut=0 (tree 1) - Symmetric Resampling (P=33)/Tree 0. min. branch lengths 
     ,--//0 'Trichechus_manatus_latirostris
     |                      ,--//11 'Homo_sapiens'
|--//|           ,--33/[1]/3---//12 'Condylura_cristata'
     |           |           ,--//6 'Octodon_degus'
     `--100/100/0|           |                       ,--//23 'Tupaia_chinensis'
                 |           |                       |            ,--//25 'Sus_scrofa'
                 `--31/[13]/6|         ,--100/100/344|            |--//28 'Jaculus_jaculus'
                             |         |             `--100/100/92|         ,--//1 'Pan_paniscus'
                             |         |                          `--86/86/8---//1 'Gorilla_gorilla_gorilla'
                             `--99/99/9|                      ,--//6 'Chinchilla_lanigera'
                                       |            ,--61/47/3---//5 'Heterocephalus_glaber'
                                       |            |           ,--//11 'Cavia_porcellus'
                                       `--100/100/56|           |                     ,--//3 'Ictidomys_tridecemlineatus'
                                                    |           |           ,--54/49/2|         ,--//2 'Cricetulus_griseus'
                                                    `--14/[45]/1|           |         `--47/33/2|         ,--//2 'Rattus_norvegicus'
                                                                |           |                   `--85/81/3---//3 'Mus_musculus'
                                                                `--16/[43]/2|          ,--//10 'Oryctolagus_cuniculus'
                                                                            |          |                   ,--//2 'Felis_catus'
                                                                            |          |                   |--//2 'Ailuropoda_melanoleuca'
                                                                            `--9/[50]/2|         ,--98/98/6+--//3 'Odobenus_rosmarus_divergens'
                                                                                       |         |         `--//3 'Mustela_putorius_furo'
                                                                                       |         |         ,--//11 'Otolemur_garnettii'
                                                                                       `--30/15/4|         |                    ,--//2 'Saimiri_boliviensis_boliviensi
                                                                                                 |         |                    |                   ,--//0 'Papio_anubis'
                                                                                                 `--25/12/1|          ,--69/66/5|         ,--89/89/2---//4 'Macaca_mulatta'
                                                                                                           |          |         `--86/85/2|         ,--//2 'Nomascus_leucogenys'
                                                                                                           |          |                   `--68/68/1---//5 'Pan_troglodytes'
                                                                                                           `--5/[11]/1|                    ,--//41 'Callithrix_jacchus'
                                                                                                                      |         ,--98/97/13|             ,--//113 'Ceratotherium_simum_simum'
                                                                                                                      |         |          `--100/100/149---//23 'Pteropus_alecto'
                                                                                                                      `--9/[7]/1|        ,--//13 'Dasypus_novemcinctus'
                                                                                                                                `--22/6/2|         ,--//7 'Orcinus_orca'
                                                                                                                                         `--64/51/3|            ,--//6 'Bos_taurus'
                                                                                                                                                   `--100/100/10---//0 'Ovis_aries'
 
WARNING: 
File "myscript.tre" already exists.  It will be overwritten. 
 
Saved trees (Nexus format) to file myscript.tre 
Results saved (as text) to file myscript.out 

