tread
'Tree with tags' 
(0 (3 (1 ((2 (14 33 ))((((23 (24 (12 (16 (((10 ((4 (5 6 ))(7 8 )))(13 19 ))(11 31 ))))))(20 (18 (25 30 ))))(26 29 ))(17 (28 (((9 15 )(21 22 ))(27 32 ))))))))); 
ttag !; 
ttag +35 -1.0,473,8,-1.0,8,1,5,8,39,; 
ttag +37 -3.0,-1.0,-25.0,-21.0,-61.0,-583.0,-13.0,581,186,; 
ttag +38 0,7,0,0,1,3,12,1,0,; 
ttag +39 2,13,1,3,-4.0,8,15,-33.0,40,; 
ttag +40 2,13,1,3,-4.0,8,15,-33.0,40,; 
ttag +41 -2.0,6,2,3,5,-3.0,-1.0,7,1,; 
ttag +42 -21.0,5,5,16,12,1,-8.0,10,-2.0,; 
ttag +43 -16.0,10,7,20,40,7,2,-27.0,-5.0,; 
ttag +44 -3.0,-1.0,-25.0,-21.0,-61.0,-583.0,-13.0,581,186,; 
ttag +45 -16.0,10,7,20,40,7,2,-27.0,-5.0,; 
ttag +46 -16.0,10,7,20,40,7,2,-27.0,-5.0,; 
ttag +47 3,1,-1.0,-6.0,-4.0,-2.0,-1.0,2,17,; 
ttag +48 -16.0,10,7,20,40,7,2,-27.0,-5.0,; 
ttag +49 1,3,0,13,4,0,-3.0,2,0,; 
ttag +50 0,3,10,2,14,2,7,-31.0,39,; 
ttag +51 -3.0,-1.0,-25.0,-21.0,-61.0,-583.0,-13.0,581,186,; 
ttag +52 12,27,31,42,120,7,90,68,-334.0,; 
ttag +53 273,6,-15.0,18,-89.0,1,-14.0,-49.0,5,; 
ttag +54 0,13,3,-4.0,-1.0,0,3,2,0,; 
ttag +55 265,0,-37.0,11,-131.0,-6.0,-10.0,-69.0,0,; 
ttag +56 6,10,12.5,1,4.5,4,3.5,-13.5,3,; 
ttag +57 2,1,0,3,-5.0,3,-1.0,1,1,; 
ttag +58 -4.0,2,1,0,4,2,0,5,2,; 
ttag +59 30,4,14,-1.0,24,-909.0,160,571,176,; 
ttag +60 27,1,5,6,16,2,8,15,-16.0,; 
ttag +61 4,3,8,9,18,-2.0,7,6,0,; 
ttag +62 13,6,3,11,24,5,13,14,1,; 
ttag +63 261,-1.0,-38.0,11,-131.0,-7.0,-12.0,-62.0,0,; 
ttag +64 3,1,-1.0,-6.0,-4.0,-2.0,-1.0,2,17,; 
ttag +65 4,1,0,9,17,1,-1.0,12,2,; 
ttag +66 263,6,-28.0,16,-112.0,-8.0,-7.0,-56.0,19,; 
proc/;
