tread
'Tree with tags' 
(0 ((((1 11 )((21 (3 (4 (5 (((2 32 )(29 ((12 13 )(19 (15 20 )))))(22 26 ))))))(7 (10 (8 9 )))))((14 (6 23 ))(17 (16 18 ))))(25 (((24 33 )(27 28 ))(30 31 ))))); 
ttag !; 
ttag +35 4,1,0,9,17,1,-1.0,12,2,; 
ttag +36 1,3,0,13,4,0,-3.0,2,0,; 
ttag +37 2,1,0,3,-5.0,3,-1.0,1,1,; 
ttag +39 30,4,14,-1.0,24,-909.0,160,571,176,; 
ttag +40 -21.0,5,5,16,12,1,-8.0,10,-2.0,; 
ttag +41 -16.0,10,7,20,40,7,2,-27.0,-5.0,; 
ttag +42 -3.0,-1.0,-25.0,-21.0,-61.0,-583.0,-13.0,581,186,; 
ttag +43 -16.0,10,7,20,40,7,2,-27.0,-5.0,; 
ttag +44 -16.0,10,7,20,40,7,2,-27.0,-5.0,; 
ttag +45 3,1,-1.0,-6.0,-4.0,-2.0,-1.0,2,17,; 
ttag +46 2,3,2,5,7,-1.0,6,9,1,; 
ttag +47 27,1,5,6,16,2,8,15,-16.0,; 
ttag +48 -3.0,-1.0,-25.0,-21.0,-61.0,-583.0,-13.0,581,186,; 
ttag +49 0,3,10,2,14,2,7,-31.0,39,; 
ttag +50 13,6,3,11,24,5,13,14,1,; 
ttag +51 3,1,-1.0,-6.0,-4.0,-2.0,-1.0,2,17,; 
ttag +52 4,3,8,9,18,-2.0,7,6,0,; 
ttag +53 12,27,31,42,120,7,90,68,-334.0,; 
ttag +54 2,13,1,3,-4.0,8,15,-33.0,40,; 
ttag +55 -2.0,6,2,3,5,-3.0,-1.0,7,1,; 
ttag +56 -3.0,-1.0,-25.0,-21.0,-61.0,-583.0,-13.0,581,186,; 
ttag +57 2,13,1,3,-4.0,8,15,-33.0,40,; 
ttag +58 0,548,0,0,2,0,12,0,-18.0,; 
ttag +59 0,7,0,0,1,3,12,1,0,; 
ttag +60 -4.0,2,1,0,4,2,0,5,2,; 
ttag +61 261,-1.0,-38.0,11,-131.0,-7.0,-12.0,-62.0,0,; 
ttag +62 0,13,3,-4.0,-1.0,0,3,2,0,; 
ttag +63 265,0,-37.0,11,-131.0,-6.0,-10.0,-69.0,0,; 
ttag +64 6,10,12.5,1,4.5,4,3.5,-13.5,3,; 
ttag +65 273,6,-15.0,18,-89.0,1,-14.0,-49.0,5,; 
ttag +66 263,6,-28.0,16,-112.0,-8.0,-7.0,-56.0,19,; 
proc/;
